<?xml version="1.0" encoding="utf-8"?>
<testsuites>
<testsuite package="org.eslint" time="0" tests="1" errors="0" name="/Users/Amit/cocycles/bit/bit/e2e/bitsrc-tester.js">
<testcase time="0" name="/Users/Amit/cocycles/bit/bit/e2e/bitsrc-tester.js" />
</testsuite>
<testsuite package="org.eslint" time="0" tests="1" errors="0" name="/Users/Amit/cocycles/bit/bit/e2e/commands/add.e2e.js">
<testcase time="0" name="/Users/Amit/cocycles/bit/bit/e2e/commands/add.e2e.js" />
</testsuite>
<testsuite package="org.eslint" time="0" tests="1" errors="0" name="/Users/Amit/cocycles/bit/bit/e2e/commands/build.e2e.js">
<testcase time="0" name="/Users/Amit/cocycles/bit/bit/e2e/commands/build.e2e.js" />
</testsuite>
<testsuite package="org.eslint" time="0" tests="1" errors="0" name="/Users/Amit/cocycles/bit/bit/e2e/commands/ci-update.e2e.js">
<testcase time="0" name="/Users/Amit/cocycles/bit/bit/e2e/commands/ci-update.e2e.js" />
</testsuite>
<testsuite package="org.eslint" time="0" tests="1" errors="0" name="/Users/Amit/cocycles/bit/bit/e2e/commands/commit.e2e.js">
<testcase time="0" name="/Users/Amit/cocycles/bit/bit/e2e/commands/commit.e2e.js" />
</testsuite>
<testsuite package="org.eslint" time="0" tests="1" errors="0" name="/Users/Amit/cocycles/bit/bit/e2e/commands/config.e2e.js">
<testcase time="0" name="/Users/Amit/cocycles/bit/bit/e2e/commands/config.e2e.js" />
</testsuite>
<testsuite package="org.eslint" time="0" tests="1" errors="0" name="/Users/Amit/cocycles/bit/bit/e2e/commands/deprecate.e2e.js">
<testcase time="0" name="/Users/Amit/cocycles/bit/bit/e2e/commands/deprecate.e2e.js" />
</testsuite>
<testsuite package="org.eslint" time="0" tests="1" errors="0" name="/Users/Amit/cocycles/bit/bit/e2e/commands/export.e2e.js">
<testcase time="0" name="/Users/Amit/cocycles/bit/bit/e2e/commands/export.e2e.js" />
</testsuite>
<testsuite package="org.eslint" time="0" tests="1" errors="0" name="/Users/Amit/cocycles/bit/bit/e2e/commands/import-all.e2e.js">
<testcase time="0" name="/Users/Amit/cocycles/bit/bit/e2e/commands/import-all.e2e.js" />
</testsuite>
<testsuite package="org.eslint" time="0" tests="1" errors="0" name="/Users/Amit/cocycles/bit/bit/e2e/commands/import.e2e.js">
<testcase time="0" name="/Users/Amit/cocycles/bit/bit/e2e/commands/import.e2e.js" />
</testsuite>
<testsuite package="org.eslint" time="0" tests="1" errors="0" name="/Users/Amit/cocycles/bit/bit/e2e/commands/install.e2e.js">
<testcase time="0" name="/Users/Amit/cocycles/bit/bit/e2e/commands/install.e2e.js" />
</testsuite>
<testsuite package="org.eslint" time="0" tests="1" errors="0" name="/Users/Amit/cocycles/bit/bit/e2e/commands/isolate.e2e.js">
<testcase time="0" name="/Users/Amit/cocycles/bit/bit/e2e/commands/isolate.e2e.js" />
</testsuite>
<testsuite package="org.eslint" time="0" tests="1" errors="0" name="/Users/Amit/cocycles/bit/bit/e2e/commands/link.e2e.js">
<testcase time="0" name="/Users/Amit/cocycles/bit/bit/e2e/commands/link.e2e.js" />
</testsuite>
<testsuite package="org.eslint" time="0" tests="1" errors="0" name="/Users/Amit/cocycles/bit/bit/e2e/commands/list.e2e.js">
<testcase time="0" name="/Users/Amit/cocycles/bit/bit/e2e/commands/list.e2e.js" />
</testsuite>
<testsuite package="org.eslint" time="0" tests="1" errors="0" name="/Users/Amit/cocycles/bit/bit/e2e/commands/move.e2e.js">
<testcase time="0" name="/Users/Amit/cocycles/bit/bit/e2e/commands/move.e2e.js" />
</testsuite>
<testsuite package="org.eslint" time="0" tests="1" errors="0" name="/Users/Amit/cocycles/bit/bit/e2e/commands/remove.e2e.js">
<testcase time="0" name="/Users/Amit/cocycles/bit/bit/e2e/commands/remove.e2e.js" />
</testsuite>
<testsuite package="org.eslint" time="0" tests="1" errors="0" name="/Users/Amit/cocycles/bit/bit/e2e/commands/reset.e2e.js">
<testcase time="0" name="/Users/Amit/cocycles/bit/bit/e2e/commands/reset.e2e.js" />
</testsuite>
<testsuite package="org.eslint" time="0" tests="1" errors="0" name="/Users/Amit/cocycles/bit/bit/e2e/commands/search.e2e.js">
<testcase time="0" name="/Users/Amit/cocycles/bit/bit/e2e/commands/search.e2e.js" />
</testsuite>
<testsuite package="org.eslint" time="0" tests="1" errors="0" name="/Users/Amit/cocycles/bit/bit/e2e/commands/status.e2e.js">
<testcase time="0" name="/Users/Amit/cocycles/bit/bit/e2e/commands/status.e2e.js" />
</testsuite>
<testsuite package="org.eslint" time="0" tests="1" errors="0" name="/Users/Amit/cocycles/bit/bit/e2e/commands/test.e2e.js">
<testcase time="0" name="/Users/Amit/cocycles/bit/bit/e2e/commands/test.e2e.js" />
</testsuite>
<testsuite package="org.eslint" time="0" tests="1" errors="0" name="/Users/Amit/cocycles/bit/bit/e2e/commands/untag.e2e.js">
<testcase time="0" name="/Users/Amit/cocycles/bit/bit/e2e/commands/untag.e2e.js" />
</testsuite>
<testsuite package="org.eslint" time="0" tests="1" errors="0" name="/Users/Amit/cocycles/bit/bit/e2e/commands/untrack.e2e.js">
<testcase time="0" name="/Users/Amit/cocycles/bit/bit/e2e/commands/untrack.e2e.js" />
</testsuite>
<testsuite package="org.eslint" time="0" tests="1" errors="0" name="/Users/Amit/cocycles/bit/bit/e2e/commands/use.e2e.js">
<testcase time="0" name="/Users/Amit/cocycles/bit/bit/e2e/commands/use.e2e.js" />
</testsuite>
<testsuite package="org.eslint" time="0" tests="1" errors="0" name="/Users/Amit/cocycles/bit/bit/e2e/flows/auto-tagging.e2e.js">
<testcase time="0" name="/Users/Amit/cocycles/bit/bit/e2e/flows/auto-tagging.e2e.js" />
</testsuite>
<testsuite package="org.eslint" time="0" tests="1" errors="0" name="/Users/Amit/cocycles/bit/bit/e2e/flows/benchmark.e2e.js">
<testcase time="0" name="/Users/Amit/cocycles/bit/bit/e2e/flows/benchmark.e2e.js" />
</testsuite>
<testsuite package="org.eslint" time="0" tests="1" errors="0" name="/Users/Amit/cocycles/bit/bit/e2e/flows/delete-files.e2e.js">
<testcase time="0" name="/Users/Amit/cocycles/bit/bit/e2e/flows/delete-files.e2e.js" />
</testsuite>
<testsuite package="org.eslint" time="0" tests="1" errors="0" name="/Users/Amit/cocycles/bit/bit/e2e/flows/dev-dependencies.e2e.js">
<testcase time="0" name="/Users/Amit/cocycles/bit/bit/e2e/flows/dev-dependencies.e2e.js" />
</testsuite>
<testsuite package="org.eslint" time="0" tests="1" errors="0" name="/Users/Amit/cocycles/bit/bit/e2e/flows/dist-outside-components.e2e.js">
<testcase time="0" name="/Users/Amit/cocycles/bit/bit/e2e/flows/dist-outside-components.e2e.js" />
</testsuite>
<testsuite package="org.eslint" time="0" tests="1" errors="0" name="/Users/Amit/cocycles/bit/bit/e2e/flows/es6-link-files.e2e.js">
<testcase time="0" name="/Users/Amit/cocycles/bit/bit/e2e/flows/es6-link-files.e2e.js" />
</testsuite>
<testsuite package="org.eslint" time="0" tests="1" errors="0" name="/Users/Amit/cocycles/bit/bit/e2e/flows/export-eject.e2e.js">
<testcase time="0" name="/Users/Amit/cocycles/bit/bit/e2e/flows/export-eject.e2e.js" />
</testsuite>
<testsuite package="org.eslint" time="0" tests="1" errors="0" name="/Users/Amit/cocycles/bit/bit/e2e/flows/import-from-bit-hub.e2e.js">
<testcase time="0" name="/Users/Amit/cocycles/bit/bit/e2e/flows/import-from-bit-hub.e2e.js" />
</testsuite>
<testsuite package="org.eslint" time="0" tests="1" errors="0" name="/Users/Amit/cocycles/bit/bit/e2e/flows/long-dependencies-chain.e2e.js">
<testcase time="0" name="/Users/Amit/cocycles/bit/bit/e2e/flows/long-dependencies-chain.e2e.js" />
</testsuite>
<testsuite package="org.eslint" time="0" tests="1" errors="0" name="/Users/Amit/cocycles/bit/bit/e2e/flows/merge.e2e.js">
<testcase time="0" name="/Users/Amit/cocycles/bit/bit/e2e/flows/merge.e2e.js" />
</testsuite>
<testsuite package="org.eslint" time="0" tests="1" errors="0" name="/Users/Amit/cocycles/bit/bit/e2e/flows/pad-left-and-is-string.e2e.js">
<testcase time="0" name="/Users/Amit/cocycles/bit/bit/e2e/flows/pad-left-and-is-string.e2e.js" />
</testsuite>
<testsuite package="org.eslint" time="0" tests="1" errors="0" name="/Users/Amit/cocycles/bit/bit/e2e/flows/peer-dependencies.e2e.js">
<testcase time="0" name="/Users/Amit/cocycles/bit/bit/e2e/flows/peer-dependencies.e2e.js" />
</testsuite>
<testsuite package="org.eslint" time="0" tests="1" errors="0" name="/Users/Amit/cocycles/bit/bit/e2e/flows/reduce-path.e2e.js">
<testcase time="0" name="/Users/Amit/cocycles/bit/bit/e2e/flows/reduce-path.e2e.js" />
</testsuite>
<testsuite package="org.eslint" time="0" tests="1" errors="0" name="/Users/Amit/cocycles/bit/bit/e2e/flows/sort-components-output.e2e.js">
<testcase time="0" name="/Users/Amit/cocycles/bit/bit/e2e/flows/sort-components-output.e2e.js" />
</testsuite>
<testsuite package="org.eslint" time="0" tests="1" errors="0" name="/Users/Amit/cocycles/bit/bit/e2e/flows/track-directories.e2e.js">
<testcase time="0" name="/Users/Amit/cocycles/bit/bit/e2e/flows/track-directories.e2e.js" />
</testsuite>
<testsuite package="org.eslint" time="0" tests="1" errors="0" name="/Users/Amit/cocycles/bit/bit/e2e/flows/typescript-link-files.e2e.js">
<testcase time="0" name="/Users/Amit/cocycles/bit/bit/e2e/flows/typescript-link-files.e2e.js" />
</testsuite>
<testsuite package="org.eslint" time="0" tests="1" errors="0" name="/Users/Amit/cocycles/bit/bit/e2e/flows/vue.e2e.js">
<testcase time="0" name="/Users/Amit/cocycles/bit/bit/e2e/flows/vue.e2e.js" />
</testsuite>
<testsuite package="org.eslint" time="0" tests="1" errors="0" name="/Users/Amit/cocycles/bit/bit/e2e/hooks/javascript-hooks.e2e.js">
<testcase time="0" name="/Users/Amit/cocycles/bit/bit/e2e/hooks/javascript-hooks.e2e.js" />
</testsuite>
<testsuite package="org.eslint" time="0" tests="1" errors="0" name="/Users/Amit/cocycles/bit/bit/e2e/typescript/typescript.e2e.js">
<testcase time="0" name="/Users/Amit/cocycles/bit/bit/e2e/typescript/typescript.e2e.js" />
</testsuite>
<testsuite package="org.eslint" time="0" tests="1" errors="0" name="/Users/Amit/cocycles/bit/bit/specs/api/consumer/lib/export.spec.js">
<testcase time="0" name="/Users/Amit/cocycles/bit/bit/specs/api/consumer/lib/export.spec.js" />
</testsuite>
<testsuite package="org.eslint" time="0" tests="1" errors="0" name="/Users/Amit/cocycles/bit/bit/specs/api/consumer/lib/get-scope-bit.spec.js">
<testcase time="0" name="/Users/Amit/cocycles/bit/bit/specs/api/consumer/lib/get-scope-bit.spec.js" />
</testsuite>
<testsuite package="org.eslint" time="0" tests="1" errors="0" name="/Users/Amit/cocycles/bit/bit/specs/api/consumer/lib/list-scope.spec.js">
<testcase time="0" name="/Users/Amit/cocycles/bit/bit/specs/api/consumer/lib/list-scope.spec.js" />
</testsuite>
<testsuite package="org.eslint" time="0" tests="1" errors="0" name="/Users/Amit/cocycles/bit/bit/specs/bitId/bitId.spec.js">
<testcase time="0" name="/Users/Amit/cocycles/bit/bit/specs/bitId/bitId.spec.js" />
</testsuite>
<testsuite package="org.eslint" time="0" tests="1" errors="0" name="/Users/Amit/cocycles/bit/bit/specs/consumer/component/consumer-component.spec.js">
<testcase time="0" name="/Users/Amit/cocycles/bit/bit/specs/consumer/component/consumer-component.spec.js" />
</testsuite>
<testsuite package="org.eslint" time="0" tests="1" errors="0" name="/Users/Amit/cocycles/bit/bit/specs/consumer/consumer.spec.js">
<testcase time="0" name="/Users/Amit/cocycles/bit/bit/specs/consumer/consumer.spec.js" />
</testsuite>
<testsuite package="org.eslint" time="0" tests="1" errors="0" name="/Users/Amit/cocycles/bit/bit/specs/environment/environment.spec.js">
<testcase time="0" name="/Users/Amit/cocycles/bit/bit/specs/environment/environment.spec.js" />
</testsuite>
<testsuite package="org.eslint" time="0" tests="1" errors="0" name="/Users/Amit/cocycles/bit/bit/specs/index.spec.js">
<testcase time="0" name="/Users/Amit/cocycles/bit/bit/specs/index.spec.js" />
</testsuite>
<testsuite package="org.eslint" time="0" tests="1" errors="0" name="/Users/Amit/cocycles/bit/bit/specs/jsdoc/parser.spec.js">
<testcase time="0" name="/Users/Amit/cocycles/bit/bit/specs/jsdoc/parser.spec.js" />
</testsuite>
<testsuite package="org.eslint" time="0" tests="1" errors="0" name="/Users/Amit/cocycles/bit/bit/specs/migration/migration-helper.spec.js">
<testcase time="0" name="/Users/Amit/cocycles/bit/bit/specs/migration/migration-helper.spec.js" />
</testsuite>
<testsuite package="org.eslint" time="0" tests="1" errors="0" name="/Users/Amit/cocycles/bit/bit/specs/npm-client/npm-client.spec.js">
<testcase time="0" name="/Users/Amit/cocycles/bit/bit/specs/npm-client/npm-client.spec.js" />
</testsuite>
<testsuite package="org.eslint" time="0" tests="1" errors="0" name="/Users/Amit/cocycles/bit/bit/specs/scope/migrations/manifests/simple-manifest.js">
<testcase time="0" name="/Users/Amit/cocycles/bit/bit/specs/scope/migrations/manifests/simple-manifest.js" />
</testsuite>
<testsuite package="org.eslint" time="0" tests="1" errors="0" name="/Users/Amit/cocycles/bit/bit/specs/search/indexer.spec.js">
<testcase time="0" name="/Users/Amit/cocycles/bit/bit/specs/search/indexer.spec.js" />
</testsuite>
<testsuite package="org.eslint" time="0" tests="1" errors="0" name="/Users/Amit/cocycles/bit/bit/specs/search/query-builder.spec.js">
<testcase time="0" name="/Users/Amit/cocycles/bit/bit/specs/search/query-builder.spec.js" />
</testsuite>
<testsuite package="org.eslint" time="0" tests="1" errors="0" name="/Users/Amit/cocycles/bit/bit/specs/search/serverless-index.spec.js">
<testcase time="0" name="/Users/Amit/cocycles/bit/bit/specs/search/serverless-index.spec.js" />
</testsuite>
<testsuite package="org.eslint" time="0" tests="1" errors="0" name="/Users/Amit/cocycles/bit/bit/specs/specs-runner/worker.spec.js">
<testcase time="0" name="/Users/Amit/cocycles/bit/bit/specs/specs-runner/worker.spec.js" />
</testsuite>
<testsuite package="org.eslint" time="0" tests="1" errors="0" name="/Users/Amit/cocycles/bit/bit/specs/version/version-parser.spec.js">
<testcase time="0" name="/Users/Amit/cocycles/bit/bit/specs/version/version-parser.spec.js" />
</testsuite>
<testsuite package="org.eslint" time="0" tests="1" errors="0" name="/Users/Amit/cocycles/bit/bit/specs/version/version.spec.js">
<testcase time="0" name="/Users/Amit/cocycles/bit/bit/specs/version/version.spec.js" />
</testsuite>
<testsuite package="org.eslint" time="0" tests="1" errors="1" name="/Users/Amit/cocycles/bit/bit/src/analytics/analytics.js">
<testcase time="0" name="org.eslint.flowtype-errors/show-errors"><failure message="Flow returned an error: Server threw an exception: ExactCover.Uncovered(&quot;\&quot;/Users/Amit/cocycles/bit/bit/src/api/consumer/lib/global-config.js\&quot;: (48, 38) to (48, 39)&quot;)&#10;Raised at file &quot;map.ml&quot;, line 130, characters 10-25&#10;Called from file &quot;src/common/lints/exactCover.ml&quot;, line 168, characters 6-42 (code: 110)"><![CDATA[line 1, col 1, Error - Flow returned an error: Server threw an exception: ExactCover.Uncovered(&quot;\&quot;/Users/Amit/cocycles/bit/bit/src/api/consumer/lib/global-config.js\&quot;: (48, 38) to (48, 39)&quot;)&#10;Raised at file &quot;map.ml&quot;, line 130, characters 10-25&#10;Called from file &quot;src/common/lints/exactCover.ml&quot;, line 168, characters 6-42 (code: 110) (flowtype-errors/show-errors)]]></failure></testcase>
</testsuite>
<testsuite package="org.eslint" time="0" tests="1" errors="0" name="/Users/Amit/cocycles/bit/bit/src/api.js">
<testcase time="0" name="/Users/Amit/cocycles/bit/bit/src/api.js" />
</testsuite>
<testsuite package="org.eslint" time="0" tests="1" errors="0" name="/Users/Amit/cocycles/bit/bit/src/api/consumer/index.js">
<testcase time="0" name="/Users/Amit/cocycles/bit/bit/src/api/consumer/index.js" />
</testsuite>
<testsuite package="org.eslint" time="0" tests="1" errors="0" name="/Users/Amit/cocycles/bit/bit/src/api/consumer/lib/add.js">
<testcase time="0" name="/Users/Amit/cocycles/bit/bit/src/api/consumer/lib/add.js" />
</testsuite>
<testsuite package="org.eslint" time="0" tests="1" errors="0" name="/Users/Amit/cocycles/bit/bit/src/api/consumer/lib/build.js">
<testcase time="0" name="/Users/Amit/cocycles/bit/bit/src/api/consumer/lib/build.js" />
</testsuite>
<testsuite package="org.eslint" time="0" tests="1" errors="0" name="/Users/Amit/cocycles/bit/bit/src/api/consumer/lib/deprecate.js">
<testcase time="0" name="/Users/Amit/cocycles/bit/bit/src/api/consumer/lib/deprecate.js" />
</testsuite>
<testsuite package="org.eslint" time="0" tests="1" errors="0" name="/Users/Amit/cocycles/bit/bit/src/api/consumer/lib/exceptions/id-exported-already.js">
<testcase time="0" name="/Users/Amit/cocycles/bit/bit/src/api/consumer/lib/exceptions/id-exported-already.js" />
</testsuite>
<testsuite package="org.eslint" time="0" tests="1" errors="0" name="/Users/Amit/cocycles/bit/bit/src/api/consumer/lib/exceptions/invalid-version.js">
<testcase time="0" name="/Users/Amit/cocycles/bit/bit/src/api/consumer/lib/exceptions/invalid-version.js" />
</testsuite>
<testsuite package="org.eslint" time="0" tests="1" errors="0" name="/Users/Amit/cocycles/bit/bit/src/api/consumer/lib/exceptions/nothing-to-compare-to.js">
<testcase time="0" name="/Users/Amit/cocycles/bit/bit/src/api/consumer/lib/exceptions/nothing-to-compare-to.js" />
</testsuite>
<testsuite package="org.eslint" time="0" tests="1" errors="0" name="/Users/Amit/cocycles/bit/bit/src/api/consumer/lib/export.js">
<testcase time="0" name="/Users/Amit/cocycles/bit/bit/src/api/consumer/lib/export.js" />
</testsuite>
<testsuite package="org.eslint" time="0" tests="1" errors="0" name="/Users/Amit/cocycles/bit/bit/src/api/consumer/lib/get-component-logs.js">
<testcase time="0" name="/Users/Amit/cocycles/bit/bit/src/api/consumer/lib/get-component-logs.js" />
</testsuite>
<testsuite package="org.eslint" time="0" tests="1" errors="0" name="/Users/Amit/cocycles/bit/bit/src/api/consumer/lib/get-consumer-component.js">
<testcase time="0" name="/Users/Amit/cocycles/bit/bit/src/api/consumer/lib/get-consumer-component.js" />
</testsuite>
<testsuite package="org.eslint" time="0" tests="1" errors="0" name="/Users/Amit/cocycles/bit/bit/src/api/consumer/lib/get-driver.js">
<testcase time="0" name="/Users/Amit/cocycles/bit/bit/src/api/consumer/lib/get-driver.js" />
</testsuite>
<testsuite package="org.eslint" time="0" tests="1" errors="0" name="/Users/Amit/cocycles/bit/bit/src/api/consumer/lib/get-scope-component.js">
<testcase time="0" name="/Users/Amit/cocycles/bit/bit/src/api/consumer/lib/get-scope-component.js" />
</testsuite>
<testsuite package="org.eslint" time="0" tests="1" errors="0" name="/Users/Amit/cocycles/bit/bit/src/api/consumer/lib/init.js">
<testcase time="0" name="/Users/Amit/cocycles/bit/bit/src/api/consumer/lib/init.js" />
</testsuite>
<testsuite package="org.eslint" time="0" tests="1" errors="0" name="/Users/Amit/cocycles/bit/bit/src/api/consumer/lib/install.js">
<testcase time="0" name="/Users/Amit/cocycles/bit/bit/src/api/consumer/lib/install.js" />
</testsuite>
<testsuite package="org.eslint" time="0" tests="1" errors="0" name="/Users/Amit/cocycles/bit/bit/src/api/consumer/lib/link.js">
<testcase time="0" name="/Users/Amit/cocycles/bit/bit/src/api/consumer/lib/link.js" />
</testsuite>
<testsuite package="org.eslint" time="0" tests="1" errors="0" name="/Users/Amit/cocycles/bit/bit/src/api/consumer/lib/list-scope.js">
<testcase time="0" name="/Users/Amit/cocycles/bit/bit/src/api/consumer/lib/list-scope.js" />
</testsuite>
<testsuite package="org.eslint" time="0" tests="1" errors="0" name="/Users/Amit/cocycles/bit/bit/src/api/consumer/lib/move.js">
<testcase time="0" name="/Users/Amit/cocycles/bit/bit/src/api/consumer/lib/move.js" />
</testsuite>
<testsuite package="org.eslint" time="0" tests="1" errors="0" name="/Users/Amit/cocycles/bit/bit/src/api/consumer/lib/remote.js">
<testcase time="0" name="/Users/Amit/cocycles/bit/bit/src/api/consumer/lib/remote.js" />
</testsuite>
<testsuite package="org.eslint" time="0" tests="1" errors="0" name="/Users/Amit/cocycles/bit/bit/src/api/consumer/lib/remove.js">
<testcase time="0" name="/Users/Amit/cocycles/bit/bit/src/api/consumer/lib/remove.js" />
</testsuite>
<testsuite package="org.eslint" time="0" tests="1" errors="0" name="/Users/Amit/cocycles/bit/bit/src/api/consumer/lib/status.js">
<testcase time="0" name="/Users/Amit/cocycles/bit/bit/src/api/consumer/lib/status.js" />
</testsuite>
<testsuite package="org.eslint" time="0" tests="1" errors="0" name="/Users/Amit/cocycles/bit/bit/src/api/consumer/lib/test.js">
<testcase time="0" name="/Users/Amit/cocycles/bit/bit/src/api/consumer/lib/test.js" />
</testsuite>
<testsuite package="org.eslint" time="0" tests="1" errors="0" name="/Users/Amit/cocycles/bit/bit/src/api/consumer/lib/untag.js">
<testcase time="0" name="/Users/Amit/cocycles/bit/bit/src/api/consumer/lib/untag.js" />
</testsuite>
<testsuite package="org.eslint" time="0" tests="1" errors="0" name="/Users/Amit/cocycles/bit/bit/src/api/consumer/lib/use.js">
<testcase time="0" name="/Users/Amit/cocycles/bit/bit/src/api/consumer/lib/use.js" />
</testsuite>
<testsuite package="org.eslint" time="0" tests="1" errors="0" name="/Users/Amit/cocycles/bit/bit/src/api/consumer/lib/watch.js">
<testcase time="0" name="/Users/Amit/cocycles/bit/bit/src/api/consumer/lib/watch.js" />
</testsuite>
<testsuite package="org.eslint" time="0" tests="1" errors="0" name="/Users/Amit/cocycles/bit/bit/src/api/scope/index.js">
<testcase time="0" name="/Users/Amit/cocycles/bit/bit/src/api/scope/index.js" />
</testsuite>
<testsuite package="org.eslint" time="0" tests="1" errors="0" name="/Users/Amit/cocycles/bit/bit/src/api/scope/lib/build-in-scope.js">
<testcase time="0" name="/Users/Amit/cocycles/bit/bit/src/api/scope/lib/build-in-scope.js" />
</testsuite>
<testsuite package="org.eslint" time="0" tests="1" errors="0" name="/Users/Amit/cocycles/bit/bit/src/api/scope/lib/cat-component.js">
<testcase time="0" name="/Users/Amit/cocycles/bit/bit/src/api/scope/lib/cat-component.js" />
</testsuite>
<testsuite package="org.eslint" time="0" tests="1" errors="0" name="/Users/Amit/cocycles/bit/bit/src/api/scope/lib/cat-object.js">
<testcase time="0" name="/Users/Amit/cocycles/bit/bit/src/api/scope/lib/cat-object.js" />
</testsuite>
<testsuite package="org.eslint" time="0" tests="1" errors="0" name="/Users/Amit/cocycles/bit/bit/src/api/scope/lib/cat-scope.js">
<testcase time="0" name="/Users/Amit/cocycles/bit/bit/src/api/scope/lib/cat-scope.js" />
</testsuite>
<testsuite package="org.eslint" time="0" tests="1" errors="0" name="/Users/Amit/cocycles/bit/bit/src/api/scope/lib/ci-update-action.js">
<testcase time="0" name="/Users/Amit/cocycles/bit/bit/src/api/scope/lib/ci-update-action.js" />
</testsuite>
<testsuite package="org.eslint" time="0" tests="1" errors="0" name="/Users/Amit/cocycles/bit/bit/src/api/scope/lib/delete.js">
<testcase time="0" name="/Users/Amit/cocycles/bit/bit/src/api/scope/lib/delete.js" />
</testsuite>
<testsuite package="org.eslint" time="0" tests="1" errors="0" name="/Users/Amit/cocycles/bit/bit/src/api/scope/lib/describe-scope.js">
<testcase time="0" name="/Users/Amit/cocycles/bit/bit/src/api/scope/lib/describe-scope.js" />
</testsuite>
<testsuite package="org.eslint" time="0" tests="1" errors="0" name="/Users/Amit/cocycles/bit/bit/src/api/scope/lib/fetch.js">
<testcase time="0" name="/Users/Amit/cocycles/bit/bit/src/api/scope/lib/fetch.js" />
</testsuite>
<testsuite package="org.eslint" time="0" tests="1" errors="0" name="/Users/Amit/cocycles/bit/bit/src/api/scope/lib/latest-versions.js">
<testcase time="0" name="/Users/Amit/cocycles/bit/bit/src/api/scope/lib/latest-versions.js" />
</testsuite>
<testsuite package="org.eslint" time="0" tests="1" errors="0" name="/Users/Amit/cocycles/bit/bit/src/api/scope/lib/refresh-scope.js">
<testcase time="0" name="/Users/Amit/cocycles/bit/bit/src/api/scope/lib/refresh-scope.js" />
</testsuite>
<testsuite package="org.eslint" time="0" tests="1" errors="0" name="/Users/Amit/cocycles/bit/bit/src/api/scope/lib/scope-config.js">
<testcase time="0" name="/Users/Amit/cocycles/bit/bit/src/api/scope/lib/scope-config.js" />
</testsuite>
<testsuite package="org.eslint" time="0" tests="1" errors="0" name="/Users/Amit/cocycles/bit/bit/src/api/scope/lib/scope-init.js">
<testcase time="0" name="/Users/Amit/cocycles/bit/bit/src/api/scope/lib/scope-init.js" />
</testsuite>
<testsuite package="org.eslint" time="0" tests="1" errors="0" name="/Users/Amit/cocycles/bit/bit/src/api/scope/lib/scope-list.js">
<testcase time="0" name="/Users/Amit/cocycles/bit/bit/src/api/scope/lib/scope-list.js" />
</testsuite>
<testsuite package="org.eslint" time="0" tests="1" errors="0" name="/Users/Amit/cocycles/bit/bit/src/api/scope/lib/scope-show.js">
<testcase time="0" name="/Users/Amit/cocycles/bit/bit/src/api/scope/lib/scope-show.js" />
</testsuite>
<testsuite package="org.eslint" time="0" tests="1" errors="0" name="/Users/Amit/cocycles/bit/bit/src/api/scope/lib/test-in-scope.js">
<testcase time="0" name="/Users/Amit/cocycles/bit/bit/src/api/scope/lib/test-in-scope.js" />
</testsuite>
<testsuite package="org.eslint" time="0" tests="1" errors="0" name="/Users/Amit/cocycles/bit/bit/src/app.js">
<testcase time="0" name="/Users/Amit/cocycles/bit/bit/src/app.js" />
</testsuite>
<testsuite package="org.eslint" time="0" tests="1" errors="0" name="/Users/Amit/cocycles/bit/bit/src/bit-id/exceptions/index.js">
<testcase time="0" name="/Users/Amit/cocycles/bit/bit/src/bit-id/exceptions/index.js" />
</testsuite>
<testsuite package="org.eslint" time="0" tests="1" errors="1" name="/Users/Amit/cocycles/bit/bit/src/bit-id/exceptions/invalid-bit-id.js">
<testcase time="0" name="org.eslint.no-useless-constructor"><failure message="Useless constructor."><![CDATA[line 5, col 3, Error - Useless constructor. (no-useless-constructor)]]></failure></testcase>
</testsuite>
<testsuite package="org.eslint" time="0" tests="1" errors="0" name="/Users/Amit/cocycles/bit/bit/src/bit-id/exceptions/invalid-id-chunk.js">
<testcase time="0" name="/Users/Amit/cocycles/bit/bit/src/bit-id/exceptions/invalid-id-chunk.js" />
</testsuite>
<testsuite package="org.eslint" time="0" tests="1" errors="0" name="/Users/Amit/cocycles/bit/bit/src/bit-id/index.js">
<testcase time="0" name="/Users/Amit/cocycles/bit/bit/src/bit-id/index.js" />
</testsuite>
<testsuite package="org.eslint" time="0" tests="1" errors="0" name="/Users/Amit/cocycles/bit/bit/src/cli/commands/exceptions/add-tests-without-id.js">
<testcase time="0" name="/Users/Amit/cocycles/bit/bit/src/cli/commands/exceptions/add-tests-without-id.js" />
</testsuite>
<testsuite package="org.eslint" time="0" tests="1" errors="0" name="/Users/Amit/cocycles/bit/bit/src/cli/commands/exceptions/remote-undefined.js">
<testcase time="0" name="/Users/Amit/cocycles/bit/bit/src/cli/commands/exceptions/remote-undefined.js" />
</testsuite>
<testsuite package="org.eslint" time="0" tests="1" errors="0" name="/Users/Amit/cocycles/bit/bit/src/cli/commands/private-cmds/_latest-cmd.js">
<testcase time="0" name="/Users/Amit/cocycles/bit/bit/src/cli/commands/private-cmds/_latest-cmd.js" />
</testsuite>
<testsuite package="org.eslint" time="0" tests="1" errors="0" name="/Users/Amit/cocycles/bit/bit/src/cli/commands/private-cmds/_list-cmd.js">
<testcase time="0" name="/Users/Amit/cocycles/bit/bit/src/cli/commands/private-cmds/_list-cmd.js" />
</testsuite>
<testsuite package="org.eslint" time="0" tests="1" errors="0" name="/Users/Amit/cocycles/bit/bit/src/cli/commands/private-cmds/_put-cmd.js">
<testcase time="0" name="/Users/Amit/cocycles/bit/bit/src/cli/commands/private-cmds/_put-cmd.js" />
</testsuite>
<testsuite package="org.eslint" time="0" tests="1" errors="0" name="/Users/Amit/cocycles/bit/bit/src/cli/commands/private-cmds/_scope-cmd.js">
<testcase time="0" name="/Users/Amit/cocycles/bit/bit/src/cli/commands/private-cmds/_scope-cmd.js" />
</testsuite>
<testsuite package="org.eslint" time="0" tests="1" errors="0" name="/Users/Amit/cocycles/bit/bit/src/cli/commands/private-cmds/_search-cmd.js">
<testcase time="0" name="/Users/Amit/cocycles/bit/bit/src/cli/commands/private-cmds/_search-cmd.js" />
</testsuite>
<testsuite package="org.eslint" time="0" tests="1" errors="0" name="/Users/Amit/cocycles/bit/bit/src/cli/commands/private-cmds/_show-cmd.js">
<testcase time="0" name="/Users/Amit/cocycles/bit/bit/src/cli/commands/private-cmds/_show-cmd.js" />
</testsuite>
<testsuite package="org.eslint" time="0" tests="1" errors="0" name="/Users/Amit/cocycles/bit/bit/src/cli/commands/private-cmds/cat-component-cmd.js">
<testcase time="0" name="/Users/Amit/cocycles/bit/bit/src/cli/commands/private-cmds/cat-component-cmd.js" />
</testsuite>
<testsuite package="org.eslint" time="0" tests="1" errors="0" name="/Users/Amit/cocycles/bit/bit/src/cli/commands/private-cmds/cat-object-cmd.js">
<testcase time="0" name="/Users/Amit/cocycles/bit/bit/src/cli/commands/private-cmds/cat-object-cmd.js" />
</testsuite>
<testsuite package="org.eslint" time="0" tests="1" errors="0" name="/Users/Amit/cocycles/bit/bit/src/cli/commands/private-cmds/cat-scope-cmd.js">
<testcase time="0" name="/Users/Amit/cocycles/bit/bit/src/cli/commands/private-cmds/cat-scope-cmd.js" />
</testsuite>
<testsuite package="org.eslint" time="0" tests="1" errors="0" name="/Users/Amit/cocycles/bit/bit/src/cli/commands/private-cmds/refresh-scope-cmd.js">
<testcase time="0" name="/Users/Amit/cocycles/bit/bit/src/cli/commands/private-cmds/refresh-scope-cmd.js" />
</testsuite>
<testsuite package="org.eslint" time="0" tests="1" errors="0" name="/Users/Amit/cocycles/bit/bit/src/cli/commands/private-cmds/resolver-cmd.js">
<testcase time="0" name="/Users/Amit/cocycles/bit/bit/src/cli/commands/private-cmds/resolver-cmd.js" />
</testsuite>
<testsuite package="org.eslint" time="0" tests="1" errors="0" name="/Users/Amit/cocycles/bit/bit/src/cli/commands/public-cmds/add-cmd.js">
<testcase time="0" name="/Users/Amit/cocycles/bit/bit/src/cli/commands/public-cmds/add-cmd.js" />
</testsuite>
<testsuite package="org.eslint" time="0" tests="1" errors="0" name="/Users/Amit/cocycles/bit/bit/src/cli/commands/public-cmds/clear-cache-cmd.js">
<testcase time="0" name="/Users/Amit/cocycles/bit/bit/src/cli/commands/public-cmds/clear-cache-cmd.js" />
</testsuite>
<testsuite package="org.eslint" time="0" tests="1" errors="0" name="/Users/Amit/cocycles/bit/bit/src/cli/commands/public-cmds/export-cmd.js">
<testcase time="0" name="/Users/Amit/cocycles/bit/bit/src/cli/commands/public-cmds/export-cmd.js" />
</testsuite>
<testsuite package="org.eslint" time="0" tests="1" errors="0" name="/Users/Amit/cocycles/bit/bit/src/cli/commands/public-cmds/import-cmd.js">
<testcase time="0" name="/Users/Amit/cocycles/bit/bit/src/cli/commands/public-cmds/import-cmd.js" />
</testsuite>
<testsuite package="org.eslint" time="0" tests="1" errors="0" name="/Users/Amit/cocycles/bit/bit/src/cli/commands/public-cmds/install-cmd.js">
<testcase time="0" name="/Users/Amit/cocycles/bit/bit/src/cli/commands/public-cmds/install-cmd.js" />
</testsuite>
<testsuite package="org.eslint" time="0" tests="1" errors="0" name="/Users/Amit/cocycles/bit/bit/src/cli/commands/public-cmds/move-cmd.js">
<testcase time="0" name="/Users/Amit/cocycles/bit/bit/src/cli/commands/public-cmds/move-cmd.js" />
</testsuite>
<testsuite package="org.eslint" time="0" tests="1" errors="0" name="/Users/Amit/cocycles/bit/bit/src/cli/commands/public-cmds/remote-cmd.js">
<testcase time="0" name="/Users/Amit/cocycles/bit/bit/src/cli/commands/public-cmds/remote-cmd.js" />
</testsuite>
<testsuite package="org.eslint" time="0" tests="1" errors="0" name="/Users/Amit/cocycles/bit/bit/src/cli/commands/public-cmds/remove-cmd.js">
<testcase time="0" name="/Users/Amit/cocycles/bit/bit/src/cli/commands/public-cmds/remove-cmd.js" />
</testsuite>
<testsuite package="org.eslint" time="0" tests="1" errors="0" name="/Users/Amit/cocycles/bit/bit/src/cli/commands/public-cmds/reset-cmd.js">
<testcase time="0" name="/Users/Amit/cocycles/bit/bit/src/cli/commands/public-cmds/reset-cmd.js" />
</testsuite>
<testsuite package="org.eslint" time="0" tests="1" errors="0" name="/Users/Amit/cocycles/bit/bit/src/cli/commands/public-cmds/search-cmd.js">
<testcase time="0" name="/Users/Amit/cocycles/bit/bit/src/cli/commands/public-cmds/search-cmd.js" />
</testsuite>
<testsuite package="org.eslint" time="0" tests="1" errors="0" name="/Users/Amit/cocycles/bit/bit/src/cli/commands/public-cmds/show-cmd.js">
<testcase time="0" name="/Users/Amit/cocycles/bit/bit/src/cli/commands/public-cmds/show-cmd.js" />
</testsuite>
<testsuite package="org.eslint" time="0" tests="1" errors="0" name="/Users/Amit/cocycles/bit/bit/src/cli/commands/public-cmds/test-cmd.js">
<testcase time="0" name="/Users/Amit/cocycles/bit/bit/src/cli/commands/public-cmds/test-cmd.js" />
</testsuite>
<testsuite package="org.eslint" time="0" tests="1" errors="0" name="/Users/Amit/cocycles/bit/bit/src/cli/commands/public-cmds/untag-cmd.js">
<testcase time="0" name="/Users/Amit/cocycles/bit/bit/src/cli/commands/public-cmds/untag-cmd.js" />
</testsuite>
<testsuite package="org.eslint" time="0" tests="1" errors="0" name="/Users/Amit/cocycles/bit/bit/src/cli/commands/public-cmds/untrack-cmd.js">
<testcase time="0" name="/Users/Amit/cocycles/bit/bit/src/cli/commands/public-cmds/untrack-cmd.js" />
</testsuite>
<testsuite package="org.eslint" time="0" tests="1" errors="0" name="/Users/Amit/cocycles/bit/bit/src/cli/commands/public-cmds/use-cmd.js">
<testcase time="0" name="/Users/Amit/cocycles/bit/bit/src/cli/commands/public-cmds/use-cmd.js" />
</testsuite>
<testsuite package="org.eslint" time="0" tests="1" errors="0" name="/Users/Amit/cocycles/bit/bit/src/cli/index.js">
<testcase time="0" name="/Users/Amit/cocycles/bit/bit/src/cli/index.js" />
</testsuite>
<testsuite package="org.eslint" time="0" tests="1" errors="0" name="/Users/Amit/cocycles/bit/bit/src/cli/loader/index.js">
<testcase time="0" name="/Users/Amit/cocycles/bit/bit/src/cli/loader/index.js" />
</testsuite>
<testsuite package="org.eslint" time="0" tests="1" errors="0" name="/Users/Amit/cocycles/bit/bit/src/cli/loader/loader-messages.js">
<testcase time="0" name="/Users/Amit/cocycles/bit/bit/src/cli/loader/loader-messages.js" />
</testsuite>
<testsuite package="org.eslint" time="0" tests="1" errors="0" name="/Users/Amit/cocycles/bit/bit/src/cli/loader/loader.js">
<testcase time="0" name="/Users/Amit/cocycles/bit/bit/src/cli/loader/loader.js" />
</testsuite>
<testsuite package="org.eslint" time="0" tests="1" errors="0" name="/Users/Amit/cocycles/bit/bit/src/cli/templates/component-template.js">
<testcase time="0" name="/Users/Amit/cocycles/bit/bit/src/cli/templates/component-template.js" />
</testsuite>
<testsuite package="org.eslint" time="0" tests="1" errors="0" name="/Users/Amit/cocycles/bit/bit/src/cli/templates/help.js">
<testcase time="0" name="/Users/Amit/cocycles/bit/bit/src/cli/templates/help.js" />
</testsuite>
<testsuite package="org.eslint" time="0" tests="1" errors="0" name="/Users/Amit/cocycles/bit/bit/src/cli/templates/link-template.js">
<testcase time="0" name="/Users/Amit/cocycles/bit/bit/src/cli/templates/link-template.js" />
</testsuite>
<testsuite package="org.eslint" time="0" tests="1" errors="0" name="/Users/Amit/cocycles/bit/bit/src/cli/templates/missing-dependencies-template.js">
<testcase time="0" name="/Users/Amit/cocycles/bit/bit/src/cli/templates/missing-dependencies-template.js" />
</testsuite>
<testsuite package="org.eslint" time="0" tests="1" errors="0" name="/Users/Amit/cocycles/bit/bit/src/cli/templates/remove-template.js">
<testcase time="0" name="/Users/Amit/cocycles/bit/bit/src/cli/templates/remove-template.js" />
</testsuite>
<testsuite package="org.eslint" time="0" tests="1" errors="0" name="/Users/Amit/cocycles/bit/bit/src/component-resolver/component-resolver.js">
<testcase time="0" name="/Users/Amit/cocycles/bit/bit/src/component-resolver/component-resolver.js" />
</testsuite>
<testsuite package="org.eslint" time="0" tests="1" errors="0" name="/Users/Amit/cocycles/bit/bit/src/component-resolver/index.js">
<testcase time="0" name="/Users/Amit/cocycles/bit/bit/src/component-resolver/index.js" />
</testsuite>
<testsuite package="org.eslint" time="0" tests="1" errors="0" name="/Users/Amit/cocycles/bit/bit/src/constants.js">
<testcase time="0" name="/Users/Amit/cocycles/bit/bit/src/constants.js" />
</testsuite>
<testsuite package="org.eslint" time="0" tests="1" errors="0" name="/Users/Amit/cocycles/bit/bit/src/consumer/bit-json/abstract-bit-json.js">
<testcase time="0" name="/Users/Amit/cocycles/bit/bit/src/consumer/bit-json/abstract-bit-json.js" />
</testsuite>
<testsuite package="org.eslint" time="0" tests="1" errors="0" name="/Users/Amit/cocycles/bit/bit/src/consumer/bit-json/exceptions/bit-json-already-exists.js">
<testcase time="0" name="/Users/Amit/cocycles/bit/bit/src/consumer/bit-json/exceptions/bit-json-already-exists.js" />
</testsuite>
<testsuite package="org.eslint" time="0" tests="1" errors="0" name="/Users/Amit/cocycles/bit/bit/src/consumer/bit-json/exceptions/bit-json-not-found.js">
<testcase time="0" name="/Users/Amit/cocycles/bit/bit/src/consumer/bit-json/exceptions/bit-json-not-found.js" />
</testsuite>
<testsuite package="org.eslint" time="0" tests="1" errors="0" name="/Users/Amit/cocycles/bit/bit/src/consumer/bit-json/exceptions/index.js">
<testcase time="0" name="/Users/Amit/cocycles/bit/bit/src/consumer/bit-json/exceptions/index.js" />
</testsuite>
<testsuite package="org.eslint" time="0" tests="1" errors="0" name="/Users/Amit/cocycles/bit/bit/src/consumer/bit-json/exceptions/invalid-bit-json.js">
<testcase time="0" name="/Users/Amit/cocycles/bit/bit/src/consumer/bit-json/exceptions/invalid-bit-json.js" />
</testsuite>
<testsuite package="org.eslint" time="0" tests="1" errors="0" name="/Users/Amit/cocycles/bit/bit/src/consumer/bit-json/index.js">
<testcase time="0" name="/Users/Amit/cocycles/bit/bit/src/consumer/bit-json/index.js" />
</testsuite>
<testsuite package="org.eslint" time="0" tests="1" errors="0" name="/Users/Amit/cocycles/bit/bit/src/consumer/bit-map/bit-map.js">
<testcase time="0" name="/Users/Amit/cocycles/bit/bit/src/consumer/bit-map/bit-map.js" />
</testsuite>
<testsuite package="org.eslint" time="0" tests="1" errors="0" name="/Users/Amit/cocycles/bit/bit/src/consumer/bit-map/component-map.js">
<testcase time="0" name="/Users/Amit/cocycles/bit/bit/src/consumer/bit-map/component-map.js" />
</testsuite>
<testsuite package="org.eslint" time="0" tests="1" errors="0" name="/Users/Amit/cocycles/bit/bit/src/consumer/bit-map/exceptions/index.js">
<testcase time="0" name="/Users/Amit/cocycles/bit/bit/src/consumer/bit-map/exceptions/index.js" />
</testsuite>
<testsuite package="org.eslint" time="0" tests="1" errors="0" name="/Users/Amit/cocycles/bit/bit/src/consumer/bit-map/exceptions/invalid-bit-map.js">
<testcase time="0" name="/Users/Amit/cocycles/bit/bit/src/consumer/bit-map/exceptions/invalid-bit-map.js" />
</testsuite>
<testsuite package="org.eslint" time="0" tests="1" errors="0" name="/Users/Amit/cocycles/bit/bit/src/consumer/bit-map/exceptions/missing-bit-map-component.js">
<testcase time="0" name="/Users/Amit/cocycles/bit/bit/src/consumer/bit-map/exceptions/missing-bit-map-component.js" />
</testsuite>
<testsuite package="org.eslint" time="0" tests="1" errors="0" name="/Users/Amit/cocycles/bit/bit/src/consumer/bit-map/exceptions/missing-main-file.js">
<testcase time="0" name="/Users/Amit/cocycles/bit/bit/src/consumer/bit-map/exceptions/missing-main-file.js" />
</testsuite>
<testsuite package="org.eslint" time="0" tests="1" errors="0" name="/Users/Amit/cocycles/bit/bit/src/consumer/bit-map/index.js">
<testcase time="0" name="/Users/Amit/cocycles/bit/bit/src/consumer/bit-map/index.js" />
</testsuite>
<testsuite package="org.eslint" time="0" tests="1" errors="0" name="/Users/Amit/cocycles/bit/bit/src/consumer/component/add-components/add-components.js">
<testcase time="0" name="/Users/Amit/cocycles/bit/bit/src/consumer/component/add-components/add-components.js" />
</testsuite>
<testsuite package="org.eslint" time="0" tests="1" errors="0" name="/Users/Amit/cocycles/bit/bit/src/consumer/component/add-components/exceptions/duplicate-ids.js">
<testcase time="0" name="/Users/Amit/cocycles/bit/bit/src/consumer/component/add-components/exceptions/duplicate-ids.js" />
</testsuite>
<testsuite package="org.eslint" time="0" tests="1" errors="0" name="/Users/Amit/cocycles/bit/bit/src/consumer/component/add-components/exceptions/empty-directory.js">
<testcase time="0" name="/Users/Amit/cocycles/bit/bit/src/consumer/component/add-components/exceptions/empty-directory.js" />
</testsuite>
<testsuite package="org.eslint" time="0" tests="1" errors="0" name="/Users/Amit/cocycles/bit/bit/src/consumer/component/add-components/exceptions/excluded-main-file.js">
<testcase time="0" name="/Users/Amit/cocycles/bit/bit/src/consumer/component/add-components/exceptions/excluded-main-file.js" />
</testsuite>
<testsuite package="org.eslint" time="0" tests="1" errors="0" name="/Users/Amit/cocycles/bit/bit/src/consumer/component/add-components/exceptions/incorrect-id-imported-component.js">
<testcase time="0" name="/Users/Amit/cocycles/bit/bit/src/consumer/component/add-components/exceptions/incorrect-id-imported-component.js" />
</testsuite>
<testsuite package="org.eslint" time="0" tests="1" errors="0" name="/Users/Amit/cocycles/bit/bit/src/consumer/component/add-components/exceptions/index.js">
<testcase time="0" name="/Users/Amit/cocycles/bit/bit/src/consumer/component/add-components/exceptions/index.js" />
</testsuite>
<testsuite package="org.eslint" time="0" tests="1" errors="0" name="/Users/Amit/cocycles/bit/bit/src/consumer/component/add-components/exceptions/missing-id-imported-component.js">
<testcase time="0" name="/Users/Amit/cocycles/bit/bit/src/consumer/component/add-components/exceptions/missing-id-imported-component.js" />
</testsuite>
<testsuite package="org.eslint" time="0" tests="1" errors="0" name="/Users/Amit/cocycles/bit/bit/src/consumer/component/add-components/exceptions/no-files.js">
<testcase time="0" name="/Users/Amit/cocycles/bit/bit/src/consumer/component/add-components/exceptions/no-files.js" />
</testsuite>
<testsuite package="org.eslint" time="0" tests="1" errors="0" name="/Users/Amit/cocycles/bit/bit/src/consumer/component/add-components/exceptions/paths-not-exist.js">
<testcase time="0" name="/Users/Amit/cocycles/bit/bit/src/consumer/component/add-components/exceptions/paths-not-exist.js" />
</testsuite>
<testsuite package="org.eslint" time="0" tests="1" errors="0" name="/Users/Amit/cocycles/bit/bit/src/consumer/component/add-components/index.js">
<testcase time="0" name="/Users/Amit/cocycles/bit/bit/src/consumer/component/add-components/index.js" />
</testsuite>
<testsuite package="org.eslint" time="0" tests="1" errors="0" name="/Users/Amit/cocycles/bit/bit/src/consumer/component/dependencies/dependencies.js">
<testcase time="0" name="/Users/Amit/cocycles/bit/bit/src/consumer/component/dependencies/dependencies.js" />
</testsuite>
<testsuite package="org.eslint" time="0" tests="1" errors="0" name="/Users/Amit/cocycles/bit/bit/src/consumer/component/dependencies/dependency.js">
<testcase time="0" name="/Users/Amit/cocycles/bit/bit/src/consumer/component/dependencies/dependency.js" />
</testsuite>
<testsuite package="org.eslint" time="0" tests="1" errors="0" name="/Users/Amit/cocycles/bit/bit/src/consumer/component/dependencies/index.js">
<testcase time="0" name="/Users/Amit/cocycles/bit/bit/src/consumer/component/dependencies/index.js" />
</testsuite>
<testsuite package="org.eslint" time="0" tests="1" errors="0" name="/Users/Amit/cocycles/bit/bit/src/consumer/component/environment/index.js">
<testcase time="0" name="/Users/Amit/cocycles/bit/bit/src/consumer/component/environment/index.js" />
</testsuite>
<testsuite package="org.eslint" time="0" tests="1" errors="0" name="/Users/Amit/cocycles/bit/bit/src/consumer/component/environment/load-plugin.js">
<testcase time="0" name="/Users/Amit/cocycles/bit/bit/src/consumer/component/environment/load-plugin.js" />
</testsuite>
<testsuite package="org.eslint" time="0" tests="1" errors="0" name="/Users/Amit/cocycles/bit/bit/src/consumer/component/exceptions/bit-already-exist-externaly.js">
<testcase time="0" name="/Users/Amit/cocycles/bit/bit/src/consumer/component/exceptions/bit-already-exist-externaly.js" />
</testsuite>
<testsuite package="org.eslint" time="0" tests="1" errors="0" name="/Users/Amit/cocycles/bit/bit/src/consumer/component/exceptions/build-exception.js">
<testcase time="0" name="/Users/Amit/cocycles/bit/bit/src/consumer/component/exceptions/build-exception.js" />
</testsuite>
<testsuite package="org.eslint" time="0" tests="1" errors="0" name="/Users/Amit/cocycles/bit/bit/src/consumer/component/exceptions/component-not-found-in-path.js">
<testcase time="0" name="/Users/Amit/cocycles/bit/bit/src/consumer/component/exceptions/component-not-found-in-path.js" />
</testsuite>
<testsuite package="org.eslint" time="0" tests="1" errors="0" name="/Users/Amit/cocycles/bit/bit/src/consumer/component/exceptions/file-source-not-found.js">
<testcase time="0" name="/Users/Amit/cocycles/bit/bit/src/consumer/component/exceptions/file-source-not-found.js" />
</testsuite>
<testsuite package="org.eslint" time="0" tests="1" errors="0" name="/Users/Amit/cocycles/bit/bit/src/consumer/component/exceptions/invalid-bit.js">
<testcase time="0" name="/Users/Amit/cocycles/bit/bit/src/consumer/component/exceptions/invalid-bit.js" />
</testsuite>
<testsuite package="org.eslint" time="0" tests="1" errors="0" name="/Users/Amit/cocycles/bit/bit/src/consumer/component/exceptions/missing-files-from-component.js">
<testcase time="0" name="/Users/Amit/cocycles/bit/bit/src/consumer/component/exceptions/missing-files-from-component.js" />
</testsuite>
<testsuite package="org.eslint" time="0" tests="1" errors="0" name="/Users/Amit/cocycles/bit/bit/src/consumer/component/exceptions/plugin-not-found.js">
<testcase time="0" name="/Users/Amit/cocycles/bit/bit/src/consumer/component/exceptions/plugin-not-found.js" />
</testsuite>
<testsuite package="org.eslint" time="0" tests="1" errors="0" name="/Users/Amit/cocycles/bit/bit/src/consumer/component/import-components.js">
<testcase time="0" name="/Users/Amit/cocycles/bit/bit/src/consumer/component/import-components.js" />
</testsuite>
<testsuite package="org.eslint" time="0" tests="1" errors="0" name="/Users/Amit/cocycles/bit/bit/src/consumer/component/index.js">
<testcase time="0" name="/Users/Amit/cocycles/bit/bit/src/consumer/component/index.js" />
</testsuite>
<testsuite package="org.eslint" time="0" tests="1" errors="0" name="/Users/Amit/cocycles/bit/bit/src/consumer/component/install-components.js">
<testcase time="0" name="/Users/Amit/cocycles/bit/bit/src/consumer/component/install-components.js" />
</testsuite>
<testsuite package="org.eslint" time="0" tests="1" errors="0" name="/Users/Amit/cocycles/bit/bit/src/consumer/component/sources/abstract-vinyl.js">
<testcase time="0" name="/Users/Amit/cocycles/bit/bit/src/consumer/component/sources/abstract-vinyl.js" />
</testsuite>
<testsuite package="org.eslint" time="0" tests="1" errors="0" name="/Users/Amit/cocycles/bit/bit/src/consumer/component/sources/dists.js">
<testcase time="0" name="/Users/Amit/cocycles/bit/bit/src/consumer/component/sources/dists.js" />
</testsuite>
<testsuite package="org.eslint" time="0" tests="1" errors="0" name="/Users/Amit/cocycles/bit/bit/src/consumer/component/sources/impl.js">
<testcase time="0" name="/Users/Amit/cocycles/bit/bit/src/consumer/component/sources/impl.js" />
</testsuite>
<testsuite package="org.eslint" time="0" tests="1" errors="0" name="/Users/Amit/cocycles/bit/bit/src/consumer/component/sources/index.js">
<testcase time="0" name="/Users/Amit/cocycles/bit/bit/src/consumer/component/sources/index.js" />
</testsuite>
<testsuite package="org.eslint" time="0" tests="1" errors="0" name="/Users/Amit/cocycles/bit/bit/src/consumer/component/sources/license.js">
<testcase time="0" name="/Users/Amit/cocycles/bit/bit/src/consumer/component/sources/license.js" />
</testsuite>
<testsuite package="org.eslint" time="0" tests="1" errors="0" name="/Users/Amit/cocycles/bit/bit/src/consumer/component/sources/specs.js">
<testcase time="0" name="/Users/Amit/cocycles/bit/bit/src/consumer/component/sources/specs.js" />
</testsuite>
<testsuite package="org.eslint" time="0" tests="1" errors="0" name="/Users/Amit/cocycles/bit/bit/src/consumer/component/switch-version.js">
<testcase time="0" name="/Users/Amit/cocycles/bit/bit/src/consumer/component/switch-version.js" />
</testsuite>
<testsuite package="org.eslint" time="0" tests="1" errors="0" name="/Users/Amit/cocycles/bit/bit/src/consumer/component/templates/impl.default-template.js">
<testcase time="0" name="/Users/Amit/cocycles/bit/bit/src/consumer/component/templates/impl.default-template.js" />
</testsuite>
<testsuite package="org.eslint" time="0" tests="1" errors="0" name="/Users/Amit/cocycles/bit/bit/src/consumer/component/templates/specs.default-template.js">
<testcase time="0" name="/Users/Amit/cocycles/bit/bit/src/consumer/component/templates/specs.default-template.js" />
</testsuite>
<testsuite package="org.eslint" time="0" tests="1" errors="0" name="/Users/Amit/cocycles/bit/bit/src/consumer/consumer-loader.js">
<testcase time="0" name="/Users/Amit/cocycles/bit/bit/src/consumer/consumer-loader.js" />
</testsuite>
<testsuite package="org.eslint" time="0" tests="1" errors="0" name="/Users/Amit/cocycles/bit/bit/src/consumer/consumer-locator.js">
<testcase time="0" name="/Users/Amit/cocycles/bit/bit/src/consumer/consumer-locator.js" />
</testsuite>
<testsuite package="org.eslint" time="0" tests="1" errors="0" name="/Users/Amit/cocycles/bit/bit/src/consumer/exceptions/component-specs-failed.js">
<testcase time="0" name="/Users/Amit/cocycles/bit/bit/src/consumer/exceptions/component-specs-failed.js" />
</testsuite>
<testsuite package="org.eslint" time="0" tests="1" errors="0" name="/Users/Amit/cocycles/bit/bit/src/consumer/exceptions/consumer-already-exists.js">
<testcase time="0" name="/Users/Amit/cocycles/bit/bit/src/consumer/exceptions/consumer-already-exists.js" />
</testsuite>
<testsuite package="org.eslint" time="0" tests="1" errors="0" name="/Users/Amit/cocycles/bit/bit/src/consumer/exceptions/consumer-not-found.js">
<testcase time="0" name="/Users/Amit/cocycles/bit/bit/src/consumer/exceptions/consumer-not-found.js" />
</testsuite>
<testsuite package="org.eslint" time="0" tests="1" errors="0" name="/Users/Amit/cocycles/bit/bit/src/consumer/exceptions/driver-not-found.js">
<testcase time="0" name="/Users/Amit/cocycles/bit/bit/src/consumer/exceptions/driver-not-found.js" />
</testsuite>
<testsuite package="org.eslint" time="0" tests="1" errors="0" name="/Users/Amit/cocycles/bit/bit/src/consumer/exceptions/index.js">
<testcase time="0" name="/Users/Amit/cocycles/bit/bit/src/consumer/exceptions/index.js" />
</testsuite>
<testsuite package="org.eslint" time="0" tests="1" errors="0" name="/Users/Amit/cocycles/bit/bit/src/consumer/exceptions/newer-version-found.js">
<testcase time="0" name="/Users/Amit/cocycles/bit/bit/src/consumer/exceptions/newer-version-found.js" />
</testsuite>
<testsuite package="org.eslint" time="0" tests="1" errors="0" name="/Users/Amit/cocycles/bit/bit/src/consumer/exceptions/nothing-to-import.js">
<testcase time="0" name="/Users/Amit/cocycles/bit/bit/src/consumer/exceptions/nothing-to-import.js" />
</testsuite>
<testsuite package="org.eslint" time="0" tests="1" errors="0" name="/Users/Amit/cocycles/bit/bit/src/consumer/index.js">
<testcase time="0" name="/Users/Amit/cocycles/bit/bit/src/consumer/index.js" />
</testsuite>
<testsuite package="org.eslint" time="0" tests="1" errors="0" name="/Users/Amit/cocycles/bit/bit/src/consumer/merge-versions/index.js">
<testcase time="0" name="/Users/Amit/cocycles/bit/bit/src/consumer/merge-versions/index.js" />
</testsuite>
<testsuite package="org.eslint" time="0" tests="1" errors="0" name="/Users/Amit/cocycles/bit/bit/src/consumer/merge-versions/merge-files.js">
<testcase time="0" name="/Users/Amit/cocycles/bit/bit/src/consumer/merge-versions/merge-files.js" />
</testsuite>
<testsuite package="org.eslint" time="0" tests="1" errors="0" name="/Users/Amit/cocycles/bit/bit/src/consumer/merge-versions/merge-versions.js">
<testcase time="0" name="/Users/Amit/cocycles/bit/bit/src/consumer/merge-versions/merge-versions.js" />
</testsuite>
<testsuite package="org.eslint" time="0" tests="1" errors="0" name="/Users/Amit/cocycles/bit/bit/src/consumer/migrations/bit-map/to-semver-migration.js">
<testcase time="0" name="/Users/Amit/cocycles/bit/bit/src/consumer/migrations/bit-map/to-semver-migration.js" />
</testsuite>
<testsuite package="org.eslint" time="0" tests="1" errors="0" name="/Users/Amit/cocycles/bit/bit/src/consumer/migrations/consumer-migrator-manifest.js">
<testcase time="0" name="/Users/Amit/cocycles/bit/bit/src/consumer/migrations/consumer-migrator-manifest.js" />
</testsuite>
<testsuite package="org.eslint" time="0" tests="1" errors="0" name="/Users/Amit/cocycles/bit/bit/src/consumer/specs-results/index.js">
<testcase time="0" name="/Users/Amit/cocycles/bit/bit/src/consumer/specs-results/index.js" />
</testsuite>
<testsuite package="org.eslint" time="0" tests="1" errors="0" name="/Users/Amit/cocycles/bit/bit/src/driver/exceptions/driver-not-found.js">
<testcase time="0" name="/Users/Amit/cocycles/bit/bit/src/driver/exceptions/driver-not-found.js" />
</testsuite>
<testsuite package="org.eslint" time="0" tests="1" errors="0" name="/Users/Amit/cocycles/bit/bit/src/driver/index.js">
<testcase time="0" name="/Users/Amit/cocycles/bit/bit/src/driver/index.js" />
</testsuite>
<testsuite package="org.eslint" time="0" tests="1" errors="0" name="/Users/Amit/cocycles/bit/bit/src/environment/index.js">
<testcase time="0" name="/Users/Amit/cocycles/bit/bit/src/environment/index.js" />
</testsuite>
<testsuite package="org.eslint" time="0" tests="1" errors="0" name="/Users/Amit/cocycles/bit/bit/src/error/abstract-error.js">
<testcase time="0" name="/Users/Amit/cocycles/bit/bit/src/error/abstract-error.js" />
</testsuite>
<testsuite package="org.eslint" time="0" tests="1" errors="0" name="/Users/Amit/cocycles/bit/bit/src/extensions/extensions-loader.js">
<testcase time="0" name="/Users/Amit/cocycles/bit/bit/src/extensions/extensions-loader.js" />
</testsuite>
<testsuite package="org.eslint" time="0" tests="1" errors="0" name="/Users/Amit/cocycles/bit/bit/src/git-hooks/exceptions/git-hook-already-exists.js">
<testcase time="0" name="/Users/Amit/cocycles/bit/bit/src/git-hooks/exceptions/git-hook-already-exists.js" />
</testsuite>
<testsuite package="org.eslint" time="0" tests="1" errors="0" name="/Users/Amit/cocycles/bit/bit/src/git-hooks/fixtures/bit-import-git-hook.js">
<testcase time="0" name="/Users/Amit/cocycles/bit/bit/src/git-hooks/fixtures/bit-import-git-hook.js" />
</testsuite>
<testsuite package="org.eslint" time="0" tests="1" errors="0" name="/Users/Amit/cocycles/bit/bit/src/global-config/config.js">
<testcase time="0" name="/Users/Amit/cocycles/bit/bit/src/global-config/config.js" />
</testsuite>
<testsuite package="org.eslint" time="0" tests="1" errors="0" name="/Users/Amit/cocycles/bit/bit/src/global-config/global-remotes.js">
<testcase time="0" name="/Users/Amit/cocycles/bit/bit/src/global-config/global-remotes.js" />
</testsuite>
<testsuite package="org.eslint" time="0" tests="1" errors="0" name="/Users/Amit/cocycles/bit/bit/src/global-config/index.js">
<testcase time="0" name="/Users/Amit/cocycles/bit/bit/src/global-config/index.js" />
</testsuite>
<testsuite package="org.eslint" time="0" tests="1" errors="0" name="/Users/Amit/cocycles/bit/bit/src/hooks/exceptions/hook-already-exists.js">
<testcase time="0" name="/Users/Amit/cocycles/bit/bit/src/hooks/exceptions/hook-already-exists.js" />
</testsuite>
<testsuite package="org.eslint" time="0" tests="1" errors="0" name="/Users/Amit/cocycles/bit/bit/src/hooks/exceptions/hook-not-exists.js">
<testcase time="0" name="/Users/Amit/cocycles/bit/bit/src/hooks/exceptions/hook-not-exists.js" />
</testsuite>
<testsuite package="org.eslint" time="0" tests="1" errors="0" name="/Users/Amit/cocycles/bit/bit/src/hooks/exceptions/index.js">
<testcase time="0" name="/Users/Amit/cocycles/bit/bit/src/hooks/exceptions/index.js" />
</testsuite>
<testsuite package="org.eslint" time="0" tests="1" errors="0" name="/Users/Amit/cocycles/bit/bit/src/hooks/index.js">
<testcase time="0" name="/Users/Amit/cocycles/bit/bit/src/hooks/index.js" />
</testsuite>
<testsuite package="org.eslint" time="0" tests="1" errors="0" name="/Users/Amit/cocycles/bit/bit/src/hooks/utils/enrich-context-from-global.js">
<testcase time="0" name="/Users/Amit/cocycles/bit/bit/src/hooks/utils/enrich-context-from-global.js" />
</testsuite>
<testsuite package="org.eslint" time="0" tests="1" errors="0" name="/Users/Amit/cocycles/bit/bit/src/jsdoc/index.js">
<testcase time="0" name="/Users/Amit/cocycles/bit/bit/src/jsdoc/index.js" />
</testsuite>
<testsuite package="org.eslint" time="0" tests="1" errors="0" name="/Users/Amit/cocycles/bit/bit/src/links/index.js">
<testcase time="0" name="/Users/Amit/cocycles/bit/bit/src/links/index.js" />
</testsuite>
<testsuite package="org.eslint" time="0" tests="1" errors="0" name="/Users/Amit/cocycles/bit/bit/src/npm-client/index.js">
<testcase time="0" name="/Users/Amit/cocycles/bit/bit/src/npm-client/index.js" />
</testsuite>
<testsuite package="org.eslint" time="0" tests="1" errors="0" name="/Users/Amit/cocycles/bit/bit/src/npm-client/install-packages.js">
<testcase time="0" name="/Users/Amit/cocycles/bit/bit/src/npm-client/install-packages.js" />
</testsuite>
<testsuite package="org.eslint" time="0" tests="1" errors="0" name="/Users/Amit/cocycles/bit/bit/src/plugins/file-types-plugins.js">
<testcase time="0" name="/Users/Amit/cocycles/bit/bit/src/plugins/file-types-plugins.js" />
</testsuite>
<testsuite package="org.eslint" time="0" tests="1" errors="0" name="/Users/Amit/cocycles/bit/bit/src/plugins/wix/stylable.js">
<testcase time="0" name="/Users/Amit/cocycles/bit/bit/src/plugins/wix/stylable.js" />
</testsuite>
<testsuite package="org.eslint" time="0" tests="1" errors="0" name="/Users/Amit/cocycles/bit/bit/src/prompts/exceptions/prompt-canceled.js">
<testcase time="0" name="/Users/Amit/cocycles/bit/bit/src/prompts/exceptions/prompt-canceled.js" />
</testsuite>
<testsuite package="org.eslint" time="0" tests="1" errors="0" name="/Users/Amit/cocycles/bit/bit/src/prompts/index.js">
<testcase time="0" name="/Users/Amit/cocycles/bit/bit/src/prompts/index.js" />
</testsuite>
<testsuite package="org.eslint" time="0" tests="1" errors="0" name="/Users/Amit/cocycles/bit/bit/src/prompts/prompt.js">
<testcase time="0" name="/Users/Amit/cocycles/bit/bit/src/prompts/prompt.js" />
</testsuite>
<testsuite package="org.eslint" time="0" tests="1" errors="0" name="/Users/Amit/cocycles/bit/bit/src/prompts/schemas/analytics-reporting.js">
<testcase time="0" name="/Users/Amit/cocycles/bit/bit/src/prompts/schemas/analytics-reporting.js" />
</testsuite>
<testsuite package="org.eslint" time="0" tests="1" errors="0" name="/Users/Amit/cocycles/bit/bit/src/prompts/schemas/error-reporting.js">
<testcase time="0" name="/Users/Amit/cocycles/bit/bit/src/prompts/schemas/error-reporting.js" />
</testsuite>
<testsuite package="org.eslint" time="0" tests="1" errors="0" name="/Users/Amit/cocycles/bit/bit/src/prompts/schemas/passphrase.js">
<testcase time="0" name="/Users/Amit/cocycles/bit/bit/src/prompts/schemas/passphrase.js" />
</testsuite>
<testsuite package="org.eslint" time="0" tests="1" errors="0" name="/Users/Amit/cocycles/bit/bit/src/prompts/schemas/resolve-conflict.js">
<testcase time="0" name="/Users/Amit/cocycles/bit/bit/src/prompts/schemas/resolve-conflict.js" />
</testsuite>
<testsuite package="org.eslint" time="0" tests="1" errors="0" name="/Users/Amit/cocycles/bit/bit/src/prompts/schemas/user-password.js">
<testcase time="0" name="/Users/Amit/cocycles/bit/bit/src/prompts/schemas/user-password.js" />
</testsuite>
<testsuite package="org.eslint" time="0" tests="1" errors="0" name="/Users/Amit/cocycles/bit/bit/src/remotes/exceptions/index.js">
<testcase time="0" name="/Users/Amit/cocycles/bit/bit/src/remotes/exceptions/index.js" />
</testsuite>
<testsuite package="org.eslint" time="0" tests="1" errors="0" name="/Users/Amit/cocycles/bit/bit/src/remotes/exceptions/invalid-remote.js">
<testcase time="0" name="/Users/Amit/cocycles/bit/bit/src/remotes/exceptions/invalid-remote.js" />
</testsuite>
<testsuite package="org.eslint" time="0" tests="1" errors="0" name="/Users/Amit/cocycles/bit/bit/src/remotes/exceptions/primary-not-found.js">
<testcase time="0" name="/Users/Amit/cocycles/bit/bit/src/remotes/exceptions/primary-not-found.js" />
</testsuite>
<testsuite package="org.eslint" time="0" tests="1" errors="0" name="/Users/Amit/cocycles/bit/bit/src/remotes/exceptions/primary-overloaded.js">
<testcase time="0" name="/Users/Amit/cocycles/bit/bit/src/remotes/exceptions/primary-overloaded.js" />
</testsuite>
<testsuite package="org.eslint" time="0" tests="1" errors="0" name="/Users/Amit/cocycles/bit/bit/src/remotes/exceptions/remote-not-found.js">
<testcase time="0" name="/Users/Amit/cocycles/bit/bit/src/remotes/exceptions/remote-not-found.js" />
</testsuite>
<testsuite package="org.eslint" time="0" tests="1" errors="0" name="/Users/Amit/cocycles/bit/bit/src/remotes/index.js">
<testcase time="0" name="/Users/Amit/cocycles/bit/bit/src/remotes/index.js" />
</testsuite>
<testsuite package="org.eslint" time="0" tests="1" errors="0" name="/Users/Amit/cocycles/bit/bit/src/scope/ci-ops/ci-ops.js">
<testcase time="0" name="/Users/Amit/cocycles/bit/bit/src/scope/ci-ops/ci-ops.js" />
</testsuite>
<testsuite package="org.eslint" time="0" tests="1" errors="0" name="/Users/Amit/cocycles/bit/bit/src/scope/ci-ops/ci-worker.js">
<testcase time="0" name="/Users/Amit/cocycles/bit/bit/src/scope/ci-ops/ci-worker.js" />
</testsuite>
<testsuite package="org.eslint" time="0" tests="1" errors="0" name="/Users/Amit/cocycles/bit/bit/src/scope/ci-ops/index.js">
<testcase time="0" name="/Users/Amit/cocycles/bit/bit/src/scope/ci-ops/index.js" />
</testsuite>
<testsuite package="org.eslint" time="0" tests="1" errors="0" name="/Users/Amit/cocycles/bit/bit/src/scope/ci-ops/run-and-update-ci.js">
<testcase time="0" name="/Users/Amit/cocycles/bit/bit/src/scope/ci-ops/run-and-update-ci.js" />
</testsuite>
<testsuite package="org.eslint" time="0" tests="1" errors="0" name="/Users/Amit/cocycles/bit/bit/src/scope/component-dependencies.js">
<testcase time="0" name="/Users/Amit/cocycles/bit/bit/src/scope/component-dependencies.js" />
</testsuite>
<testsuite package="org.eslint" time="0" tests="1" errors="0" name="/Users/Amit/cocycles/bit/bit/src/scope/component-ops/remove-model-components.js">
<testcase time="0" name="/Users/Amit/cocycles/bit/bit/src/scope/component-ops/remove-model-components.js" />
</testsuite>
<testsuite package="org.eslint" time="0" tests="1" errors="0" name="/Users/Amit/cocycles/bit/bit/src/scope/component-ops/untag-component.js">
<testcase time="0" name="/Users/Amit/cocycles/bit/bit/src/scope/component-ops/untag-component.js" />
</testsuite>
<testsuite package="org.eslint" time="0" tests="1" errors="0" name="/Users/Amit/cocycles/bit/bit/src/scope/dependency-maps/dependency-map.js">
<testcase time="0" name="/Users/Amit/cocycles/bit/bit/src/scope/dependency-maps/dependency-map.js" />
</testsuite>
<testsuite package="org.eslint" time="0" tests="1" errors="0" name="/Users/Amit/cocycles/bit/bit/src/scope/dependency-maps/external-map.js">
<testcase time="0" name="/Users/Amit/cocycles/bit/bit/src/scope/dependency-maps/external-map.js" />
</testsuite>
<testsuite package="org.eslint" time="0" tests="1" errors="0" name="/Users/Amit/cocycles/bit/bit/src/scope/dependency-maps/index.js">
<testcase time="0" name="/Users/Amit/cocycles/bit/bit/src/scope/dependency-maps/index.js" />
</testsuite>
<testsuite package="org.eslint" time="0" tests="1" errors="0" name="/Users/Amit/cocycles/bit/bit/src/scope/exceptions/bit-not-in-scope.js">
<testcase time="0" name="/Users/Amit/cocycles/bit/bit/src/scope/exceptions/bit-not-in-scope.js" />
</testsuite>
<testsuite package="org.eslint" time="0" tests="1" errors="0" name="/Users/Amit/cocycles/bit/bit/src/scope/exceptions/component-not-found.js">
<testcase time="0" name="/Users/Amit/cocycles/bit/bit/src/scope/exceptions/component-not-found.js" />
</testsuite>
<testsuite package="org.eslint" time="0" tests="1" errors="0" name="/Users/Amit/cocycles/bit/bit/src/scope/exceptions/corrupted-component.js">
<testcase time="0" name="/Users/Amit/cocycles/bit/bit/src/scope/exceptions/corrupted-component.js" />
</testsuite>
<testsuite package="org.eslint" time="0" tests="1" errors="0" name="/Users/Amit/cocycles/bit/bit/src/scope/exceptions/cyclic-dependencie.js">
<testcase time="0" name="/Users/Amit/cocycles/bit/bit/src/scope/exceptions/cyclic-dependencie.js" />
</testsuite>
<testsuite package="org.eslint" time="0" tests="1" errors="0" name="/Users/Amit/cocycles/bit/bit/src/scope/exceptions/dependency-not-found.js">
<testcase time="0" name="/Users/Amit/cocycles/bit/bit/src/scope/exceptions/dependency-not-found.js" />
</testsuite>
<testsuite package="org.eslint" time="0" tests="1" errors="0" name="/Users/Amit/cocycles/bit/bit/src/scope/exceptions/hash-not-found.js">
<testcase time="0" name="/Users/Amit/cocycles/bit/bit/src/scope/exceptions/hash-not-found.js" />
</testsuite>
<testsuite package="org.eslint" time="0" tests="1" errors="0" name="/Users/Amit/cocycles/bit/bit/src/scope/exceptions/index.js">
<testcase time="0" name="/Users/Amit/cocycles/bit/bit/src/scope/exceptions/index.js" />
</testsuite>
<testsuite package="org.eslint" time="0" tests="1" errors="0" name="/Users/Amit/cocycles/bit/bit/src/scope/exceptions/merge-conflict.js">
<testcase time="0" name="/Users/Amit/cocycles/bit/bit/src/scope/exceptions/merge-conflict.js" />
</testsuite>
<testsuite package="org.eslint" time="0" tests="1" errors="0" name="/Users/Amit/cocycles/bit/bit/src/scope/exceptions/resolution-exception.js">
<testcase time="0" name="/Users/Amit/cocycles/bit/bit/src/scope/exceptions/resolution-exception.js" />
</testsuite>
<testsuite package="org.eslint" time="0" tests="1" errors="0" name="/Users/Amit/cocycles/bit/bit/src/scope/exceptions/scope-already-exists.js">
<testcase time="0" name="/Users/Amit/cocycles/bit/bit/src/scope/exceptions/scope-already-exists.js" />
</testsuite>
<testsuite package="org.eslint" time="0" tests="1" errors="0" name="/Users/Amit/cocycles/bit/bit/src/scope/exceptions/scope-not-found.js">
<testcase time="0" name="/Users/Amit/cocycles/bit/bit/src/scope/exceptions/scope-not-found.js" />
</testsuite>
<testsuite package="org.eslint" time="0" tests="1" errors="0" name="/Users/Amit/cocycles/bit/bit/src/scope/exceptions/source-not-found.js">
<testcase time="0" name="/Users/Amit/cocycles/bit/bit/src/scope/exceptions/source-not-found.js" />
</testsuite>
<testsuite package="org.eslint" time="0" tests="1" errors="0" name="/Users/Amit/cocycles/bit/bit/src/scope/flatten-dependencies.js">
<testcase time="0" name="/Users/Amit/cocycles/bit/bit/src/scope/flatten-dependencies.js" />
</testsuite>
<testsuite package="org.eslint" time="0" tests="1" errors="0" name="/Users/Amit/cocycles/bit/bit/src/scope/index.js">
<testcase time="0" name="/Users/Amit/cocycles/bit/bit/src/scope/index.js" />
</testsuite>
<testsuite package="org.eslint" time="0" tests="1" errors="0" name="/Users/Amit/cocycles/bit/bit/src/scope/migrations/component-version/add-binding-prefix.js">
<testcase time="0" name="/Users/Amit/cocycles/bit/bit/src/scope/migrations/component-version/add-binding-prefix.js" />
</testsuite>
<testsuite package="org.eslint" time="0" tests="1" errors="0" name="/Users/Amit/cocycles/bit/bit/src/scope/migrations/component-version/change-import-specifiers-to-array.js">
<testcase time="0" name="/Users/Amit/cocycles/bit/bit/src/scope/migrations/component-version/change-import-specifiers-to-array.js" />
</testsuite>
<testsuite package="org.eslint" time="0" tests="1" errors="0" name="/Users/Amit/cocycles/bit/bit/src/scope/migrations/component-version/ensure-main-file.js">
<testcase time="0" name="/Users/Amit/cocycles/bit/bit/src/scope/migrations/component-version/ensure-main-file.js" />
</testsuite>
<testsuite package="org.eslint" time="0" tests="1" errors="0" name="/Users/Amit/cocycles/bit/bit/src/scope/migrations/component-version/index.js">
<testcase time="0" name="/Users/Amit/cocycles/bit/bit/src/scope/migrations/component-version/index.js" />
</testsuite>
<testsuite package="org.eslint" time="0" tests="1" errors="0" name="/Users/Amit/cocycles/bit/bit/src/scope/migrations/component-version/specs-results-to-array.js">
<testcase time="0" name="/Users/Amit/cocycles/bit/bit/src/scope/migrations/component-version/specs-results-to-array.js" />
</testsuite>
<testsuite package="org.eslint" time="0" tests="1" errors="0" name="/Users/Amit/cocycles/bit/bit/src/scope/migrations/component-version/to-files.js">
<testcase time="0" name="/Users/Amit/cocycles/bit/bit/src/scope/migrations/component-version/to-files.js" />
</testsuite>
<testsuite package="org.eslint" time="0" tests="1" errors="0" name="/Users/Amit/cocycles/bit/bit/src/scope/migrations/component-version/update-binding-prefix-to-new-default.js">
<testcase time="0" name="/Users/Amit/cocycles/bit/bit/src/scope/migrations/component-version/update-binding-prefix-to-new-default.js" />
</testsuite>
<testsuite package="org.eslint" time="0" tests="1" errors="0" name="/Users/Amit/cocycles/bit/bit/src/scope/migrations/component/index.js">
<testcase time="0" name="/Users/Amit/cocycles/bit/bit/src/scope/migrations/component/index.js" />
</testsuite>
<testsuite package="org.eslint" time="0" tests="1" errors="0" name="/Users/Amit/cocycles/bit/bit/src/scope/migrations/component/to-semver-migration.js">
<testcase time="0" name="/Users/Amit/cocycles/bit/bit/src/scope/migrations/component/to-semver-migration.js" />
</testsuite>
<testsuite package="org.eslint" time="0" tests="1" errors="0" name="/Users/Amit/cocycles/bit/bit/src/scope/migrations/component/update-binding-prefix-to-new-default.js">
<testcase time="0" name="/Users/Amit/cocycles/bit/bit/src/scope/migrations/component/update-binding-prefix-to-new-default.js" />
</testsuite>
<testsuite package="org.eslint" time="0" tests="1" errors="0" name="/Users/Amit/cocycles/bit/bit/src/scope/migrations/scope-migrator-manifest.js">
<testcase time="0" name="/Users/Amit/cocycles/bit/bit/src/scope/migrations/scope-migrator-manifest.js" />
</testsuite>
<testsuite package="org.eslint" time="0" tests="1" errors="0" name="/Users/Amit/cocycles/bit/bit/src/scope/models/index.js">
<testcase time="0" name="/Users/Amit/cocycles/bit/bit/src/scope/models/index.js" />
</testsuite>
<testsuite package="org.eslint" time="0" tests="1" errors="0" name="/Users/Amit/cocycles/bit/bit/src/scope/models/symlink.js">
<testcase time="0" name="/Users/Amit/cocycles/bit/bit/src/scope/models/symlink.js" />
</testsuite>
<testsuite package="org.eslint" time="0" tests="1" errors="0" name="/Users/Amit/cocycles/bit/bit/src/scope/network/check-version-compatibility.js">
<testcase time="0" name="/Users/Amit/cocycles/bit/bit/src/scope/network/check-version-compatibility.js" />
</testsuite>
<testsuite package="org.eslint" time="0" tests="1" errors="0" name="/Users/Amit/cocycles/bit/bit/src/scope/network/exceptions/authentication-failed.js">
<testcase time="0" name="/Users/Amit/cocycles/bit/bit/src/scope/network/exceptions/authentication-failed.js" />
</testsuite>
<testsuite package="org.eslint" time="0" tests="1" errors="0" name="/Users/Amit/cocycles/bit/bit/src/scope/network/exceptions/fs-scope-not-loaded.js">
<testcase time="0" name="/Users/Amit/cocycles/bit/bit/src/scope/network/exceptions/fs-scope-not-loaded.js" />
</testsuite>
<testsuite package="org.eslint" time="0" tests="1" errors="0" name="/Users/Amit/cocycles/bit/bit/src/scope/network/exceptions/index.js">
<testcase time="0" name="/Users/Amit/cocycles/bit/bit/src/scope/network/exceptions/index.js" />
</testsuite>
<testsuite package="org.eslint" time="0" tests="1" errors="0" name="/Users/Amit/cocycles/bit/bit/src/scope/network/exceptions/network-error.js">
<testcase time="0" name="/Users/Amit/cocycles/bit/bit/src/scope/network/exceptions/network-error.js" />
</testsuite>
<testsuite package="org.eslint" time="0" tests="1" errors="0" name="/Users/Amit/cocycles/bit/bit/src/scope/network/exceptions/permission-denied.js">
<testcase time="0" name="/Users/Amit/cocycles/bit/bit/src/scope/network/exceptions/permission-denied.js" />
</testsuite>
<testsuite package="org.eslint" time="0" tests="1" errors="0" name="/Users/Amit/cocycles/bit/bit/src/scope/network/exceptions/protocol-not-supported.js">
<testcase time="0" name="/Users/Amit/cocycles/bit/bit/src/scope/network/exceptions/protocol-not-supported.js" />
</testsuite>
<testsuite package="org.eslint" time="0" tests="1" errors="0" name="/Users/Amit/cocycles/bit/bit/src/scope/network/exceptions/remote-scope-not-found.js">
<testcase time="0" name="/Users/Amit/cocycles/bit/bit/src/scope/network/exceptions/remote-scope-not-found.js" />
</testsuite>
<testsuite package="org.eslint" time="0" tests="1" errors="0" name="/Users/Amit/cocycles/bit/bit/src/scope/network/exceptions/ssh-connection-error.js">
<testcase time="0" name="/Users/Amit/cocycles/bit/bit/src/scope/network/exceptions/ssh-connection-error.js" />
</testsuite>
<testsuite package="org.eslint" time="0" tests="1" errors="0" name="/Users/Amit/cocycles/bit/bit/src/scope/network/exceptions/ssh-invalid-response.js">
<testcase time="0" name="/Users/Amit/cocycles/bit/bit/src/scope/network/exceptions/ssh-invalid-response.js" />
</testsuite>
<testsuite package="org.eslint" time="0" tests="1" errors="0" name="/Users/Amit/cocycles/bit/bit/src/scope/network/exceptions/unexpected-network-error.js">
<testcase time="0" name="/Users/Amit/cocycles/bit/bit/src/scope/network/exceptions/unexpected-network-error.js" />
</testsuite>
<testsuite package="org.eslint" time="0" tests="1" errors="0" name="/Users/Amit/cocycles/bit/bit/src/scope/network/fs/index.js">
<testcase time="0" name="/Users/Amit/cocycles/bit/bit/src/scope/network/fs/index.js" />
</testsuite>
<testsuite package="org.eslint" time="0" tests="1" errors="0" name="/Users/Amit/cocycles/bit/bit/src/scope/network/index.js">
<testcase time="0" name="/Users/Amit/cocycles/bit/bit/src/scope/network/index.js" />
</testsuite>
<testsuite package="org.eslint" time="0" tests="1" errors="0" name="/Users/Amit/cocycles/bit/bit/src/scope/network/network-lib.js">
<testcase time="0" name="/Users/Amit/cocycles/bit/bit/src/scope/network/network-lib.js" />
</testsuite>
<testsuite package="org.eslint" time="0" tests="1" errors="0" name="/Users/Amit/cocycles/bit/bit/src/scope/network/network.js">
<testcase time="0" name="/Users/Amit/cocycles/bit/bit/src/scope/network/network.js" />
</testsuite>
<testsuite package="org.eslint" time="0" tests="1" errors="0" name="/Users/Amit/cocycles/bit/bit/src/scope/network/ssh/index.js">
<testcase time="0" name="/Users/Amit/cocycles/bit/bit/src/scope/network/ssh/index.js" />
</testsuite>
<testsuite package="org.eslint" time="0" tests="1" errors="0" name="/Users/Amit/cocycles/bit/bit/src/scope/network/ssh/key-getter.js">
<testcase time="0" name="/Users/Amit/cocycles/bit/bit/src/scope/network/ssh/key-getter.js" />
</testsuite>
<testsuite package="org.eslint" time="0" tests="1" errors="0" name="/Users/Amit/cocycles/bit/bit/src/scope/object-registrar.js">
<testcase time="0" name="/Users/Amit/cocycles/bit/bit/src/scope/object-registrar.js" />
</testsuite>
<testsuite package="org.eslint" time="0" tests="1" errors="0" name="/Users/Amit/cocycles/bit/bit/src/scope/objects/index.js">
<testcase time="0" name="/Users/Amit/cocycles/bit/bit/src/scope/objects/index.js" />
</testsuite>
<testsuite package="org.eslint" time="0" tests="1" errors="0" name="/Users/Amit/cocycles/bit/bit/src/scope/removed-components.js">
<testcase time="0" name="/Users/Amit/cocycles/bit/bit/src/scope/removed-components.js" />
</testsuite>
<testsuite package="org.eslint" time="0" tests="1" errors="0" name="/Users/Amit/cocycles/bit/bit/src/scope/repositories/external.js">
<testcase time="0" name="/Users/Amit/cocycles/bit/bit/src/scope/repositories/external.js" />
</testsuite>
<testsuite package="org.eslint" time="0" tests="1" errors="0" name="/Users/Amit/cocycles/bit/bit/src/scope/repositories/hooks.js">
<testcase time="0" name="/Users/Amit/cocycles/bit/bit/src/scope/repositories/hooks.js" />
</testsuite>
<testsuite package="org.eslint" time="0" tests="1" errors="0" name="/Users/Amit/cocycles/bit/bit/src/scope/repositories/index.js">
<testcase time="0" name="/Users/Amit/cocycles/bit/bit/src/scope/repositories/index.js" />
</testsuite>
<testsuite package="org.eslint" time="0" tests="1" errors="0" name="/Users/Amit/cocycles/bit/bit/src/scope/repositories/sources-map.js">
<testcase time="0" name="/Users/Amit/cocycles/bit/bit/src/scope/repositories/sources-map.js" />
</testsuite>
<testsuite package="org.eslint" time="0" tests="1" errors="0" name="/Users/Amit/cocycles/bit/bit/src/scope/repositories/tmp.js">
<testcase time="0" name="/Users/Amit/cocycles/bit/bit/src/scope/repositories/tmp.js" />
</testsuite>
<testsuite package="org.eslint" time="0" tests="1" errors="0" name="/Users/Amit/cocycles/bit/bit/src/scope/repository.js">
<testcase time="0" name="/Users/Amit/cocycles/bit/bit/src/scope/repository.js" />
</testsuite>
<testsuite package="org.eslint" time="0" tests="1" errors="0" name="/Users/Amit/cocycles/bit/bit/src/scope/scope-loader.js">
<testcase time="0" name="/Users/Amit/cocycles/bit/bit/src/scope/scope-loader.js" />
</testsuite>
<testsuite package="org.eslint" time="0" tests="1" errors="0" name="/Users/Amit/cocycles/bit/bit/src/search/index.js">
<testcase time="0" name="/Users/Amit/cocycles/bit/bit/src/search/index.js" />
</testsuite>
<testsuite package="org.eslint" time="0" tests="1" errors="0" name="/Users/Amit/cocycles/bit/bit/src/search/query-builder.js">
<testcase time="0" name="/Users/Amit/cocycles/bit/bit/src/search/query-builder.js" />
</testsuite>
<testsuite package="org.eslint" time="0" tests="1" errors="0" name="/Users/Amit/cocycles/bit/bit/src/search/search-adapter.js">
<testcase time="0" name="/Users/Amit/cocycles/bit/bit/src/search/search-adapter.js" />
</testsuite>
<testsuite package="org.eslint" time="0" tests="1" errors="0" name="/Users/Amit/cocycles/bit/bit/src/search/searcher.js">
<testcase time="0" name="/Users/Amit/cocycles/bit/bit/src/search/searcher.js" />
</testsuite>
<testsuite package="org.eslint" time="0" tests="1" errors="0" name="/Users/Amit/cocycles/bit/bit/src/search/stopwords.js">
<testcase time="0" name="/Users/Amit/cocycles/bit/bit/src/search/stopwords.js" />
</testsuite>
<testsuite package="org.eslint" time="0" tests="1" errors="0" name="/Users/Amit/cocycles/bit/bit/src/specs-runner/index.js">
<testcase time="0" name="/Users/Amit/cocycles/bit/bit/src/specs-runner/index.js" />
</testsuite>
<testsuite package="org.eslint" time="0" tests="1" errors="0" name="/Users/Amit/cocycles/bit/bit/src/specs-runner/specs-runner.js">
<testcase time="0" name="/Users/Amit/cocycles/bit/bit/src/specs-runner/specs-runner.js" />
</testsuite>
<testsuite package="org.eslint" time="0" tests="1" errors="0" name="/Users/Amit/cocycles/bit/bit/src/specs-runner/worker.js">
<testcase time="0" name="/Users/Amit/cocycles/bit/bit/src/specs-runner/worker.js" />
</testsuite>
<testsuite package="org.eslint" time="0" tests="1" errors="0" name="/Users/Amit/cocycles/bit/bit/src/utils/array-remote-first.js">
<testcase time="0" name="/Users/Amit/cocycles/bit/bit/src/utils/array-remote-first.js" />
</testsuite>
<testsuite package="org.eslint" time="0" tests="1" errors="0" name="/Users/Amit/cocycles/bit/bit/src/utils/array/diff.js">
<testcase time="0" name="/Users/Amit/cocycles/bit/bit/src/utils/array/diff.js" />
</testsuite>
<testsuite package="org.eslint" time="0" tests="1" errors="0" name="/Users/Amit/cocycles/bit/bit/src/utils/array/first.js">
<testcase time="0" name="/Users/Amit/cocycles/bit/bit/src/utils/array/first.js" />
</testsuite>
<testsuite package="org.eslint" time="0" tests="1" errors="0" name="/Users/Amit/cocycles/bit/bit/src/utils/array/flat-map.js">
<testcase time="0" name="/Users/Amit/cocycles/bit/bit/src/utils/array/flat-map.js" />
</testsuite>
<testsuite package="org.eslint" time="0" tests="1" errors="0" name="/Users/Amit/cocycles/bit/bit/src/utils/array/flatten.js">
<testcase time="0" name="/Users/Amit/cocycles/bit/bit/src/utils/array/flatten.js" />
</testsuite>
<testsuite package="org.eslint" time="0" tests="1" errors="0" name="/Users/Amit/cocycles/bit/bit/src/utils/array/split-by.js">
<testcase time="0" name="/Users/Amit/cocycles/bit/bit/src/utils/array/split-by.js" />
</testsuite>
<testsuite package="org.eslint" time="0" tests="1" errors="0" name="/Users/Amit/cocycles/bit/bit/src/utils/buffer/to-read-stream.js">
<testcase time="0" name="/Users/Amit/cocycles/bit/bit/src/utils/buffer/to-read-stream.js" />
</testsuite>
<testsuite package="org.eslint" time="0" tests="1" errors="0" name="/Users/Amit/cocycles/bit/bit/src/utils/build-command-message.js">
<testcase time="0" name="/Users/Amit/cocycles/bit/bit/src/utils/build-command-message.js" />
</testsuite>
<testsuite package="org.eslint" time="0" tests="1" errors="0" name="/Users/Amit/cocycles/bit/bit/src/utils/encryption/sha1.js">
<testcase time="0" name="/Users/Amit/cocycles/bit/bit/src/utils/encryption/sha1.js" />
</testsuite>
<testsuite package="org.eslint" time="0" tests="1" errors="0" name="/Users/Amit/cocycles/bit/bit/src/utils/filter-object.js">
<testcase time="0" name="/Users/Amit/cocycles/bit/bit/src/utils/filter-object.js" />
</testsuite>
<testsuite package="org.eslint" time="0" tests="1" errors="0" name="/Users/Amit/cocycles/bit/bit/src/utils/fs-chown.js">
<testcase time="0" name="/Users/Amit/cocycles/bit/bit/src/utils/fs-chown.js" />
</testsuite>
<testsuite package="org.eslint" time="0" tests="1" errors="0" name="/Users/Amit/cocycles/bit/bit/src/utils/fs-output-file.js">
<testcase time="0" name="/Users/Amit/cocycles/bit/bit/src/utils/fs-output-file.js" />
</testsuite>
<testsuite package="org.eslint" time="0" tests="1" errors="0" name="/Users/Amit/cocycles/bit/bit/src/utils/fs-output-json-sync.js">
<testcase time="0" name="/Users/Amit/cocycles/bit/bit/src/utils/fs-output-json-sync.js" />
</testsuite>
<testsuite package="org.eslint" time="0" tests="1" errors="0" name="/Users/Amit/cocycles/bit/bit/src/utils/fs-read-file.js">
<testcase time="0" name="/Users/Amit/cocycles/bit/bit/src/utils/fs-read-file.js" />
</testsuite>
<testsuite package="org.eslint" time="0" tests="1" errors="0" name="/Users/Amit/cocycles/bit/bit/src/utils/fs-remove-file.js">
<testcase time="0" name="/Users/Amit/cocycles/bit/bit/src/utils/fs-remove-file.js" />
</testsuite>
<testsuite package="org.eslint" time="0" tests="1" errors="0" name="/Users/Amit/cocycles/bit/bit/src/utils/fs-rmdir.js">
<testcase time="0" name="/Users/Amit/cocycles/bit/bit/src/utils/fs-rmdir.js" />
</testsuite>
<testsuite package="org.eslint" time="0" tests="1" errors="0" name="/Users/Amit/cocycles/bit/bit/src/utils/fs-stats.js">
<testcase time="0" name="/Users/Amit/cocycles/bit/bit/src/utils/fs-stats.js" />
</testsuite>
<testsuite package="org.eslint" time="0" tests="1" errors="0" name="/Users/Amit/cocycles/bit/bit/src/utils/fs-write-file.js">
<testcase time="0" name="/Users/Amit/cocycles/bit/bit/src/utils/fs-write-file.js" />
</testsuite>
<testsuite package="org.eslint" time="0" tests="1" errors="0" name="/Users/Amit/cocycles/bit/bit/src/utils/fs/create-symlink-or-copy.js">
<testcase time="0" name="/Users/Amit/cocycles/bit/bit/src/utils/fs/create-symlink-or-copy.js" />
</testsuite>
<testsuite package="org.eslint" time="0" tests="1" errors="0" name="/Users/Amit/cocycles/bit/bit/src/utils/fs/current-dir-name.js">
<testcase time="0" name="/Users/Amit/cocycles/bit/bit/src/utils/fs/current-dir-name.js" />
</testsuite>
<testsuite package="org.eslint" time="0" tests="1" errors="0" name="/Users/Amit/cocycles/bit/bit/src/utils/fs/dir-path-parser.js">
<testcase time="0" name="/Users/Amit/cocycles/bit/bit/src/utils/fs/dir-path-parser.js" />
</testsuite>
<testsuite package="org.eslint" time="0" tests="1" errors="0" name="/Users/Amit/cocycles/bit/bit/src/utils/fs/file-info.js">
<testcase time="0" name="/Users/Amit/cocycles/bit/bit/src/utils/fs/file-info.js" />
</testsuite>
<testsuite package="org.eslint" time="0" tests="1" errors="0" name="/Users/Amit/cocycles/bit/bit/src/utils/fs/fs-no-ext.js">
<testcase time="0" name="/Users/Amit/cocycles/bit/bit/src/utils/fs/fs-no-ext.js" />
</testsuite>
<testsuite package="org.eslint" time="0" tests="1" errors="0" name="/Users/Amit/cocycles/bit/bit/src/utils/fs/get-ext.js">
<testcase time="0" name="/Users/Amit/cocycles/bit/bit/src/utils/fs/get-ext.js" />
</testsuite>
<testsuite package="org.eslint" time="0" tests="1" errors="0" name="/Users/Amit/cocycles/bit/bit/src/utils/fs/is-dir-empty.js">
<testcase time="0" name="/Users/Amit/cocycles/bit/bit/src/utils/fs/is-dir-empty.js" />
</testsuite>
<testsuite package="org.eslint" time="0" tests="1" errors="0" name="/Users/Amit/cocycles/bit/bit/src/utils/fs/list-directories.js">
<testcase time="0" name="/Users/Amit/cocycles/bit/bit/src/utils/fs/list-directories.js" />
</testsuite>
<testsuite package="org.eslint" time="0" tests="1" errors="0" name="/Users/Amit/cocycles/bit/bit/src/utils/fs/propogate-until.js">
<testcase time="0" name="/Users/Amit/cocycles/bit/bit/src/utils/fs/propogate-until.js" />
</testsuite>
<testsuite package="org.eslint" time="0" tests="1" errors="0" name="/Users/Amit/cocycles/bit/bit/src/utils/fs/search-files-ignore-ext.js">
<testcase time="0" name="/Users/Amit/cocycles/bit/bit/src/utils/fs/search-files-ignore-ext.js" />
</testsuite>
<testsuite package="org.eslint" time="0" tests="1" errors="0" name="/Users/Amit/cocycles/bit/bit/src/utils/getMissingTestFiles.js">
<testcase time="0" name="/Users/Amit/cocycles/bit/bit/src/utils/getMissingTestFiles.js" />
</testsuite>
<testsuite package="org.eslint" time="0" tests="1" errors="0" name="/Users/Amit/cocycles/bit/bit/src/utils/glob.js">
<testcase time="0" name="/Users/Amit/cocycles/bit/bit/src/utils/glob.js" />
</testsuite>
<testsuite package="org.eslint" time="0" tests="1" errors="0" name="/Users/Amit/cocycles/bit/bit/src/utils/ignore/ignore.js">
<testcase time="0" name="/Users/Amit/cocycles/bit/bit/src/utils/ignore/ignore.js" />
</testsuite>
<testsuite package="org.eslint" time="0" tests="1" errors="0" name="/Users/Amit/cocycles/bit/bit/src/utils/immutable-unshift.js">
<testcase time="0" name="/Users/Amit/cocycles/bit/bit/src/utils/immutable-unshift.js" />
</testsuite>
<testsuite package="org.eslint" time="0" tests="1" errors="0" name="/Users/Amit/cocycles/bit/bit/src/utils/index.js">
<testcase time="0" name="/Users/Amit/cocycles/bit/bit/src/utils/index.js" />
</testsuite>
<testsuite package="org.eslint" time="0" tests="1" errors="0" name="/Users/Amit/cocycles/bit/bit/src/utils/is-bit-url.js">
<testcase time="0" name="/Users/Amit/cocycles/bit/bit/src/utils/is-bit-url.js" />
</testsuite>
<testsuite package="org.eslint" time="0" tests="1" errors="0" name="/Users/Amit/cocycles/bit/bit/src/utils/is-dir-empty-sync.js">
<testcase time="0" name="/Users/Amit/cocycles/bit/bit/src/utils/is-dir-empty-sync.js" />
</testsuite>
<testsuite package="org.eslint" time="0" tests="1" errors="0" name="/Users/Amit/cocycles/bit/bit/src/utils/is-dir.js">
<testcase time="0" name="/Users/Amit/cocycles/bit/bit/src/utils/is-dir.js" />
</testsuite>
<testsuite package="org.eslint" time="0" tests="1" errors="0" name="/Users/Amit/cocycles/bit/bit/src/utils/is-valid-id-chunk.js">
<testcase time="0" name="/Users/Amit/cocycles/bit/bit/src/utils/is-valid-id-chunk.js" />
</testsuite>
<testsuite package="org.eslint" time="0" tests="1" errors="0" name="/Users/Amit/cocycles/bit/bit/src/utils/is-valid-path.js">
<testcase time="0" name="/Users/Amit/cocycles/bit/bit/src/utils/is-valid-path.js" />
</testsuite>
<testsuite package="org.eslint" time="0" tests="1" errors="0" name="/Users/Amit/cocycles/bit/bit/src/utils/is-valid-scope-name.js">
<testcase time="0" name="/Users/Amit/cocycles/bit/bit/src/utils/is-valid-scope-name.js" />
</testsuite>
<testsuite package="org.eslint" time="0" tests="1" errors="0" name="/Users/Amit/cocycles/bit/bit/src/utils/map-object.js">
<testcase time="0" name="/Users/Amit/cocycles/bit/bit/src/utils/map-object.js" />
</testsuite>
<testsuite package="org.eslint" time="0" tests="1" errors="0" name="/Users/Amit/cocycles/bit/bit/src/utils/map/to-object.js">
<testcase time="0" name="/Users/Amit/cocycles/bit/bit/src/utils/map/to-object.js" />
</testsuite>
<testsuite package="org.eslint" time="0" tests="1" errors="0" name="/Users/Amit/cocycles/bit/bit/src/utils/mkdirp.js">
<testcase time="0" name="/Users/Amit/cocycles/bit/bit/src/utils/mkdirp.js" />
</testsuite>
<testsuite package="org.eslint" time="0" tests="1" errors="0" name="/Users/Amit/cocycles/bit/bit/src/utils/number/is-number.js">
<testcase time="0" name="/Users/Amit/cocycles/bit/bit/src/utils/number/is-number.js" />
</testsuite>
<testsuite package="org.eslint" time="0" tests="1" errors="0" name="/Users/Amit/cocycles/bit/bit/src/utils/number/is-numeric.js">
<testcase time="0" name="/Users/Amit/cocycles/bit/bit/src/utils/number/is-numeric.js" />
</testsuite>
<testsuite package="org.eslint" time="0" tests="1" errors="0" name="/Users/Amit/cocycles/bit/bit/src/utils/object-clean.js">
<testcase time="0" name="/Users/Amit/cocycles/bit/bit/src/utils/object-clean.js" />
</testsuite>
<testsuite package="org.eslint" time="0" tests="1" errors="0" name="/Users/Amit/cocycles/bit/bit/src/utils/object/empty.js">
<testcase time="0" name="/Users/Amit/cocycles/bit/bit/src/utils/object/empty.js" />
</testsuite>
<testsuite package="org.eslint" time="0" tests="1" errors="0" name="/Users/Amit/cocycles/bit/bit/src/utils/object/filter.js">
<testcase time="0" name="/Users/Amit/cocycles/bit/bit/src/utils/object/filter.js" />
</testsuite>
<testsuite package="org.eslint" time="0" tests="1" errors="0" name="/Users/Amit/cocycles/bit/bit/src/utils/object/foreach.js">
<testcase time="0" name="/Users/Amit/cocycles/bit/bit/src/utils/object/foreach.js" />
</testsuite>
<testsuite package="org.eslint" time="0" tests="1" errors="0" name="/Users/Amit/cocycles/bit/bit/src/utils/object/has-own-property.js">
<testcase time="0" name="/Users/Amit/cocycles/bit/bit/src/utils/object/has-own-property.js" />
</testsuite>
<testsuite package="org.eslint" time="0" tests="1" errors="0" name="/Users/Amit/cocycles/bit/bit/src/utils/object/to-tuple-array.js">
<testcase time="0" name="/Users/Amit/cocycles/bit/bit/src/utils/object/to-tuple-array.js" />
</testsuite>
<testsuite package="org.eslint" time="0" tests="1" errors="0" name="/Users/Amit/cocycles/bit/bit/src/utils/object/values.js">
<testcase time="0" name="/Users/Amit/cocycles/bit/bit/src/utils/object/values.js" />
</testsuite>
<testsuite package="org.eslint" time="0" tests="1" errors="0" name="/Users/Amit/cocycles/bit/bit/src/utils/os-resolve-group-id.js">
<testcase time="0" name="/Users/Amit/cocycles/bit/bit/src/utils/os-resolve-group-id.js" />
</testsuite>
<testsuite package="org.eslint" time="0" tests="1" errors="0" name="/Users/Amit/cocycles/bit/bit/src/utils/os-resolve-home-path.js">
<testcase time="0" name="/Users/Amit/cocycles/bit/bit/src/utils/os-resolve-home-path.js" />
</testsuite>
<testsuite package="org.eslint" time="0" tests="1" errors="0" name="/Users/Amit/cocycles/bit/bit/src/utils/pack-command.js">
<testcase time="0" name="/Users/Amit/cocycles/bit/bit/src/utils/pack-command.js" />
</testsuite>
<testsuite package="org.eslint" time="0" tests="1" errors="0" name="/Users/Amit/cocycles/bit/bit/src/utils/path-is-inside.js">
<testcase time="0" name="/Users/Amit/cocycles/bit/bit/src/utils/path-is-inside.js" />
</testsuite>
<testsuite package="org.eslint" time="0" tests="1" errors="0" name="/Users/Amit/cocycles/bit/bit/src/utils/prepend-bang.js">
<testcase time="0" name="/Users/Amit/cocycles/bit/bit/src/utils/prepend-bang.js" />
</testsuite>
<testsuite package="org.eslint" time="0" tests="1" errors="0" name="/Users/Amit/cocycles/bit/bit/src/utils/promise-all-settled.js">
<testcase time="0" name="/Users/Amit/cocycles/bit/bit/src/utils/promise-all-settled.js" />
</testsuite>
<testsuite package="org.eslint" time="0" tests="1" errors="0" name="/Users/Amit/cocycles/bit/bit/src/utils/promisify.js">
<testcase time="0" name="/Users/Amit/cocycles/bit/bit/src/utils/promisify.js" />
</testsuite>
<testsuite package="org.eslint" time="0" tests="1" errors="0" name="/Users/Amit/cocycles/bit/bit/src/utils/remove-containing-dir-if-empty.js">
<testcase time="0" name="/Users/Amit/cocycles/bit/bit/src/utils/remove-containing-dir-if-empty.js" />
</testsuite>
<testsuite package="org.eslint" time="0" tests="1" errors="0" name="/Users/Amit/cocycles/bit/bit/src/utils/remove-from-require-cache.js">
<testcase time="0" name="/Users/Amit/cocycles/bit/bit/src/utils/remove-from-require-cache.js" />
</testsuite>
<testsuite package="org.eslint" time="0" tests="1" errors="0" name="/Users/Amit/cocycles/bit/bit/src/utils/resolve-boolean.js">
<testcase time="0" name="/Users/Amit/cocycles/bit/bit/src/utils/resolve-boolean.js" />
</testsuite>
<testsuite package="org.eslint" time="0" tests="1" errors="0" name="/Users/Amit/cocycles/bit/bit/src/utils/resolveLatestVersion.js">
<testcase time="0" name="/Users/Amit/cocycles/bit/bit/src/utils/resolveLatestVersion.js" />
</testsuite>
<testsuite package="org.eslint" time="0" tests="1" errors="0" name="/Users/Amit/cocycles/bit/bit/src/utils/ssh/identity-file.js">
<testcase time="0" name="/Users/Amit/cocycles/bit/bit/src/utils/ssh/identity-file.js" />
</testsuite>
<testsuite package="org.eslint" time="0" tests="1" errors="0" name="/Users/Amit/cocycles/bit/bit/src/utils/ssh/parse-url.js">
<testcase time="0" name="/Users/Amit/cocycles/bit/bit/src/utils/ssh/parse-url.js" />
</testsuite>
<testsuite package="org.eslint" time="0" tests="1" errors="0" name="/Users/Amit/cocycles/bit/bit/src/utils/string/camel-case.js">
<testcase time="0" name="/Users/Amit/cocycles/bit/bit/src/utils/string/camel-case.js" />
</testsuite>
<testsuite package="org.eslint" time="0" tests="1" errors="0" name="/Users/Amit/cocycles/bit/bit/src/utils/string/clean-bang.js">
<testcase time="0" name="/Users/Amit/cocycles/bit/bit/src/utils/string/clean-bang.js" />
</testsuite>
<testsuite package="org.eslint" time="0" tests="1" errors="0" name="/Users/Amit/cocycles/bit/bit/src/utils/string/clean-char.js">
<testcase time="0" name="/Users/Amit/cocycles/bit/bit/src/utils/string/clean-char.js" />
</testsuite>
<testsuite package="org.eslint" time="0" tests="1" errors="0" name="/Users/Amit/cocycles/bit/bit/src/utils/string/contains.js">
<testcase time="0" name="/Users/Amit/cocycles/bit/bit/src/utils/string/contains.js" />
</testsuite>
<testsuite package="org.eslint" time="0" tests="1" errors="0" name="/Users/Amit/cocycles/bit/bit/src/utils/string/from-base64.js">
<testcase time="0" name="/Users/Amit/cocycles/bit/bit/src/utils/string/from-base64.js" />
</testsuite>
<testsuite package="org.eslint" time="0" tests="1" errors="0" name="/Users/Amit/cocycles/bit/bit/src/utils/string/is-string.js">
<testcase time="0" name="/Users/Amit/cocycles/bit/bit/src/utils/string/is-string.js" />
</testsuite>
<testsuite package="org.eslint" time="0" tests="1" errors="0" name="/Users/Amit/cocycles/bit/bit/src/utils/string/to-base64.js">
<testcase time="0" name="/Users/Amit/cocycles/bit/bit/src/utils/string/to-base64.js" />
</testsuite>
<testsuite package="org.eslint" time="0" tests="1" errors="0" name="/Users/Amit/cocycles/bit/bit/src/utils/unpack-command.js">
<testcase time="0" name="/Users/Amit/cocycles/bit/bit/src/utils/unpack-command.js" />
</testsuite>
<testsuite package="org.eslint" time="0" tests="1" errors="0" name="/Users/Amit/cocycles/bit/bit/src/utils/zlib-deflate.js">
<testcase time="0" name="/Users/Amit/cocycles/bit/bit/src/utils/zlib-deflate.js" />
</testsuite>
<testsuite package="org.eslint" time="0" tests="1" errors="0" name="/Users/Amit/cocycles/bit/bit/src/utils/zlib-inflate.js">
<testcase time="0" name="/Users/Amit/cocycles/bit/bit/src/utils/zlib-inflate.js" />
</testsuite>
<testsuite package="org.eslint" time="0" tests="1" errors="0" name="/Users/Amit/cocycles/bit/bit/src/version/exceptions/index.js">
<testcase time="0" name="/Users/Amit/cocycles/bit/bit/src/version/exceptions/index.js" />
</testsuite>
<testsuite package="org.eslint" time="0" tests="1" errors="0" name="/Users/Amit/cocycles/bit/bit/src/version/exceptions/invalid-version-change.js">
<testcase time="0" name="/Users/Amit/cocycles/bit/bit/src/version/exceptions/invalid-version-change.js" />
</testsuite>
<testsuite package="org.eslint" time="0" tests="1" errors="0" name="/Users/Amit/cocycles/bit/bit/src/version/exceptions/invalid-version.js">
<testcase time="0" name="/Users/Amit/cocycles/bit/bit/src/version/exceptions/invalid-version.js" />
</testsuite>
<testsuite package="org.eslint" time="0" tests="1" errors="0" name="/Users/Amit/cocycles/bit/bit/src/version/index.js">
<testcase time="0" name="/Users/Amit/cocycles/bit/bit/src/version/index.js" />
</testsuite>
<testsuite package="org.eslint" time="0" tests="1" errors="0" name="/Users/Amit/cocycles/bit/bit/src/version/version-parser.js">
<testcase time="0" name="/Users/Amit/cocycles/bit/bit/src/version/version-parser.js" />
</testsuite>
<testsuite package="org.eslint" time="0" tests="1" errors="0" name="/Users/Amit/cocycles/bit/bit/src/version/version.js">
<testcase time="0" name="/Users/Amit/cocycles/bit/bit/src/version/version.js" />
</testsuite>
</testsuites>
