<?xml version="1.0" encoding="utf-8"?>
<testsuites>
<testsuite package="org.eslint" time="0" tests="1" errors="0" name="/Users/guysaar/dev/bit-runtimes/components/Avatar/avatar.tsx">
<testcase time="0" name="/Users/guysaar/dev/bit-runtimes/components/Avatar/avatar.tsx" classname="/Users/guysaar/dev/bit-runtimes/components/Avatar/avatar" />
</testsuite>
<testsuite package="org.eslint" time="0" tests="1" errors="0" name="/Users/guysaar/dev/bit-runtimes/components/Avatar/default-avatar.tsx">
<testcase time="0" name="/Users/guysaar/dev/bit-runtimes/components/Avatar/default-avatar.tsx" classname="/Users/guysaar/dev/bit-runtimes/components/Avatar/default-avatar" />
</testsuite>
<testsuite package="org.eslint" time="0" tests="1" errors="0" name="/Users/guysaar/dev/bit-runtimes/components/Avatar/index.ts">
<testcase time="0" name="/Users/guysaar/dev/bit-runtimes/components/Avatar/index.ts" classname="/Users/guysaar/dev/bit-runtimes/components/Avatar/index" />
</testsuite>
<testsuite package="org.eslint" time="0" tests="1" errors="0" name="/Users/guysaar/dev/bit-runtimes/components/Avatar/org-avatar.tsx">
<testcase time="0" name="/Users/guysaar/dev/bit-runtimes/components/Avatar/org-avatar.tsx" classname="/Users/guysaar/dev/bit-runtimes/components/Avatar/org-avatar" />
</testsuite>
<testsuite package="org.eslint" time="0" tests="1" errors="0" name="/Users/guysaar/dev/bit-runtimes/components/Avatar/user-avatar.tsx">
<testcase time="0" name="/Users/guysaar/dev/bit-runtimes/components/Avatar/user-avatar.tsx" classname="/Users/guysaar/dev/bit-runtimes/components/Avatar/user-avatar" />
</testsuite>
<testsuite package="org.eslint" time="0" tests="1" errors="0" name="/Users/guysaar/dev/bit-runtimes/components/Avatar/utils.ts">
<testcase time="0" name="/Users/guysaar/dev/bit-runtimes/components/Avatar/utils.ts" classname="/Users/guysaar/dev/bit-runtimes/components/Avatar/utils" />
</testsuite>
<testsuite package="org.eslint" time="0" tests="1" errors="0" name="/Users/guysaar/dev/bit-runtimes/components/component-status/component-status.tsx">
<testcase time="0" name="/Users/guysaar/dev/bit-runtimes/components/component-status/component-status.tsx" classname="/Users/guysaar/dev/bit-runtimes/components/component-status/component-status" />
</testsuite>
<testsuite package="org.eslint" time="0" tests="1" errors="0" name="/Users/guysaar/dev/bit-runtimes/components/component-status/index.ts">
<testcase time="0" name="/Users/guysaar/dev/bit-runtimes/components/component-status/index.ts" classname="/Users/guysaar/dev/bit-runtimes/components/component-status/index" />
</testsuite>
<testsuite package="org.eslint" time="0" tests="1" errors="0" name="/Users/guysaar/dev/bit-runtimes/components/component-status-resolver/color-override.ts">
<testcase time="0" name="/Users/guysaar/dev/bit-runtimes/components/component-status-resolver/color-override.ts" classname="/Users/guysaar/dev/bit-runtimes/components/component-status-resolver/color-override" />
</testsuite>
<testsuite package="org.eslint" time="0" tests="1" errors="0" name="/Users/guysaar/dev/bit-runtimes/components/component-status-resolver/component-status-resolver.tsx">
<testcase time="0" name="/Users/guysaar/dev/bit-runtimes/components/component-status-resolver/component-status-resolver.tsx" classname="/Users/guysaar/dev/bit-runtimes/components/component-status-resolver/component-status-resolver" />
</testsuite>
<testsuite package="org.eslint" time="0" tests="1" errors="0" name="/Users/guysaar/dev/bit-runtimes/components/component-status-resolver/index.ts">
<testcase time="0" name="/Users/guysaar/dev/bit-runtimes/components/component-status-resolver/index.ts" classname="/Users/guysaar/dev/bit-runtimes/components/component-status-resolver/index" />
</testsuite>
<testsuite package="org.eslint" time="0" tests="1" errors="0" name="/Users/guysaar/dev/bit-runtimes/components/component-tooltip/component-tooltip.tsx">
<testcase time="0" name="/Users/guysaar/dev/bit-runtimes/components/component-tooltip/component-tooltip.tsx" classname="/Users/guysaar/dev/bit-runtimes/components/component-tooltip/component-tooltip" />
</testsuite>
<testsuite package="org.eslint" time="0" tests="1" errors="0" name="/Users/guysaar/dev/bit-runtimes/components/component-tooltip/index.ts">
<testcase time="0" name="/Users/guysaar/dev/bit-runtimes/components/component-tooltip/index.ts" classname="/Users/guysaar/dev/bit-runtimes/components/component-tooltip/index" />
</testsuite>
<testsuite package="org.eslint" time="0" tests="1" errors="0" name="/Users/guysaar/dev/bit-runtimes/components/contributors/contributors.tsx">
<testcase time="0" name="/Users/guysaar/dev/bit-runtimes/components/contributors/contributors.tsx" classname="/Users/guysaar/dev/bit-runtimes/components/contributors/contributors" />
</testsuite>
<testsuite package="org.eslint" time="0" tests="1" errors="0" name="/Users/guysaar/dev/bit-runtimes/components/contributors/index.ts">
<testcase time="0" name="/Users/guysaar/dev/bit-runtimes/components/contributors/index.ts" classname="/Users/guysaar/dev/bit-runtimes/components/contributors/index" />
</testsuite>
<testsuite package="org.eslint" time="0" tests="1" errors="0" name="/Users/guysaar/dev/bit-runtimes/components/corner/corner.tsx">
<testcase time="0" name="/Users/guysaar/dev/bit-runtimes/components/corner/corner.tsx" classname="/Users/guysaar/dev/bit-runtimes/components/corner/corner" />
</testsuite>
<testsuite package="org.eslint" time="0" tests="1" errors="0" name="/Users/guysaar/dev/bit-runtimes/components/corner/index.ts">
<testcase time="0" name="/Users/guysaar/dev/bit-runtimes/components/corner/index.ts" classname="/Users/guysaar/dev/bit-runtimes/components/corner/index" />
</testsuite>
<testsuite package="org.eslint" time="0" tests="1" errors="0" name="/Users/guysaar/dev/bit-runtimes/components/empty-box/empty-box.tsx">
<testcase time="0" name="/Users/guysaar/dev/bit-runtimes/components/empty-box/empty-box.tsx" classname="/Users/guysaar/dev/bit-runtimes/components/empty-box/empty-box" />
</testsuite>
<testsuite package="org.eslint" time="0" tests="1" errors="0" name="/Users/guysaar/dev/bit-runtimes/components/empty-box/index.ts">
<testcase time="0" name="/Users/guysaar/dev/bit-runtimes/components/empty-box/index.ts" classname="/Users/guysaar/dev/bit-runtimes/components/empty-box/index" />
</testsuite>
<testsuite package="org.eslint" time="0" tests="1" errors="0" name="/Users/guysaar/dev/bit-runtimes/components/error-page/error-page.tsx">
<testcase time="0" name="/Users/guysaar/dev/bit-runtimes/components/error-page/error-page.tsx" classname="/Users/guysaar/dev/bit-runtimes/components/error-page/error-page" />
</testsuite>
<testsuite package="org.eslint" time="0" tests="1" errors="0" name="/Users/guysaar/dev/bit-runtimes/components/error-page/index.ts">
<testcase time="0" name="/Users/guysaar/dev/bit-runtimes/components/error-page/index.ts" classname="/Users/guysaar/dev/bit-runtimes/components/error-page/index" />
</testsuite>
<testsuite package="org.eslint" time="0" tests="1" errors="0" name="/Users/guysaar/dev/bit-runtimes/components/external-link/external-link.tsx">
<testcase time="0" name="/Users/guysaar/dev/bit-runtimes/components/external-link/external-link.tsx" classname="/Users/guysaar/dev/bit-runtimes/components/external-link/external-link" />
</testsuite>
<testsuite package="org.eslint" time="0" tests="1" errors="0" name="/Users/guysaar/dev/bit-runtimes/components/external-link/index.ts">
<testcase time="0" name="/Users/guysaar/dev/bit-runtimes/components/external-link/index.ts" classname="/Users/guysaar/dev/bit-runtimes/components/external-link/index" />
</testsuite>
<testsuite package="org.eslint" time="0" tests="1" errors="0" name="/Users/guysaar/dev/bit-runtimes/components/full-loader/full-loader.tsx">
<testcase time="0" name="/Users/guysaar/dev/bit-runtimes/components/full-loader/full-loader.tsx" classname="/Users/guysaar/dev/bit-runtimes/components/full-loader/full-loader" />
</testsuite>
<testsuite package="org.eslint" time="0" tests="1" errors="0" name="/Users/guysaar/dev/bit-runtimes/components/full-loader/index.ts">
<testcase time="0" name="/Users/guysaar/dev/bit-runtimes/components/full-loader/index.ts" classname="/Users/guysaar/dev/bit-runtimes/components/full-loader/index" />
</testsuite>
<testsuite package="org.eslint" time="0" tests="1" errors="0" name="/Users/guysaar/dev/bit-runtimes/components/label/index.ts">
<testcase time="0" name="/Users/guysaar/dev/bit-runtimes/components/label/index.ts" classname="/Users/guysaar/dev/bit-runtimes/components/label/index" />
</testsuite>
<testsuite package="org.eslint" time="0" tests="1" errors="0" name="/Users/guysaar/dev/bit-runtimes/components/label/label.simulation.tsx">
<testcase time="0" name="/Users/guysaar/dev/bit-runtimes/components/label/label.simulation.tsx" classname="/Users/guysaar/dev/bit-runtimes/components/label/label.simulation" />
</testsuite>
<testsuite package="org.eslint" time="0" tests="1" errors="0" name="/Users/guysaar/dev/bit-runtimes/components/label/label.tsx">
<testcase time="0" name="/Users/guysaar/dev/bit-runtimes/components/label/label.tsx" classname="/Users/guysaar/dev/bit-runtimes/components/label/label" />
</testsuite>
<testsuite package="org.eslint" time="0" tests="1" errors="0" name="/Users/guysaar/dev/bit-runtimes/components/main-dropdown/index.ts">
<testcase time="0" name="/Users/guysaar/dev/bit-runtimes/components/main-dropdown/index.ts" classname="/Users/guysaar/dev/bit-runtimes/components/main-dropdown/index" />
</testsuite>
<testsuite package="org.eslint" time="0" tests="1" errors="0" name="/Users/guysaar/dev/bit-runtimes/components/main-dropdown/main-dropdown.tsx">
<testcase time="0" name="/Users/guysaar/dev/bit-runtimes/components/main-dropdown/main-dropdown.tsx" classname="/Users/guysaar/dev/bit-runtimes/components/main-dropdown/main-dropdown" />
</testsuite>
<testsuite package="org.eslint" time="0" tests="1" errors="0" name="/Users/guysaar/dev/bit-runtimes/components/not-found-page/index.ts">
<testcase time="0" name="/Users/guysaar/dev/bit-runtimes/components/not-found-page/index.ts" classname="/Users/guysaar/dev/bit-runtimes/components/not-found-page/index" />
</testsuite>
<testsuite package="org.eslint" time="0" tests="1" errors="0" name="/Users/guysaar/dev/bit-runtimes/components/not-found-page/not-found-page.tsx">
<testcase time="0" name="/Users/guysaar/dev/bit-runtimes/components/not-found-page/not-found-page.tsx" classname="/Users/guysaar/dev/bit-runtimes/components/not-found-page/not-found-page" />
</testsuite>
<testsuite package="org.eslint" time="0" tests="1" errors="0" name="/Users/guysaar/dev/bit-runtimes/components/pill-label/index.ts">
<testcase time="0" name="/Users/guysaar/dev/bit-runtimes/components/pill-label/index.ts" classname="/Users/guysaar/dev/bit-runtimes/components/pill-label/index" />
</testsuite>
<testsuite package="org.eslint" time="0" tests="1" errors="0" name="/Users/guysaar/dev/bit-runtimes/components/pill-label/pill-label.tsx">
<testcase time="0" name="/Users/guysaar/dev/bit-runtimes/components/pill-label/pill-label.tsx" classname="/Users/guysaar/dev/bit-runtimes/components/pill-label/pill-label" />
</testsuite>
<testsuite package="org.eslint" time="0" tests="1" errors="0" name="/Users/guysaar/dev/bit-runtimes/components/scope-details/index.ts">
<testcase time="0" name="/Users/guysaar/dev/bit-runtimes/components/scope-details/index.ts" classname="/Users/guysaar/dev/bit-runtimes/components/scope-details/index" />
</testsuite>
<testsuite package="org.eslint" time="0" tests="1" errors="0" name="/Users/guysaar/dev/bit-runtimes/components/scope-details/scope-details.tsx">
<testcase time="0" name="/Users/guysaar/dev/bit-runtimes/components/scope-details/scope-details.tsx" classname="/Users/guysaar/dev/bit-runtimes/components/scope-details/scope-details" />
</testsuite>
<testsuite package="org.eslint" time="0" tests="1" errors="0" name="/Users/guysaar/dev/bit-runtimes/components/scope-labels/index.ts">
<testcase time="0" name="/Users/guysaar/dev/bit-runtimes/components/scope-labels/index.ts" classname="/Users/guysaar/dev/bit-runtimes/components/scope-labels/index" />
</testsuite>
<testsuite package="org.eslint" time="0" tests="1" errors="0" name="/Users/guysaar/dev/bit-runtimes/components/scope-labels/scope-labels.tsx">
<testcase time="0" name="/Users/guysaar/dev/bit-runtimes/components/scope-labels/scope-labels.tsx" classname="/Users/guysaar/dev/bit-runtimes/components/scope-labels/scope-labels" />
</testsuite>
<testsuite package="org.eslint" time="0" tests="1" errors="0" name="/Users/guysaar/dev/bit-runtimes/components/scope-title/index.ts">
<testcase time="0" name="/Users/guysaar/dev/bit-runtimes/components/scope-title/index.ts" classname="/Users/guysaar/dev/bit-runtimes/components/scope-title/index" />
</testsuite>
<testsuite package="org.eslint" time="0" tests="1" errors="0" name="/Users/guysaar/dev/bit-runtimes/components/scope-title/scope-title.tsx">
<testcase time="0" name="/Users/guysaar/dev/bit-runtimes/components/scope-title/scope-title.tsx" classname="/Users/guysaar/dev/bit-runtimes/components/scope-title/scope-title" />
</testsuite>
<testsuite package="org.eslint" time="0" tests="1" errors="0" name="/Users/guysaar/dev/bit-runtimes/components/separator/index.ts">
<testcase time="0" name="/Users/guysaar/dev/bit-runtimes/components/separator/index.ts" classname="/Users/guysaar/dev/bit-runtimes/components/separator/index" />
</testsuite>
<testsuite package="org.eslint" time="0" tests="1" errors="0" name="/Users/guysaar/dev/bit-runtimes/components/separator/separator.tsx">
<testcase time="0" name="/Users/guysaar/dev/bit-runtimes/components/separator/separator.tsx" classname="/Users/guysaar/dev/bit-runtimes/components/separator/separator" />
</testsuite>
<testsuite package="org.eslint" time="0" tests="1" errors="0" name="/Users/guysaar/dev/bit-runtimes/components/server-error-page/index.ts">
<testcase time="0" name="/Users/guysaar/dev/bit-runtimes/components/server-error-page/index.ts" classname="/Users/guysaar/dev/bit-runtimes/components/server-error-page/index" />
</testsuite>
<testsuite package="org.eslint" time="0" tests="1" errors="0" name="/Users/guysaar/dev/bit-runtimes/components/server-error-page/server-error-page.tsx">
<testcase time="0" name="/Users/guysaar/dev/bit-runtimes/components/server-error-page/server-error-page.tsx" classname="/Users/guysaar/dev/bit-runtimes/components/server-error-page/server-error-page" />
</testsuite>
<testsuite package="org.eslint" time="0" tests="1" errors="0" name="/Users/guysaar/dev/bit-runtimes/components/side-bar/component-tree/component-nodes/component-nodes.tsx">
<testcase time="0" name="/Users/guysaar/dev/bit-runtimes/components/side-bar/component-tree/component-nodes/component-nodes.tsx" classname="/Users/guysaar/dev/bit-runtimes/components/side-bar/component-tree/component-nodes/component-nodes" />
</testsuite>
<testsuite package="org.eslint" time="0" tests="1" errors="0" name="/Users/guysaar/dev/bit-runtimes/components/side-bar/component-tree/component-nodes/index.ts">
<testcase time="0" name="/Users/guysaar/dev/bit-runtimes/components/side-bar/component-tree/component-nodes/index.ts" classname="/Users/guysaar/dev/bit-runtimes/components/side-bar/component-tree/component-nodes/index" />
</testsuite>
<testsuite package="org.eslint" time="0" tests="1" errors="0" name="/Users/guysaar/dev/bit-runtimes/components/side-bar/component-tree/component-tree-context.tsx">
<testcase time="0" name="/Users/guysaar/dev/bit-runtimes/components/side-bar/component-tree/component-tree-context.tsx" classname="/Users/guysaar/dev/bit-runtimes/components/side-bar/component-tree/component-tree-context" />
</testsuite>
<testsuite package="org.eslint" time="0" tests="1" errors="0" name="/Users/guysaar/dev/bit-runtimes/components/side-bar/component-tree/component-tree.tsx">
<testcase time="0" name="/Users/guysaar/dev/bit-runtimes/components/side-bar/component-tree/component-tree.tsx" classname="/Users/guysaar/dev/bit-runtimes/components/side-bar/component-tree/component-tree" />
</testsuite>
<testsuite package="org.eslint" time="0" tests="1" errors="0" name="/Users/guysaar/dev/bit-runtimes/components/side-bar/component-tree/component-view/component-view.tsx">
<testcase time="0" name="/Users/guysaar/dev/bit-runtimes/components/side-bar/component-tree/component-view/component-view.tsx" classname="/Users/guysaar/dev/bit-runtimes/components/side-bar/component-tree/component-view/component-view" />
</testsuite>
<testsuite package="org.eslint" time="0" tests="1" errors="0" name="/Users/guysaar/dev/bit-runtimes/components/side-bar/component-tree/component-view/index.ts">
<testcase time="0" name="/Users/guysaar/dev/bit-runtimes/components/side-bar/component-tree/component-view/index.ts" classname="/Users/guysaar/dev/bit-runtimes/components/side-bar/component-tree/component-view/index" />
</testsuite>
<testsuite package="org.eslint" time="0" tests="1" errors="0" name="/Users/guysaar/dev/bit-runtimes/components/side-bar/component-tree/indent/indent.tsx">
<testcase time="0" name="/Users/guysaar/dev/bit-runtimes/components/side-bar/component-tree/indent/indent.tsx" classname="/Users/guysaar/dev/bit-runtimes/components/side-bar/component-tree/indent/indent" />
</testsuite>
<testsuite package="org.eslint" time="0" tests="1" errors="0" name="/Users/guysaar/dev/bit-runtimes/components/side-bar/component-tree/indent/index.ts">
<testcase time="0" name="/Users/guysaar/dev/bit-runtimes/components/side-bar/component-tree/indent/index.ts" classname="/Users/guysaar/dev/bit-runtimes/components/side-bar/component-tree/indent/index" />
</testsuite>
<testsuite package="org.eslint" time="0" tests="1" errors="0" name="/Users/guysaar/dev/bit-runtimes/components/side-bar/component-tree/index.ts">
<testcase time="0" name="/Users/guysaar/dev/bit-runtimes/components/side-bar/component-tree/index.ts" classname="/Users/guysaar/dev/bit-runtimes/components/side-bar/component-tree/index" />
</testsuite>
<testsuite package="org.eslint" time="0" tests="1" errors="0" name="/Users/guysaar/dev/bit-runtimes/components/side-bar/component-tree/inflate-paths/attach-payload.ts">
<testcase time="0" name="/Users/guysaar/dev/bit-runtimes/components/side-bar/component-tree/inflate-paths/attach-payload.ts" classname="/Users/guysaar/dev/bit-runtimes/components/side-bar/component-tree/inflate-paths/attach-payload" />
</testsuite>
<testsuite package="org.eslint" time="0" tests="1" errors="0" name="/Users/guysaar/dev/bit-runtimes/components/side-bar/component-tree/inflate-paths/index.ts">
<testcase time="0" name="/Users/guysaar/dev/bit-runtimes/components/side-bar/component-tree/inflate-paths/index.ts" classname="/Users/guysaar/dev/bit-runtimes/components/side-bar/component-tree/inflate-paths/index" />
</testsuite>
<testsuite package="org.eslint" time="0" tests="1" errors="0" name="/Users/guysaar/dev/bit-runtimes/components/side-bar/component-tree/inflate-paths/inflate-paths.spec.ts">
<testcase time="0" name="/Users/guysaar/dev/bit-runtimes/components/side-bar/component-tree/inflate-paths/inflate-paths.spec.ts" classname="/Users/guysaar/dev/bit-runtimes/components/side-bar/component-tree/inflate-paths/inflate-paths.spec" />
</testsuite>
<testsuite package="org.eslint" time="0" tests="1" errors="0" name="/Users/guysaar/dev/bit-runtimes/components/side-bar/component-tree/inflate-paths/inflate-paths.ts">
<testcase time="0" name="/Users/guysaar/dev/bit-runtimes/components/side-bar/component-tree/inflate-paths/inflate-paths.ts" classname="/Users/guysaar/dev/bit-runtimes/components/side-bar/component-tree/inflate-paths/inflate-paths" />
</testsuite>
<testsuite package="org.eslint" time="0" tests="1" errors="0" name="/Users/guysaar/dev/bit-runtimes/components/side-bar/component-tree/inflate-paths/key-tree-to-node-tree.spec.ts">
<testcase time="0" name="/Users/guysaar/dev/bit-runtimes/components/side-bar/component-tree/inflate-paths/key-tree-to-node-tree.spec.ts" classname="/Users/guysaar/dev/bit-runtimes/components/side-bar/component-tree/inflate-paths/key-tree-to-node-tree.spec" />
</testsuite>
<testsuite package="org.eslint" time="0" tests="1" errors="0" name="/Users/guysaar/dev/bit-runtimes/components/side-bar/component-tree/inflate-paths/key-tree-to-node-tree.ts">
<testcase time="0" name="/Users/guysaar/dev/bit-runtimes/components/side-bar/component-tree/inflate-paths/key-tree-to-node-tree.ts" classname="/Users/guysaar/dev/bit-runtimes/components/side-bar/component-tree/inflate-paths/key-tree-to-node-tree" />
</testsuite>
<testsuite package="org.eslint" time="0" tests="1" errors="0" name="/Users/guysaar/dev/bit-runtimes/components/side-bar/component-tree/inflate-paths/key-tree.spec.ts">
<testcase time="0" name="/Users/guysaar/dev/bit-runtimes/components/side-bar/component-tree/inflate-paths/key-tree.spec.ts" classname="/Users/guysaar/dev/bit-runtimes/components/side-bar/component-tree/inflate-paths/key-tree.spec" />
</testsuite>
<testsuite package="org.eslint" time="0" tests="1" errors="0" name="/Users/guysaar/dev/bit-runtimes/components/side-bar/component-tree/inflate-paths/key-tree.ts">
<testcase time="0" name="/Users/guysaar/dev/bit-runtimes/components/side-bar/component-tree/inflate-paths/key-tree.ts" classname="/Users/guysaar/dev/bit-runtimes/components/side-bar/component-tree/inflate-paths/key-tree" />
</testsuite>
<testsuite package="org.eslint" time="0" tests="1" errors="0" name="/Users/guysaar/dev/bit-runtimes/components/side-bar/component-tree/payload-type.tsx">
<testcase time="0" name="/Users/guysaar/dev/bit-runtimes/components/side-bar/component-tree/payload-type.tsx" classname="/Users/guysaar/dev/bit-runtimes/components/side-bar/component-tree/payload-type" />
</testsuite>
<testsuite package="org.eslint" time="0" tests="1" errors="0" name="/Users/guysaar/dev/bit-runtimes/components/side-bar/component-tree/recursive-tree/default-tree-node.tsx">
<testcase time="0" name="/Users/guysaar/dev/bit-runtimes/components/side-bar/component-tree/recursive-tree/default-tree-node.tsx" classname="/Users/guysaar/dev/bit-runtimes/components/side-bar/component-tree/recursive-tree/default-tree-node" />
</testsuite>
<testsuite package="org.eslint" time="0" tests="1" errors="0" name="/Users/guysaar/dev/bit-runtimes/components/side-bar/component-tree/recursive-tree/index.tsx">
<testcase time="0" name="/Users/guysaar/dev/bit-runtimes/components/side-bar/component-tree/recursive-tree/index.tsx" classname="/Users/guysaar/dev/bit-runtimes/components/side-bar/component-tree/recursive-tree/index" />
</testsuite>
<testsuite package="org.eslint" time="0" tests="1" errors="0" name="/Users/guysaar/dev/bit-runtimes/components/side-bar/component-tree/recursive-tree/tree-layer.tsx">
<testcase time="0" name="/Users/guysaar/dev/bit-runtimes/components/side-bar/component-tree/recursive-tree/tree-layer.tsx" classname="/Users/guysaar/dev/bit-runtimes/components/side-bar/component-tree/recursive-tree/tree-layer" />
</testsuite>
<testsuite package="org.eslint" time="0" tests="1" errors="0" name="/Users/guysaar/dev/bit-runtimes/components/side-bar/component-tree/recursive-tree/tree-node-context.tsx">
<testcase time="0" name="/Users/guysaar/dev/bit-runtimes/components/side-bar/component-tree/recursive-tree/tree-node-context.tsx" classname="/Users/guysaar/dev/bit-runtimes/components/side-bar/component-tree/recursive-tree/tree-node-context" />
</testsuite>
<testsuite package="org.eslint" time="0" tests="1" errors="0" name="/Users/guysaar/dev/bit-runtimes/components/side-bar/component-tree/recursive-tree/tree-types.ts">
<testcase time="0" name="/Users/guysaar/dev/bit-runtimes/components/side-bar/component-tree/recursive-tree/tree-types.ts" classname="/Users/guysaar/dev/bit-runtimes/components/side-bar/component-tree/recursive-tree/tree-types" />
</testsuite>
<testsuite package="org.eslint" time="0" tests="1" errors="0" name="/Users/guysaar/dev/bit-runtimes/components/side-bar/component-tree/root-node/index.ts">
<testcase time="0" name="/Users/guysaar/dev/bit-runtimes/components/side-bar/component-tree/root-node/index.ts" classname="/Users/guysaar/dev/bit-runtimes/components/side-bar/component-tree/root-node/index" />
</testsuite>
<testsuite package="org.eslint" time="0" tests="1" errors="0" name="/Users/guysaar/dev/bit-runtimes/components/side-bar/component-tree/root-node/root-node.tsx">
<testcase time="0" name="/Users/guysaar/dev/bit-runtimes/components/side-bar/component-tree/root-node/root-node.tsx" classname="/Users/guysaar/dev/bit-runtimes/components/side-bar/component-tree/root-node/root-node" />
</testsuite>
<testsuite package="org.eslint" time="0" tests="1" errors="0" name="/Users/guysaar/dev/bit-runtimes/components/side-bar/component-tree/status-dot/index.ts">
<testcase time="0" name="/Users/guysaar/dev/bit-runtimes/components/side-bar/component-tree/status-dot/index.ts" classname="/Users/guysaar/dev/bit-runtimes/components/side-bar/component-tree/status-dot/index" />
</testsuite>
<testsuite package="org.eslint" time="0" tests="1" errors="0" name="/Users/guysaar/dev/bit-runtimes/components/side-bar/component-tree/status-dot/status-dot.tsx">
<testcase time="0" name="/Users/guysaar/dev/bit-runtimes/components/side-bar/component-tree/status-dot/status-dot.tsx" classname="/Users/guysaar/dev/bit-runtimes/components/side-bar/component-tree/status-dot/status-dot" />
</testsuite>
<testsuite package="org.eslint" time="0" tests="1" errors="0" name="/Users/guysaar/dev/bit-runtimes/components/side-bar/component-tree/utils/get-name.tsx">
<testcase time="0" name="/Users/guysaar/dev/bit-runtimes/components/side-bar/component-tree/utils/get-name.tsx" classname="/Users/guysaar/dev/bit-runtimes/components/side-bar/component-tree/utils/get-name" />
</testsuite>
<testsuite package="org.eslint" time="0" tests="1" errors="0" name="/Users/guysaar/dev/bit-runtimes/components/side-bar/index.ts">
<testcase time="0" name="/Users/guysaar/dev/bit-runtimes/components/side-bar/index.ts" classname="/Users/guysaar/dev/bit-runtimes/components/side-bar/index" />
</testsuite>
<testsuite package="org.eslint" time="0" tests="1" errors="0" name="/Users/guysaar/dev/bit-runtimes/components/side-bar/overview-link/index.ts">
<testcase time="0" name="/Users/guysaar/dev/bit-runtimes/components/side-bar/overview-link/index.ts" classname="/Users/guysaar/dev/bit-runtimes/components/side-bar/overview-link/index" />
</testsuite>
<testsuite package="org.eslint" time="0" tests="1" errors="0" name="/Users/guysaar/dev/bit-runtimes/components/side-bar/overview-link/overview-link.tsx">
<testcase time="0" name="/Users/guysaar/dev/bit-runtimes/components/side-bar/overview-link/overview-link.tsx" classname="/Users/guysaar/dev/bit-runtimes/components/side-bar/overview-link/overview-link" />
</testsuite>
<testsuite package="org.eslint" time="0" tests="1" errors="0" name="/Users/guysaar/dev/bit-runtimes/components/side-bar/side-bar.tsx">
<testcase time="0" name="/Users/guysaar/dev/bit-runtimes/components/side-bar/side-bar.tsx" classname="/Users/guysaar/dev/bit-runtimes/components/side-bar/side-bar" />
</testsuite>
<testsuite package="org.eslint" time="0" tests="1" errors="0" name="/Users/guysaar/dev/bit-runtimes/components/side-bar/sidebar-collapser/index.ts">
<testcase time="0" name="/Users/guysaar/dev/bit-runtimes/components/side-bar/sidebar-collapser/index.ts" classname="/Users/guysaar/dev/bit-runtimes/components/side-bar/sidebar-collapser/index" />
</testsuite>
<testsuite package="org.eslint" time="0" tests="1" errors="0" name="/Users/guysaar/dev/bit-runtimes/components/side-bar/sidebar-collapser/sidebar-collapser.tsx">
<testcase time="0" name="/Users/guysaar/dev/bit-runtimes/components/side-bar/sidebar-collapser/sidebar-collapser.tsx" classname="/Users/guysaar/dev/bit-runtimes/components/side-bar/sidebar-collapser/sidebar-collapser" />
</testsuite>
<testsuite package="org.eslint" time="0" tests="1" errors="0" name="/Users/guysaar/dev/bit-runtimes/components/status/index.ts">
<testcase time="0" name="/Users/guysaar/dev/bit-runtimes/components/status/index.ts" classname="/Users/guysaar/dev/bit-runtimes/components/status/index" />
</testsuite>
<testsuite package="org.eslint" time="0" tests="1" errors="0" name="/Users/guysaar/dev/bit-runtimes/components/status/status.tsx">
<testcase time="0" name="/Users/guysaar/dev/bit-runtimes/components/status/status.tsx" classname="/Users/guysaar/dev/bit-runtimes/components/status/status" />
</testsuite>
<testsuite package="org.eslint" time="0" tests="1" errors="0" name="/Users/guysaar/dev/bit-runtimes/components/time-ago/index.ts">
<testcase time="0" name="/Users/guysaar/dev/bit-runtimes/components/time-ago/index.ts" classname="/Users/guysaar/dev/bit-runtimes/components/time-ago/index" />
</testsuite>
<testsuite package="org.eslint" time="0" tests="1" errors="0" name="/Users/guysaar/dev/bit-runtimes/components/time-ago/time-ago.tsx">
<testcase time="0" name="/Users/guysaar/dev/bit-runtimes/components/time-ago/time-ago.tsx" classname="/Users/guysaar/dev/bit-runtimes/components/time-ago/time-ago" />
</testsuite>
<testsuite package="org.eslint" time="0" tests="1" errors="0" name="/Users/guysaar/dev/bit-runtimes/components/top-bar/index.ts">
<testcase time="0" name="/Users/guysaar/dev/bit-runtimes/components/top-bar/index.ts" classname="/Users/guysaar/dev/bit-runtimes/components/top-bar/index" />
</testsuite>
<testsuite package="org.eslint" time="0" tests="1" errors="0" name="/Users/guysaar/dev/bit-runtimes/components/top-bar/top-bar.tsx">
<testcase time="0" name="/Users/guysaar/dev/bit-runtimes/components/top-bar/top-bar.tsx" classname="/Users/guysaar/dev/bit-runtimes/components/top-bar/top-bar" />
</testsuite>
<testsuite package="org.eslint" time="0" tests="1" errors="0" name="/Users/guysaar/dev/bit-runtimes/components/utils/capitalize/capitalize.ts">
<testcase time="0" name="/Users/guysaar/dev/bit-runtimes/components/utils/capitalize/capitalize.ts" classname="/Users/guysaar/dev/bit-runtimes/components/utils/capitalize/capitalize" />
</testsuite>
<testsuite package="org.eslint" time="0" tests="1" errors="0" name="/Users/guysaar/dev/bit-runtimes/components/utils/capitalize/index.ts">
<testcase time="0" name="/Users/guysaar/dev/bit-runtimes/components/utils/capitalize/index.ts" classname="/Users/guysaar/dev/bit-runtimes/components/utils/capitalize/index" />
</testsuite>
<testsuite package="org.eslint" time="0" tests="1" errors="0" name="/Users/guysaar/dev/bit-runtimes/components/utils/requireable-component/index.ts">
<testcase time="0" name="/Users/guysaar/dev/bit-runtimes/components/utils/requireable-component/index.ts" classname="/Users/guysaar/dev/bit-runtimes/components/utils/requireable-component/index" />
</testsuite>
<testsuite package="org.eslint" time="0" tests="1" errors="0" name="/Users/guysaar/dev/bit-runtimes/components/utils/requireable-component/requireable-component.ts">
<testcase time="0" name="/Users/guysaar/dev/bit-runtimes/components/utils/requireable-component/requireable-component.ts" classname="/Users/guysaar/dev/bit-runtimes/components/utils/requireable-component/requireable-component" />
</testsuite>
<testsuite package="org.eslint" time="0" tests="1" errors="0" name="/Users/guysaar/dev/bit-runtimes/components/utils/resolved-component/index.ts">
<testcase time="0" name="/Users/guysaar/dev/bit-runtimes/components/utils/resolved-component/index.ts" classname="/Users/guysaar/dev/bit-runtimes/components/utils/resolved-component/index" />
</testsuite>
<testsuite package="org.eslint" time="0" tests="1" errors="0" name="/Users/guysaar/dev/bit-runtimes/components/utils/resolved-component/resolved-component.ts">
<testcase time="0" name="/Users/guysaar/dev/bit-runtimes/components/utils/resolved-component/resolved-component.ts" classname="/Users/guysaar/dev/bit-runtimes/components/utils/resolved-component/resolved-component" />
</testsuite>
<testsuite package="org.eslint" time="0" tests="1" errors="0" name="/Users/guysaar/dev/bit-runtimes/components/utils/to-identifier/index.ts">
<testcase time="0" name="/Users/guysaar/dev/bit-runtimes/components/utils/to-identifier/index.ts" classname="/Users/guysaar/dev/bit-runtimes/components/utils/to-identifier/index" />
</testsuite>
<testsuite package="org.eslint" time="0" tests="1" errors="0" name="/Users/guysaar/dev/bit-runtimes/components/utils/to-identifier/to-identifier.ts">
<testcase time="0" name="/Users/guysaar/dev/bit-runtimes/components/utils/to-identifier/to-identifier.ts" classname="/Users/guysaar/dev/bit-runtimes/components/utils/to-identifier/to-identifier" />
</testsuite>
<testsuite package="org.eslint" time="0" tests="1" errors="0" name="/Users/guysaar/dev/bit-runtimes/components/version-block/change-log.data.ts">
<testcase time="0" name="/Users/guysaar/dev/bit-runtimes/components/version-block/change-log.data.ts" classname="/Users/guysaar/dev/bit-runtimes/components/version-block/change-log.data" />
</testsuite>
<testsuite package="org.eslint" time="0" tests="1" errors="0" name="/Users/guysaar/dev/bit-runtimes/components/version-block/index.ts">
<testcase time="0" name="/Users/guysaar/dev/bit-runtimes/components/version-block/index.ts" classname="/Users/guysaar/dev/bit-runtimes/components/version-block/index" />
</testsuite>
<testsuite package="org.eslint" time="0" tests="1" errors="0" name="/Users/guysaar/dev/bit-runtimes/components/version-block/version-block.tsx">
<testcase time="0" name="/Users/guysaar/dev/bit-runtimes/components/version-block/version-block.tsx" classname="/Users/guysaar/dev/bit-runtimes/components/version-block/version-block" />
</testsuite>
<testsuite package="org.eslint" time="0" tests="1" errors="0" name="/Users/guysaar/dev/bit-runtimes/components/version-dropdown/index.ts">
<testcase time="0" name="/Users/guysaar/dev/bit-runtimes/components/version-dropdown/index.ts" classname="/Users/guysaar/dev/bit-runtimes/components/version-dropdown/index" />
</testsuite>
<testsuite package="org.eslint" time="0" tests="1" errors="0" name="/Users/guysaar/dev/bit-runtimes/components/version-dropdown/version-dropdown.tsx">
<testcase time="0" name="/Users/guysaar/dev/bit-runtimes/components/version-dropdown/version-dropdown.tsx" classname="/Users/guysaar/dev/bit-runtimes/components/version-dropdown/version-dropdown" />
</testsuite>
<testsuite package="org.eslint" time="0" tests="1" errors="0" name="/Users/guysaar/dev/bit-runtimes/components/version-label/index.ts">
<testcase time="0" name="/Users/guysaar/dev/bit-runtimes/components/version-label/index.ts" classname="/Users/guysaar/dev/bit-runtimes/components/version-label/index" />
</testsuite>
<testsuite package="org.eslint" time="0" tests="1" errors="0" name="/Users/guysaar/dev/bit-runtimes/components/version-label/version-label.tsx">
<testcase time="0" name="/Users/guysaar/dev/bit-runtimes/components/version-label/version-label.tsx" classname="/Users/guysaar/dev/bit-runtimes/components/version-label/version-label" />
</testsuite>
<testsuite package="org.eslint" time="0" tests="1" errors="0" name="/Users/guysaar/dev/bit-runtimes/components/version-tag/index.ts">
<testcase time="0" name="/Users/guysaar/dev/bit-runtimes/components/version-tag/index.ts" classname="/Users/guysaar/dev/bit-runtimes/components/version-tag/index" />
</testsuite>
<testsuite package="org.eslint" time="0" tests="1" errors="0" name="/Users/guysaar/dev/bit-runtimes/components/version-tag/version-tag.simulations.tsx">
<testcase time="0" name="/Users/guysaar/dev/bit-runtimes/components/version-tag/version-tag.simulations.tsx" classname="/Users/guysaar/dev/bit-runtimes/components/version-tag/version-tag.simulations" />
</testsuite>
<testsuite package="org.eslint" time="0" tests="1" errors="0" name="/Users/guysaar/dev/bit-runtimes/components/version-tag/version-tag.tsx">
<testcase time="0" name="/Users/guysaar/dev/bit-runtimes/components/version-tag/version-tag.tsx" classname="/Users/guysaar/dev/bit-runtimes/components/version-tag/version-tag" />
</testsuite>
<testsuite package="org.eslint" time="0" tests="1" errors="0" name="/Users/guysaar/dev/bit-runtimes/e2e/api/add-many.e2e.1.ts">
<testcase time="0" name="/Users/guysaar/dev/bit-runtimes/e2e/api/add-many.e2e.1.ts" classname="/Users/guysaar/dev/bit-runtimes/e2e/api/add-many.e2e.1" />
</testsuite>
<testsuite package="org.eslint" time="0" tests="1" errors="0" name="/Users/guysaar/dev/bit-runtimes/e2e/api/list.e2e.1.ts">
<testcase time="0" name="/Users/guysaar/dev/bit-runtimes/e2e/api/list.e2e.1.ts" classname="/Users/guysaar/dev/bit-runtimes/e2e/api/list.e2e.1" />
</testsuite>
<testsuite package="org.eslint" time="0" tests="1" errors="0" name="/Users/guysaar/dev/bit-runtimes/e2e/api/show.e2e.1.ts">
<testcase time="0" name="/Users/guysaar/dev/bit-runtimes/e2e/api/show.e2e.1.ts" classname="/Users/guysaar/dev/bit-runtimes/e2e/api/show.e2e.1" />
</testsuite>
<testsuite package="org.eslint" time="0" tests="1" errors="0" name="/Users/guysaar/dev/bit-runtimes/e2e/bit-hub/export-eject-to-bit-hub.ts">
<testcase time="0" name="/Users/guysaar/dev/bit-runtimes/e2e/bit-hub/export-eject-to-bit-hub.ts" classname="/Users/guysaar/dev/bit-runtimes/e2e/bit-hub/export-eject-to-bit-hub" />
</testsuite>
<testsuite package="org.eslint" time="0" tests="1" errors="0" name="/Users/guysaar/dev/bit-runtimes/e2e/bit-hub/import-from-bit-hub.ts">
<testcase time="0" name="/Users/guysaar/dev/bit-runtimes/e2e/bit-hub/import-from-bit-hub.ts" classname="/Users/guysaar/dev/bit-runtimes/e2e/bit-hub/import-from-bit-hub" />
</testsuite>
<testsuite package="org.eslint" time="0" tests="1" errors="0" name="/Users/guysaar/dev/bit-runtimes/e2e/bitsrc-tester.ts">
<testcase time="0" name="/Users/guysaar/dev/bit-runtimes/e2e/bitsrc-tester.ts" classname="/Users/guysaar/dev/bit-runtimes/e2e/bitsrc-tester" />
</testsuite>
<testsuite package="org.eslint" time="0" tests="1" errors="0" name="/Users/guysaar/dev/bit-runtimes/e2e/commands/_scope.e2e.1.ts">
<testcase time="0" name="/Users/guysaar/dev/bit-runtimes/e2e/commands/_scope.e2e.1.ts" classname="/Users/guysaar/dev/bit-runtimes/e2e/commands/_scope.e2e.1" />
</testsuite>
<testsuite package="org.eslint" time="0" tests="1" errors="0" name="/Users/guysaar/dev/bit-runtimes/e2e/commands/add.e2e.1.ts">
<testcase time="0" name="/Users/guysaar/dev/bit-runtimes/e2e/commands/add.e2e.1.ts" classname="/Users/guysaar/dev/bit-runtimes/e2e/commands/add.e2e.1" />
</testsuite>
<testsuite package="org.eslint" time="0" tests="1" errors="0" name="/Users/guysaar/dev/bit-runtimes/e2e/commands/build.e2e.1.ts">
<testcase time="0" name="/Users/guysaar/dev/bit-runtimes/e2e/commands/build.e2e.1.ts" classname="/Users/guysaar/dev/bit-runtimes/e2e/commands/build.e2e.1" />
</testsuite>
<testsuite package="org.eslint" time="0" tests="1" errors="0" name="/Users/guysaar/dev/bit-runtimes/e2e/commands/checkout.e2e.1.ts">
<testcase time="0" name="/Users/guysaar/dev/bit-runtimes/e2e/commands/checkout.e2e.1.ts" classname="/Users/guysaar/dev/bit-runtimes/e2e/commands/checkout.e2e.1" />
</testsuite>
<testsuite package="org.eslint" time="0" tests="1" errors="0" name="/Users/guysaar/dev/bit-runtimes/e2e/commands/ci-update.e2e.1.ts">
<testcase time="0" name="/Users/guysaar/dev/bit-runtimes/e2e/commands/ci-update.e2e.1.ts" classname="/Users/guysaar/dev/bit-runtimes/e2e/commands/ci-update.e2e.1" />
</testsuite>
<testsuite package="org.eslint" time="0" tests="1" errors="0" name="/Users/guysaar/dev/bit-runtimes/e2e/commands/config.e2e.1.ts">
<testcase time="0" name="/Users/guysaar/dev/bit-runtimes/e2e/commands/config.e2e.1.ts" classname="/Users/guysaar/dev/bit-runtimes/e2e/commands/config.e2e.1" />
</testsuite>
<testsuite package="org.eslint" time="0" tests="1" errors="0" name="/Users/guysaar/dev/bit-runtimes/e2e/commands/dependency-status.e2e.1.ts">
<testcase time="0" name="/Users/guysaar/dev/bit-runtimes/e2e/commands/dependency-status.e2e.1.ts" classname="/Users/guysaar/dev/bit-runtimes/e2e/commands/dependency-status.e2e.1" />
</testsuite>
<testsuite package="org.eslint" time="0" tests="1" errors="0" name="/Users/guysaar/dev/bit-runtimes/e2e/commands/deprecate.e2e.1.ts">
<testcase time="0" name="/Users/guysaar/dev/bit-runtimes/e2e/commands/deprecate.e2e.1.ts" classname="/Users/guysaar/dev/bit-runtimes/e2e/commands/deprecate.e2e.1" />
</testsuite>
<testsuite package="org.eslint" time="0" tests="1" errors="0" name="/Users/guysaar/dev/bit-runtimes/e2e/commands/diff.e2e.1.ts">
<testcase time="0" name="/Users/guysaar/dev/bit-runtimes/e2e/commands/diff.e2e.1.ts" classname="/Users/guysaar/dev/bit-runtimes/e2e/commands/diff.e2e.1" />
</testsuite>
<testsuite package="org.eslint" time="0" tests="1" errors="0" name="/Users/guysaar/dev/bit-runtimes/e2e/commands/eject.e2e.1.ts">
<testcase time="0" name="/Users/guysaar/dev/bit-runtimes/e2e/commands/eject.e2e.1.ts" classname="/Users/guysaar/dev/bit-runtimes/e2e/commands/eject.e2e.1" />
</testsuite>
<testsuite package="org.eslint" time="0" tests="1" errors="0" name="/Users/guysaar/dev/bit-runtimes/e2e/commands/export.e2e.1.ts">
<testcase time="0" name="/Users/guysaar/dev/bit-runtimes/e2e/commands/export.e2e.1.ts" classname="/Users/guysaar/dev/bit-runtimes/e2e/commands/export.e2e.1" />
</testsuite>
<testsuite package="org.eslint" time="0" tests="1" errors="0" name="/Users/guysaar/dev/bit-runtimes/e2e/commands/extentsion.e2e.1.ts">
<testcase time="0" name="/Users/guysaar/dev/bit-runtimes/e2e/commands/extentsion.e2e.1.ts" classname="/Users/guysaar/dev/bit-runtimes/e2e/commands/extentsion.e2e.1" />
</testsuite>
<testsuite package="org.eslint" time="0" tests="1" errors="0" name="/Users/guysaar/dev/bit-runtimes/e2e/commands/import-all.e2e.1.ts">
<testcase time="0" name="/Users/guysaar/dev/bit-runtimes/e2e/commands/import-all.e2e.1.ts" classname="/Users/guysaar/dev/bit-runtimes/e2e/commands/import-all.e2e.1" />
</testsuite>
<testsuite package="org.eslint" time="0" tests="1" errors="0" name="/Users/guysaar/dev/bit-runtimes/e2e/commands/import.e2e.1.ts">
<testcase time="0" name="/Users/guysaar/dev/bit-runtimes/e2e/commands/import.e2e.1.ts" classname="/Users/guysaar/dev/bit-runtimes/e2e/commands/import.e2e.1" />
</testsuite>
<testsuite package="org.eslint" time="0" tests="1" errors="0" name="/Users/guysaar/dev/bit-runtimes/e2e/commands/init.e2e.1.ts">
<testcase time="0" name="/Users/guysaar/dev/bit-runtimes/e2e/commands/init.e2e.1.ts" classname="/Users/guysaar/dev/bit-runtimes/e2e/commands/init.e2e.1" />
</testsuite>
<testsuite package="org.eslint" time="0" tests="1" errors="0" name="/Users/guysaar/dev/bit-runtimes/e2e/commands/install.e2e.1.ts">
<testcase time="0" name="/Users/guysaar/dev/bit-runtimes/e2e/commands/install.e2e.1.ts" classname="/Users/guysaar/dev/bit-runtimes/e2e/commands/install.e2e.1" />
</testsuite>
<testsuite package="org.eslint" time="0" tests="1" errors="0" name="/Users/guysaar/dev/bit-runtimes/e2e/commands/isolate.e2e.1.ts">
<testcase time="0" name="/Users/guysaar/dev/bit-runtimes/e2e/commands/isolate.e2e.1.ts" classname="/Users/guysaar/dev/bit-runtimes/e2e/commands/isolate.e2e.1" />
</testsuite>
<testsuite package="org.eslint" time="0" tests="1" errors="0" name="/Users/guysaar/dev/bit-runtimes/e2e/commands/lane.e2e.1.ts">
<testcase time="0" name="/Users/guysaar/dev/bit-runtimes/e2e/commands/lane.e2e.1.ts" classname="/Users/guysaar/dev/bit-runtimes/e2e/commands/lane.e2e.1" />
</testsuite>
<testsuite package="org.eslint" time="0" tests="1" errors="0" name="/Users/guysaar/dev/bit-runtimes/e2e/commands/link.e2e.1.ts">
<testcase time="0" name="/Users/guysaar/dev/bit-runtimes/e2e/commands/link.e2e.1.ts" classname="/Users/guysaar/dev/bit-runtimes/e2e/commands/link.e2e.1" />
</testsuite>
<testsuite package="org.eslint" time="0" tests="1" errors="0" name="/Users/guysaar/dev/bit-runtimes/e2e/commands/list.e2e.1.ts">
<testcase time="0" name="/Users/guysaar/dev/bit-runtimes/e2e/commands/list.e2e.1.ts" classname="/Users/guysaar/dev/bit-runtimes/e2e/commands/list.e2e.1" />
</testsuite>
<testsuite package="org.eslint" time="0" tests="1" errors="0" name="/Users/guysaar/dev/bit-runtimes/e2e/commands/log.e2e.1.ts">
<testcase time="0" name="/Users/guysaar/dev/bit-runtimes/e2e/commands/log.e2e.1.ts" classname="/Users/guysaar/dev/bit-runtimes/e2e/commands/log.e2e.1" />
</testsuite>
<testsuite package="org.eslint" time="0" tests="1" errors="0" name="/Users/guysaar/dev/bit-runtimes/e2e/commands/merge.e2e.1.ts">
<testcase time="0" name="/Users/guysaar/dev/bit-runtimes/e2e/commands/merge.e2e.1.ts" classname="/Users/guysaar/dev/bit-runtimes/e2e/commands/merge.e2e.1" />
</testsuite>
<testsuite package="org.eslint" time="0" tests="1" errors="0" name="/Users/guysaar/dev/bit-runtimes/e2e/commands/move.e2e.1.ts">
<testcase time="0" name="/Users/guysaar/dev/bit-runtimes/e2e/commands/move.e2e.1.ts" classname="/Users/guysaar/dev/bit-runtimes/e2e/commands/move.e2e.1" />
</testsuite>
<testsuite package="org.eslint" time="0" tests="1" errors="0" name="/Users/guysaar/dev/bit-runtimes/e2e/commands/remote.e2e.1.ts">
<testcase time="0" name="/Users/guysaar/dev/bit-runtimes/e2e/commands/remote.e2e.1.ts" classname="/Users/guysaar/dev/bit-runtimes/e2e/commands/remote.e2e.1" />
</testsuite>
<testsuite package="org.eslint" time="0" tests="1" errors="0" name="/Users/guysaar/dev/bit-runtimes/e2e/commands/remove.e2e.1.ts">
<testcase time="0" name="/Users/guysaar/dev/bit-runtimes/e2e/commands/remove.e2e.1.ts" classname="/Users/guysaar/dev/bit-runtimes/e2e/commands/remove.e2e.1" />
</testsuite>
<testsuite package="org.eslint" time="0" tests="1" errors="0" name="/Users/guysaar/dev/bit-runtimes/e2e/commands/show.e2e.2.ts">
<testcase time="0" name="/Users/guysaar/dev/bit-runtimes/e2e/commands/show.e2e.2.ts" classname="/Users/guysaar/dev/bit-runtimes/e2e/commands/show.e2e.2" />
</testsuite>
<testsuite package="org.eslint" time="0" tests="1" errors="0" name="/Users/guysaar/dev/bit-runtimes/e2e/commands/snap.e2e.2.ts">
<testcase time="0" name="/Users/guysaar/dev/bit-runtimes/e2e/commands/snap.e2e.2.ts" classname="/Users/guysaar/dev/bit-runtimes/e2e/commands/snap.e2e.2" />
</testsuite>
<testsuite package="org.eslint" time="0" tests="1" errors="0" name="/Users/guysaar/dev/bit-runtimes/e2e/commands/status.e2e.2.ts">
<testcase time="0" name="/Users/guysaar/dev/bit-runtimes/e2e/commands/status.e2e.2.ts" classname="/Users/guysaar/dev/bit-runtimes/e2e/commands/status.e2e.2" />
</testsuite>
<testsuite package="org.eslint" time="0" tests="1" errors="0" name="/Users/guysaar/dev/bit-runtimes/e2e/commands/tag.e2e.1.ts">
<testcase time="0" name="/Users/guysaar/dev/bit-runtimes/e2e/commands/tag.e2e.1.ts" classname="/Users/guysaar/dev/bit-runtimes/e2e/commands/tag.e2e.1" />
</testsuite>
<testsuite package="org.eslint" time="0" tests="1" errors="0" name="/Users/guysaar/dev/bit-runtimes/e2e/commands/test.e2e.2.ts">
<testcase time="0" name="/Users/guysaar/dev/bit-runtimes/e2e/commands/test.e2e.2.ts" classname="/Users/guysaar/dev/bit-runtimes/e2e/commands/test.e2e.2" />
</testsuite>
<testsuite package="org.eslint" time="0" tests="1" errors="0" name="/Users/guysaar/dev/bit-runtimes/e2e/commands/untag.e2e.2.ts">
<testcase time="0" name="/Users/guysaar/dev/bit-runtimes/e2e/commands/untag.e2e.2.ts" classname="/Users/guysaar/dev/bit-runtimes/e2e/commands/untag.e2e.2" />
</testsuite>
<testsuite package="org.eslint" time="0" tests="1" errors="0" name="/Users/guysaar/dev/bit-runtimes/e2e/commands/untrack.e2e.2.ts">
<testcase time="0" name="/Users/guysaar/dev/bit-runtimes/e2e/commands/untrack.e2e.2.ts" classname="/Users/guysaar/dev/bit-runtimes/e2e/commands/untrack.e2e.2" />
</testsuite>
<testsuite package="org.eslint" time="0" tests="1" errors="0" name="/Users/guysaar/dev/bit-runtimes/e2e/commands/watch.e2e.2.ts">
<testcase time="0" name="/Users/guysaar/dev/bit-runtimes/e2e/commands/watch.e2e.2.ts" classname="/Users/guysaar/dev/bit-runtimes/e2e/commands/watch.e2e.2" />
</testsuite>
<testsuite package="org.eslint" time="0" tests="1" errors="0" name="/Users/guysaar/dev/bit-runtimes/e2e/doctor/doctor-git-exec.e2e.3.ts">
<testcase time="0" name="/Users/guysaar/dev/bit-runtimes/e2e/doctor/doctor-git-exec.e2e.3.ts" classname="/Users/guysaar/dev/bit-runtimes/e2e/doctor/doctor-git-exec.e2e.3" />
</testsuite>
<testsuite package="org.eslint" time="0" tests="1" errors="0" name="/Users/guysaar/dev/bit-runtimes/e2e/doctor/doctor-infra.e2e.3.ts">
<testcase time="0" name="/Users/guysaar/dev/bit-runtimes/e2e/doctor/doctor-infra.e2e.3.ts" classname="/Users/guysaar/dev/bit-runtimes/e2e/doctor/doctor-infra.e2e.3" />
</testsuite>
<testsuite package="org.eslint" time="0" tests="1" errors="0" name="/Users/guysaar/dev/bit-runtimes/e2e/flows/big-file.e2e.2.ts">
<testcase time="0" name="/Users/guysaar/dev/bit-runtimes/e2e/flows/big-file.e2e.2.ts" classname="/Users/guysaar/dev/bit-runtimes/e2e/flows/big-file.e2e.2" />
</testsuite>
<testsuite package="org.eslint" time="0" tests="1" errors="0" name="/Users/guysaar/dev/bit-runtimes/e2e/flows/bitmap-deleted.e2e-2.ts">
<testcase time="0" name="/Users/guysaar/dev/bit-runtimes/e2e/flows/bitmap-deleted.e2e-2.ts" classname="/Users/guysaar/dev/bit-runtimes/e2e/flows/bitmap-deleted.e2e-2" />
</testsuite>
<testsuite package="org.eslint" time="0" tests="1" errors="0" name="/Users/guysaar/dev/bit-runtimes/e2e/flows/copy-workspace-with-env.e2e.2.ts">
<testcase time="0" name="/Users/guysaar/dev/bit-runtimes/e2e/flows/copy-workspace-with-env.e2e.2.ts" classname="/Users/guysaar/dev/bit-runtimes/e2e/flows/copy-workspace-with-env.e2e.2" />
</testsuite>
<testsuite package="org.eslint" time="0" tests="1" errors="0" name="/Users/guysaar/dev/bit-runtimes/e2e/flows/cyclic-dependencies.e2e.2.ts">
<testcase time="0" name="/Users/guysaar/dev/bit-runtimes/e2e/flows/cyclic-dependencies.e2e.2.ts" classname="/Users/guysaar/dev/bit-runtimes/e2e/flows/cyclic-dependencies.e2e.2" />
</testsuite>
<testsuite package="org.eslint" time="0" tests="1" errors="0" name="/Users/guysaar/dev/bit-runtimes/e2e/flows/delete-files.e2e.2.ts">
<testcase time="0" name="/Users/guysaar/dev/bit-runtimes/e2e/flows/delete-files.e2e.2.ts" classname="/Users/guysaar/dev/bit-runtimes/e2e/flows/delete-files.e2e.2" />
</testsuite>
<testsuite package="org.eslint" time="0" tests="1" errors="0" name="/Users/guysaar/dev/bit-runtimes/e2e/flows/dependencies-as-packages.e2e.2.ts">
<testcase time="0" name="/Users/guysaar/dev/bit-runtimes/e2e/flows/dependencies-as-packages.e2e.2.ts" classname="/Users/guysaar/dev/bit-runtimes/e2e/flows/dependencies-as-packages.e2e.2" />
</testsuite>
<testsuite package="org.eslint" time="0" tests="1" errors="0" name="/Users/guysaar/dev/bit-runtimes/e2e/flows/dependencies-from-relative-path.e2e.3.ts">
<testcase time="0" name="/Users/guysaar/dev/bit-runtimes/e2e/flows/dependencies-from-relative-path.e2e.3.ts" classname="/Users/guysaar/dev/bit-runtimes/e2e/flows/dependencies-from-relative-path.e2e.3" />
</testsuite>
<testsuite package="org.eslint" time="0" tests="1" errors="0" name="/Users/guysaar/dev/bit-runtimes/e2e/flows/dependencies-versions-resolution.e2e.2.ts">
<testcase time="0" name="/Users/guysaar/dev/bit-runtimes/e2e/flows/dependencies-versions-resolution.e2e.2.ts" classname="/Users/guysaar/dev/bit-runtimes/e2e/flows/dependencies-versions-resolution.e2e.2" />
</testsuite>
<testsuite package="org.eslint" time="0" tests="1" errors="0" name="/Users/guysaar/dev/bit-runtimes/e2e/flows/dist-main-is-different.e2e.2.ts">
<testcase time="0" name="/Users/guysaar/dev/bit-runtimes/e2e/flows/dist-main-is-different.e2e.2.ts" classname="/Users/guysaar/dev/bit-runtimes/e2e/flows/dist-main-is-different.e2e.2" />
</testsuite>
<testsuite package="org.eslint" time="0" tests="1" errors="0" name="/Users/guysaar/dev/bit-runtimes/e2e/flows/dist-outside-components.e2e.2.ts">
<testcase time="0" name="/Users/guysaar/dev/bit-runtimes/e2e/flows/dist-outside-components.e2e.2.ts" classname="/Users/guysaar/dev/bit-runtimes/e2e/flows/dist-outside-components.e2e.2" />
</testsuite>
<testsuite package="org.eslint" time="0" tests="1" errors="0" name="/Users/guysaar/dev/bit-runtimes/e2e/flows/es6-link-files.e2e.3.ts">
<testcase time="0" name="/Users/guysaar/dev/bit-runtimes/e2e/flows/es6-link-files.e2e.3.ts" classname="/Users/guysaar/dev/bit-runtimes/e2e/flows/es6-link-files.e2e.3" />
</testsuite>
<testsuite package="org.eslint" time="0" tests="1" errors="0" name="/Users/guysaar/dev/bit-runtimes/e2e/flows/es6.e2e.3.ts">
<testcase time="0" name="/Users/guysaar/dev/bit-runtimes/e2e/flows/es6.e2e.3.ts" classname="/Users/guysaar/dev/bit-runtimes/e2e/flows/es6.e2e.3" />
</testsuite>
<testsuite package="org.eslint" time="0" tests="1" errors="0" name="/Users/guysaar/dev/bit-runtimes/e2e/flows/hash-mismatch.e2e.3.ts">
<testcase time="0" name="/Users/guysaar/dev/bit-runtimes/e2e/flows/hash-mismatch.e2e.3.ts" classname="/Users/guysaar/dev/bit-runtimes/e2e/flows/hash-mismatch.e2e.3" />
</testsuite>
<testsuite package="org.eslint" time="0" tests="1" errors="0" name="/Users/guysaar/dev/bit-runtimes/e2e/flows/id-with-wildcard.e2e.2.ts">
<testcase time="0" name="/Users/guysaar/dev/bit-runtimes/e2e/flows/id-with-wildcard.e2e.2.ts" classname="/Users/guysaar/dev/bit-runtimes/e2e/flows/id-with-wildcard.e2e.2" />
</testsuite>
<testsuite package="org.eslint" time="0" tests="1" errors="0" name="/Users/guysaar/dev/bit-runtimes/e2e/flows/import-package-json.e2e.3.ts">
<testcase time="0" name="/Users/guysaar/dev/bit-runtimes/e2e/flows/import-package-json.e2e.3.ts" classname="/Users/guysaar/dev/bit-runtimes/e2e/flows/import-package-json.e2e.3" />
</testsuite>
<testsuite package="org.eslint" time="0" tests="1" errors="0" name="/Users/guysaar/dev/bit-runtimes/e2e/flows/imported-depends-on-authored.e2e.3.ts">
<testcase time="0" name="/Users/guysaar/dev/bit-runtimes/e2e/flows/imported-depends-on-authored.e2e.3.ts" classname="/Users/guysaar/dev/bit-runtimes/e2e/flows/imported-depends-on-authored.e2e.3" />
</testsuite>
<testsuite package="org.eslint" time="0" tests="1" errors="0" name="/Users/guysaar/dev/bit-runtimes/e2e/flows/long-dependencies-chain.e2e.3.ts">
<testcase time="0" name="/Users/guysaar/dev/bit-runtimes/e2e/flows/long-dependencies-chain.e2e.3.ts" classname="/Users/guysaar/dev/bit-runtimes/e2e/flows/long-dependencies-chain.e2e.3" />
</testsuite>
<testsuite package="org.eslint" time="0" tests="1" errors="0" name="/Users/guysaar/dev/bit-runtimes/e2e/flows/no-scope.e2e.2.ts">
<testcase time="0" name="/Users/guysaar/dev/bit-runtimes/e2e/flows/no-scope.e2e.2.ts" classname="/Users/guysaar/dev/bit-runtimes/e2e/flows/no-scope.e2e.2" />
</testsuite>
<testsuite package="org.eslint" time="0" tests="1" errors="0" name="/Users/guysaar/dev/bit-runtimes/e2e/flows/out-of-sync-componets.e2e.3.ts">
<testcase time="0" name="/Users/guysaar/dev/bit-runtimes/e2e/flows/out-of-sync-componets.e2e.3.ts" classname="/Users/guysaar/dev/bit-runtimes/e2e/flows/out-of-sync-componets.e2e.3" />
</testsuite>
<testsuite package="org.eslint" time="0" tests="1" errors="0" name="/Users/guysaar/dev/bit-runtimes/e2e/flows/pad-left-and-is-string.e2e.3.ts">
<testcase time="0" name="/Users/guysaar/dev/bit-runtimes/e2e/flows/pad-left-and-is-string.e2e.3.ts" classname="/Users/guysaar/dev/bit-runtimes/e2e/flows/pad-left-and-is-string.e2e.3" />
</testsuite>
<testsuite package="org.eslint" time="0" tests="1" errors="0" name="/Users/guysaar/dev/bit-runtimes/e2e/flows/permissions-errors.e2e.3.ts">
<testcase time="0" name="/Users/guysaar/dev/bit-runtimes/e2e/flows/permissions-errors.e2e.3.ts" classname="/Users/guysaar/dev/bit-runtimes/e2e/flows/permissions-errors.e2e.3" />
</testsuite>
<testsuite package="org.eslint" time="0" tests="1" errors="0" name="/Users/guysaar/dev/bit-runtimes/e2e/flows/remote-commands-outside-workspace.e2e.2.ts">
<testcase time="0" name="/Users/guysaar/dev/bit-runtimes/e2e/flows/remote-commands-outside-workspace.e2e.2.ts" classname="/Users/guysaar/dev/bit-runtimes/e2e/flows/remote-commands-outside-workspace.e2e.2" />
</testsuite>
<testsuite package="org.eslint" time="0" tests="1" errors="0" name="/Users/guysaar/dev/bit-runtimes/e2e/flows/require-internal-files.e2e.2.ts">
<testcase time="0" name="/Users/guysaar/dev/bit-runtimes/e2e/flows/require-internal-files.e2e.2.ts" classname="/Users/guysaar/dev/bit-runtimes/e2e/flows/require-internal-files.e2e.2" />
</testsuite>
<testsuite package="org.eslint" time="0" tests="1" errors="0" name="/Users/guysaar/dev/bit-runtimes/e2e/flows/same-name-different-scopes.e2e.ts">
<testcase time="0" name="/Users/guysaar/dev/bit-runtimes/e2e/flows/same-name-different-scopes.e2e.ts" classname="/Users/guysaar/dev/bit-runtimes/e2e/flows/same-name-different-scopes.e2e" />
</testsuite>
<testsuite package="org.eslint" time="0" tests="1" errors="0" name="/Users/guysaar/dev/bit-runtimes/e2e/flows/sort-components-output.e2e.3.ts">
<testcase time="0" name="/Users/guysaar/dev/bit-runtimes/e2e/flows/sort-components-output.e2e.3.ts" classname="/Users/guysaar/dev/bit-runtimes/e2e/flows/sort-components-output.e2e.3" />
</testsuite>
<testsuite package="org.eslint" time="0" tests="1" errors="0" name="/Users/guysaar/dev/bit-runtimes/e2e/functionalities/auto-tagging.e2e.2.ts">
<testcase time="0" name="/Users/guysaar/dev/bit-runtimes/e2e/functionalities/auto-tagging.e2e.2.ts" classname="/Users/guysaar/dev/bit-runtimes/e2e/functionalities/auto-tagging.e2e.2" />
</testsuite>
<testsuite package="org.eslint" time="0" tests="1" errors="0" name="/Users/guysaar/dev/bit-runtimes/e2e/functionalities/binary-files.e2e.2.ts">
<testcase time="0" name="/Users/guysaar/dev/bit-runtimes/e2e/functionalities/binary-files.e2e.2.ts" classname="/Users/guysaar/dev/bit-runtimes/e2e/functionalities/binary-files.e2e.2" />
</testsuite>
<testsuite package="org.eslint" time="0" tests="1" errors="0" name="/Users/guysaar/dev/bit-runtimes/e2e/functionalities/capsule.e2e.2.ts">
<testcase time="0" name="/Users/guysaar/dev/bit-runtimes/e2e/functionalities/capsule.e2e.2.ts" classname="/Users/guysaar/dev/bit-runtimes/e2e/functionalities/capsule.e2e.2" />
</testsuite>
<testsuite package="org.eslint" time="0" tests="1" errors="0" name="/Users/guysaar/dev/bit-runtimes/e2e/functionalities/component-config.e2e.2.ts">
<testcase time="0" name="/Users/guysaar/dev/bit-runtimes/e2e/functionalities/component-config.e2e.2.ts" classname="/Users/guysaar/dev/bit-runtimes/e2e/functionalities/component-config.e2e.2" />
</testsuite>
<testsuite package="org.eslint" time="0" tests="1" errors="0" name="/Users/guysaar/dev/bit-runtimes/e2e/functionalities/components-index.e2e.2.ts">
<testcase time="0" name="/Users/guysaar/dev/bit-runtimes/e2e/functionalities/components-index.e2e.2.ts" classname="/Users/guysaar/dev/bit-runtimes/e2e/functionalities/components-index.e2e.2" />
</testsuite>
<testsuite package="org.eslint" time="0" tests="1" errors="0" name="/Users/guysaar/dev/bit-runtimes/e2e/functionalities/custom-module-resolutions.e2e.2.ts">
<testcase time="0" name="/Users/guysaar/dev/bit-runtimes/e2e/functionalities/custom-module-resolutions.e2e.2.ts" classname="/Users/guysaar/dev/bit-runtimes/e2e/functionalities/custom-module-resolutions.e2e.2" />
</testsuite>
<testsuite package="org.eslint" time="0" tests="1" errors="0" name="/Users/guysaar/dev/bit-runtimes/e2e/functionalities/default-scope.e2e.2.ts">
<testcase time="0" name="/Users/guysaar/dev/bit-runtimes/e2e/functionalities/default-scope.e2e.2.ts" classname="/Users/guysaar/dev/bit-runtimes/e2e/functionalities/default-scope.e2e.2" />
</testsuite>
<testsuite package="org.eslint" time="0" tests="1" errors="0" name="/Users/guysaar/dev/bit-runtimes/e2e/functionalities/dev-dependencies.e2e.2.ts">
<testcase time="0" name="/Users/guysaar/dev/bit-runtimes/e2e/functionalities/dev-dependencies.e2e.2.ts" classname="/Users/guysaar/dev/bit-runtimes/e2e/functionalities/dev-dependencies.e2e.2" />
</testsuite>
<testsuite package="org.eslint" time="0" tests="1" errors="0" name="/Users/guysaar/dev/bit-runtimes/e2e/functionalities/dynamic-namespaces.e2e.3.ts">
<testcase time="0" name="/Users/guysaar/dev/bit-runtimes/e2e/functionalities/dynamic-namespaces.e2e.3.ts" classname="/Users/guysaar/dev/bit-runtimes/e2e/functionalities/dynamic-namespaces.e2e.3" />
</testsuite>
<testsuite package="org.eslint" time="0" tests="1" errors="0" name="/Users/guysaar/dev/bit-runtimes/e2e/functionalities/envs.e2e.3.ts">
<testcase time="0" name="/Users/guysaar/dev/bit-runtimes/e2e/functionalities/envs.e2e.3.ts" classname="/Users/guysaar/dev/bit-runtimes/e2e/functionalities/envs.e2e.3" />
</testsuite>
<testsuite package="org.eslint" time="0" tests="1" errors="0" name="/Users/guysaar/dev/bit-runtimes/e2e/functionalities/link-generation.e2e.2.ts">
<testcase time="0" name="/Users/guysaar/dev/bit-runtimes/e2e/functionalities/link-generation.e2e.2.ts" classname="/Users/guysaar/dev/bit-runtimes/e2e/functionalities/link-generation.e2e.2" />
</testsuite>
<testsuite package="org.eslint" time="0" tests="1" errors="0" name="/Users/guysaar/dev/bit-runtimes/e2e/functionalities/merge.e2e.3.ts">
<testcase time="0" name="/Users/guysaar/dev/bit-runtimes/e2e/functionalities/merge.e2e.3.ts" classname="/Users/guysaar/dev/bit-runtimes/e2e/functionalities/merge.e2e.3" />
</testsuite>
<testsuite package="org.eslint" time="0" tests="1" errors="0" name="/Users/guysaar/dev/bit-runtimes/e2e/functionalities/peer-dependencies.e2e.3.ts">
<testcase time="0" name="/Users/guysaar/dev/bit-runtimes/e2e/functionalities/peer-dependencies.e2e.3.ts" classname="/Users/guysaar/dev/bit-runtimes/e2e/functionalities/peer-dependencies.e2e.3" />
</testsuite>
<testsuite package="org.eslint" time="0" tests="1" errors="0" name="/Users/guysaar/dev/bit-runtimes/e2e/functionalities/reduce-path.e2e.3.ts">
<testcase time="0" name="/Users/guysaar/dev/bit-runtimes/e2e/functionalities/reduce-path.e2e.3.ts" classname="/Users/guysaar/dev/bit-runtimes/e2e/functionalities/reduce-path.e2e.3" />
</testsuite>
<testsuite package="org.eslint" time="0" tests="1" errors="0" name="/Users/guysaar/dev/bit-runtimes/e2e/functionalities/repository-hooks.e2e.ts">
<testcase time="0" name="/Users/guysaar/dev/bit-runtimes/e2e/functionalities/repository-hooks.e2e.ts" classname="/Users/guysaar/dev/bit-runtimes/e2e/functionalities/repository-hooks.e2e" />
</testsuite>
<testsuite package="org.eslint" time="0" tests="1" errors="0" name="/Users/guysaar/dev/bit-runtimes/e2e/functionalities/symlink-object-without-component.e2e.3.ts">
<testcase time="0" name="/Users/guysaar/dev/bit-runtimes/e2e/functionalities/symlink-object-without-component.e2e.3.ts" classname="/Users/guysaar/dev/bit-runtimes/e2e/functionalities/symlink-object-without-component.e2e.3" />
</testsuite>
<testsuite package="org.eslint" time="0" tests="1" errors="0" name="/Users/guysaar/dev/bit-runtimes/e2e/functionalities/track-directories.e2e.3.ts">
<testcase time="0" name="/Users/guysaar/dev/bit-runtimes/e2e/functionalities/track-directories.e2e.3.ts" classname="/Users/guysaar/dev/bit-runtimes/e2e/functionalities/track-directories.e2e.3" />
</testsuite>
<testsuite package="org.eslint" time="0" tests="1" errors="0" name="/Users/guysaar/dev/bit-runtimes/e2e/functionalities/workspace-config.e2e.3.ts">
<testcase time="0" name="/Users/guysaar/dev/bit-runtimes/e2e/functionalities/workspace-config.e2e.3.ts" classname="/Users/guysaar/dev/bit-runtimes/e2e/functionalities/workspace-config.e2e.3" />
</testsuite>
<testsuite package="org.eslint" time="0" tests="1" errors="0" name="/Users/guysaar/dev/bit-runtimes/e2e/harmony/compile.e2e.4.ts">
<testcase time="0" name="/Users/guysaar/dev/bit-runtimes/e2e/harmony/compile.e2e.4.ts" classname="/Users/guysaar/dev/bit-runtimes/e2e/harmony/compile.e2e.4" />
</testsuite>
<testsuite package="org.eslint" time="0" tests="1" errors="0" name="/Users/guysaar/dev/bit-runtimes/e2e/harmony/component-config.e2e.ts">
<testcase time="0" name="/Users/guysaar/dev/bit-runtimes/e2e/harmony/component-config.e2e.ts" classname="/Users/guysaar/dev/bit-runtimes/e2e/harmony/component-config.e2e" />
</testsuite>
<testsuite package="org.eslint" time="0" tests="1" errors="0" name="/Users/guysaar/dev/bit-runtimes/e2e/harmony/create.e2e.4.ts">
<testcase time="0" name="/Users/guysaar/dev/bit-runtimes/e2e/harmony/create.e2e.4.ts" classname="/Users/guysaar/dev/bit-runtimes/e2e/harmony/create.e2e.4" />
</testsuite>
<testsuite package="org.eslint" time="0" tests="1" errors="0" name="/Users/guysaar/dev/bit-runtimes/e2e/harmony/dependency-resolver.e2e.ts">
<testcase time="0" name="/Users/guysaar/dev/bit-runtimes/e2e/harmony/dependency-resolver.e2e.ts" classname="/Users/guysaar/dev/bit-runtimes/e2e/harmony/dependency-resolver.e2e" />
</testsuite>
<testsuite package="org.eslint" time="0" tests="1" errors="0" name="/Users/guysaar/dev/bit-runtimes/e2e/harmony/extensions-config-diff.e2e.ts">
<testcase time="0" name="/Users/guysaar/dev/bit-runtimes/e2e/harmony/extensions-config-diff.e2e.ts" classname="/Users/guysaar/dev/bit-runtimes/e2e/harmony/extensions-config-diff.e2e" />
</testsuite>
<testsuite package="org.eslint" time="0" tests="1" errors="0" name="/Users/guysaar/dev/bit-runtimes/e2e/harmony/extensions-config.e2e.3.ts">
<testcase time="0" name="/Users/guysaar/dev/bit-runtimes/e2e/harmony/extensions-config.e2e.3.ts" classname="/Users/guysaar/dev/bit-runtimes/e2e/harmony/extensions-config.e2e.3" />
</testsuite>
<testsuite package="org.eslint" time="0" tests="1" errors="0" name="/Users/guysaar/dev/bit-runtimes/e2e/harmony/flows.e2e.4.ts">
<testcase time="0" name="/Users/guysaar/dev/bit-runtimes/e2e/harmony/flows.e2e.4.ts" classname="/Users/guysaar/dev/bit-runtimes/e2e/harmony/flows.e2e.4" />
</testsuite>
<testsuite package="org.eslint" time="0" tests="1" errors="0" name="/Users/guysaar/dev/bit-runtimes/e2e/harmony/harmony-import.e2e.ts">
<testcase time="0" name="/Users/guysaar/dev/bit-runtimes/e2e/harmony/harmony-import.e2e.ts" classname="/Users/guysaar/dev/bit-runtimes/e2e/harmony/harmony-import.e2e" />
</testsuite>
<testsuite package="org.eslint" time="0" tests="1" errors="0" name="/Users/guysaar/dev/bit-runtimes/e2e/harmony/load-extensions.e2e.4.ts">
<testcase time="0" name="/Users/guysaar/dev/bit-runtimes/e2e/harmony/load-extensions.e2e.4.ts" classname="/Users/guysaar/dev/bit-runtimes/e2e/harmony/load-extensions.e2e.4" />
</testsuite>
<testsuite package="org.eslint" time="0" tests="1" errors="0" name="/Users/guysaar/dev/bit-runtimes/e2e/harmony/migrate.e2e.ts">
<testcase time="0" name="/Users/guysaar/dev/bit-runtimes/e2e/harmony/migrate.e2e.ts" classname="/Users/guysaar/dev/bit-runtimes/e2e/harmony/migrate.e2e" />
</testsuite>
<testsuite package="org.eslint" time="0" tests="1" errors="0" name="/Users/guysaar/dev/bit-runtimes/e2e/harmony/pkg.e2e.ts">
<testcase time="0" name="/Users/guysaar/dev/bit-runtimes/e2e/harmony/pkg.e2e.ts" classname="/Users/guysaar/dev/bit-runtimes/e2e/harmony/pkg.e2e" />
</testsuite>
<testsuite package="org.eslint" time="0" tests="1" errors="0" name="/Users/guysaar/dev/bit-runtimes/e2e/harmony/publish.e2e.4.ts">
<testcase time="0" name="/Users/guysaar/dev/bit-runtimes/e2e/harmony/publish.e2e.4.ts" classname="/Users/guysaar/dev/bit-runtimes/e2e/harmony/publish.e2e.4" />
</testsuite>
<testsuite package="org.eslint" time="0" tests="1" errors="0" name="/Users/guysaar/dev/bit-runtimes/e2e/harmony/relative-paths.e2e.3.ts">
<testcase time="0" name="/Users/guysaar/dev/bit-runtimes/e2e/harmony/relative-paths.e2e.3.ts" classname="/Users/guysaar/dev/bit-runtimes/e2e/harmony/relative-paths.e2e.3" />
</testsuite>
<testsuite package="org.eslint" time="0" tests="1" errors="0" name="/Users/guysaar/dev/bit-runtimes/e2e/harmony/set-default-owner-and-scope.e2e.4.ts">
<testcase time="0" name="/Users/guysaar/dev/bit-runtimes/e2e/harmony/set-default-owner-and-scope.e2e.4.ts" classname="/Users/guysaar/dev/bit-runtimes/e2e/harmony/set-default-owner-and-scope.e2e.4" />
</testsuite>
<testsuite package="org.eslint" time="0" tests="1" errors="0" name="/Users/guysaar/dev/bit-runtimes/e2e/interactive/init.interactive.e2e.3.ts">
<testcase time="0" name="/Users/guysaar/dev/bit-runtimes/e2e/interactive/init.interactive.e2e.3.ts" classname="/Users/guysaar/dev/bit-runtimes/e2e/interactive/init.interactive.e2e.3" />
</testsuite>
<testsuite package="org.eslint" time="0" tests="1" errors="0" name="/Users/guysaar/dev/bit-runtimes/e2e/npm-ci-registry.ts">
<testcase time="0" name="/Users/guysaar/dev/bit-runtimes/e2e/npm-ci-registry.ts" classname="/Users/guysaar/dev/bit-runtimes/e2e/npm-ci-registry" />
</testsuite>
<testsuite package="org.eslint" time="0" tests="1" errors="0" name="/Users/guysaar/dev/bit-runtimes/e2e/performance/many-components.performance.ts">
<testcase time="0" name="/Users/guysaar/dev/bit-runtimes/e2e/performance/many-components.performance.ts" classname="/Users/guysaar/dev/bit-runtimes/e2e/performance/many-components.performance" />
</testsuite>
<testsuite package="org.eslint" time="0" tests="1" errors="0" name="/Users/guysaar/dev/bit-runtimes/e2e/platforms/angular.e2e.3.ts">
<testcase time="0" name="/Users/guysaar/dev/bit-runtimes/e2e/platforms/angular.e2e.3.ts" classname="/Users/guysaar/dev/bit-runtimes/e2e/platforms/angular.e2e.3" />
</testsuite>
<testsuite package="org.eslint" time="0" tests="1" errors="0" name="/Users/guysaar/dev/bit-runtimes/e2e/platforms/vue.e2e.3.ts">
<testcase time="0" name="/Users/guysaar/dev/bit-runtimes/e2e/platforms/vue.e2e.3.ts" classname="/Users/guysaar/dev/bit-runtimes/e2e/platforms/vue.e2e.3" />
</testsuite>
<testsuite package="org.eslint" time="0" tests="1" errors="0" name="/Users/guysaar/dev/bit-runtimes/e2e/typescript/typescript-link-files.e2e.3.ts">
<testcase time="0" name="/Users/guysaar/dev/bit-runtimes/e2e/typescript/typescript-link-files.e2e.3.ts" classname="/Users/guysaar/dev/bit-runtimes/e2e/typescript/typescript-link-files.e2e.3" />
</testsuite>
<testsuite package="org.eslint" time="0" tests="1" errors="0" name="/Users/guysaar/dev/bit-runtimes/e2e/typescript/typescript.e2e.3.ts">
<testcase time="0" name="/Users/guysaar/dev/bit-runtimes/e2e/typescript/typescript.e2e.3.ts" classname="/Users/guysaar/dev/bit-runtimes/e2e/typescript/typescript.e2e.3" />
</testsuite>
<testsuite package="org.eslint" time="0" tests="1" errors="0" name="/Users/guysaar/dev/bit-runtimes/e2e/watch-runner.ts">
<testcase time="0" name="/Users/guysaar/dev/bit-runtimes/e2e/watch-runner.ts" classname="/Users/guysaar/dev/bit-runtimes/e2e/watch-runner" />
</testsuite>
<testsuite package="org.eslint" time="0" tests="1" errors="0" name="/Users/guysaar/dev/bit-runtimes/extensions/aspect/aspect.aspect.ts">
<testcase time="0" name="/Users/guysaar/dev/bit-runtimes/extensions/aspect/aspect.aspect.ts" classname="/Users/guysaar/dev/bit-runtimes/extensions/aspect/aspect.aspect" />
</testsuite>
<testsuite package="org.eslint" time="0" tests="1" errors="0" name="/Users/guysaar/dev/bit-runtimes/extensions/aspect/aspect.env.ts">
<testcase time="0" name="/Users/guysaar/dev/bit-runtimes/extensions/aspect/aspect.env.ts" classname="/Users/guysaar/dev/bit-runtimes/extensions/aspect/aspect.env" />
</testsuite>
<testsuite package="org.eslint" time="0" tests="1" errors="0" name="/Users/guysaar/dev/bit-runtimes/extensions/aspect/aspect.main.runtime.ts">
<testcase time="0" name="/Users/guysaar/dev/bit-runtimes/extensions/aspect/aspect.main.runtime.ts" classname="/Users/guysaar/dev/bit-runtimes/extensions/aspect/aspect.main.runtime" />
</testsuite>
<testsuite package="org.eslint" time="0" tests="1" errors="0" name="/Users/guysaar/dev/bit-runtimes/extensions/aspect/core-exporter.task.ts">
<testcase time="0" name="/Users/guysaar/dev/bit-runtimes/extensions/aspect/core-exporter.task.ts" classname="/Users/guysaar/dev/bit-runtimes/extensions/aspect/core-exporter.task" />
</testsuite>
<testsuite package="org.eslint" time="0" tests="1" errors="0" name="/Users/guysaar/dev/bit-runtimes/extensions/aspect/index.ts">
<testcase time="0" name="/Users/guysaar/dev/bit-runtimes/extensions/aspect/index.ts" classname="/Users/guysaar/dev/bit-runtimes/extensions/aspect/index" />
</testsuite>
<testsuite package="org.eslint" time="0" tests="1" errors="0" name="/Users/guysaar/dev/bit-runtimes/extensions/aspect-loader/aspect-definition.ts">
<testcase time="0" name="/Users/guysaar/dev/bit-runtimes/extensions/aspect-loader/aspect-definition.ts" classname="/Users/guysaar/dev/bit-runtimes/extensions/aspect-loader/aspect-definition" />
</testsuite>
<testsuite package="org.eslint" time="0" tests="1" errors="0" name="/Users/guysaar/dev/bit-runtimes/extensions/aspect-loader/aspect-loader.aspect.ts">
<testcase time="0" name="/Users/guysaar/dev/bit-runtimes/extensions/aspect-loader/aspect-loader.aspect.ts" classname="/Users/guysaar/dev/bit-runtimes/extensions/aspect-loader/aspect-loader.aspect" />
</testsuite>
<testsuite package="org.eslint" time="0" tests="1" errors="0" name="/Users/guysaar/dev/bit-runtimes/extensions/aspect-loader/aspect-loader.main.runtime.ts">
<testcase time="0" name="/Users/guysaar/dev/bit-runtimes/extensions/aspect-loader/aspect-loader.main.runtime.ts" classname="/Users/guysaar/dev/bit-runtimes/extensions/aspect-loader/aspect-loader.main.runtime" />
</testsuite>
<testsuite package="org.eslint" time="0" tests="1" errors="0" name="/Users/guysaar/dev/bit-runtimes/extensions/aspect-loader/constants.ts">
<testcase time="0" name="/Users/guysaar/dev/bit-runtimes/extensions/aspect-loader/constants.ts" classname="/Users/guysaar/dev/bit-runtimes/extensions/aspect-loader/constants" />
</testsuite>
<testsuite package="org.eslint" time="0" tests="1" errors="0" name="/Users/guysaar/dev/bit-runtimes/extensions/aspect-loader/core-aspects.ts">
<testcase time="0" name="/Users/guysaar/dev/bit-runtimes/extensions/aspect-loader/core-aspects.ts" classname="/Users/guysaar/dev/bit-runtimes/extensions/aspect-loader/core-aspects" />
</testsuite>
<testsuite package="org.eslint" time="0" tests="1" errors="0" name="/Users/guysaar/dev/bit-runtimes/extensions/aspect-loader/exceptions/cannot-load-extension.ts">
<testcase time="0" name="/Users/guysaar/dev/bit-runtimes/extensions/aspect-loader/exceptions/cannot-load-extension.ts" classname="/Users/guysaar/dev/bit-runtimes/extensions/aspect-loader/exceptions/cannot-load-extension" />
</testsuite>
<testsuite package="org.eslint" time="0" tests="1" errors="0" name="/Users/guysaar/dev/bit-runtimes/extensions/aspect-loader/exceptions/index.ts">
<testcase time="0" name="/Users/guysaar/dev/bit-runtimes/extensions/aspect-loader/exceptions/index.ts" classname="/Users/guysaar/dev/bit-runtimes/extensions/aspect-loader/exceptions/index" />
</testsuite>
<testsuite package="org.eslint" time="0" tests="1" errors="0" name="/Users/guysaar/dev/bit-runtimes/extensions/aspect-loader/index.ts">
<testcase time="0" name="/Users/guysaar/dev/bit-runtimes/extensions/aspect-loader/index.ts" classname="/Users/guysaar/dev/bit-runtimes/extensions/aspect-loader/index" />
</testsuite>
<testsuite package="org.eslint" time="0" tests="1" errors="0" name="/Users/guysaar/dev/bit-runtimes/extensions/bit/app.ts">
<testcase time="0" name="/Users/guysaar/dev/bit-runtimes/extensions/bit/app.ts" classname="/Users/guysaar/dev/bit-runtimes/extensions/bit/app" />
</testsuite>
<testsuite package="org.eslint" time="0" tests="1" errors="0" name="/Users/guysaar/dev/bit-runtimes/extensions/bit/bit.aspect.ts">
<testcase time="0" name="/Users/guysaar/dev/bit-runtimes/extensions/bit/bit.aspect.ts" classname="/Users/guysaar/dev/bit-runtimes/extensions/bit/bit.aspect" />
</testsuite>
<testsuite package="org.eslint" time="0" tests="1" errors="0" name="/Users/guysaar/dev/bit-runtimes/extensions/bit/bit.docs.tsx">
<testcase time="0" name="/Users/guysaar/dev/bit-runtimes/extensions/bit/bit.docs.tsx" classname="/Users/guysaar/dev/bit-runtimes/extensions/bit/bit.docs" />
</testsuite>
<testsuite package="org.eslint" time="0" tests="1" errors="0" name="/Users/guysaar/dev/bit-runtimes/extensions/bit/bit.main.runtime.ts">
<testcase time="0" name="/Users/guysaar/dev/bit-runtimes/extensions/bit/bit.main.runtime.ts" classname="/Users/guysaar/dev/bit-runtimes/extensions/bit/bit.main.runtime" />
</testsuite>
<testsuite package="org.eslint" time="0" tests="1" errors="0" name="/Users/guysaar/dev/bit-runtimes/extensions/bit/bit.provider.ts">
<testcase time="0" name="/Users/guysaar/dev/bit-runtimes/extensions/bit/bit.provider.ts" classname="/Users/guysaar/dev/bit-runtimes/extensions/bit/bit.provider" />
</testsuite>
<testsuite package="org.eslint" time="0" tests="1" errors="0" name="/Users/guysaar/dev/bit-runtimes/extensions/bit/hook-require.ts">
<testcase time="0" name="/Users/guysaar/dev/bit-runtimes/extensions/bit/hook-require.ts" classname="/Users/guysaar/dev/bit-runtimes/extensions/bit/hook-require" />
</testsuite>
<testsuite package="org.eslint" time="0" tests="1" errors="0" name="/Users/guysaar/dev/bit-runtimes/extensions/bit/hooks/hook.ts">
<testcase time="0" name="/Users/guysaar/dev/bit-runtimes/extensions/bit/hooks/hook.ts" classname="/Users/guysaar/dev/bit-runtimes/extensions/bit/hooks/hook" />
</testsuite>
<testsuite package="org.eslint" time="0" tests="1" errors="0" name="/Users/guysaar/dev/bit-runtimes/extensions/bit/hooks/index.ts">
<testcase time="0" name="/Users/guysaar/dev/bit-runtimes/extensions/bit/hooks/index.ts" classname="/Users/guysaar/dev/bit-runtimes/extensions/bit/hooks/index" />
</testsuite>
<testsuite package="org.eslint" time="0" tests="1" errors="0" name="/Users/guysaar/dev/bit-runtimes/extensions/bit/index.ts">
<testcase time="0" name="/Users/guysaar/dev/bit-runtimes/extensions/bit/index.ts" classname="/Users/guysaar/dev/bit-runtimes/extensions/bit/index" />
</testsuite>
<testsuite package="org.eslint" time="0" tests="1" errors="0" name="/Users/guysaar/dev/bit-runtimes/extensions/bit/manifests.ts">
<testcase time="0" name="/Users/guysaar/dev/bit-runtimes/extensions/bit/manifests.ts" classname="/Users/guysaar/dev/bit-runtimes/extensions/bit/manifests" />
</testsuite>
<testsuite package="org.eslint" time="0" tests="1" errors="0" name="/Users/guysaar/dev/bit-runtimes/extensions/builder/artifact.ts">
<testcase time="0" name="/Users/guysaar/dev/bit-runtimes/extensions/builder/artifact.ts" classname="/Users/guysaar/dev/bit-runtimes/extensions/builder/artifact" />
</testsuite>
<testsuite package="org.eslint" time="0" tests="1" errors="0" name="/Users/guysaar/dev/bit-runtimes/extensions/builder/build-pipe.ts">
<testcase time="0" name="/Users/guysaar/dev/bit-runtimes/extensions/builder/build-pipe.ts" classname="/Users/guysaar/dev/bit-runtimes/extensions/builder/build-pipe" />
</testsuite>
<testsuite package="org.eslint" time="0" tests="1" errors="0" name="/Users/guysaar/dev/bit-runtimes/extensions/builder/build.cmd.ts">
<testcase time="0" name="/Users/guysaar/dev/bit-runtimes/extensions/builder/build.cmd.ts" classname="/Users/guysaar/dev/bit-runtimes/extensions/builder/build.cmd" />
</testsuite>
<testsuite package="org.eslint" time="0" tests="1" errors="0" name="/Users/guysaar/dev/bit-runtimes/extensions/builder/builder.aspect.ts">
<testcase time="0" name="/Users/guysaar/dev/bit-runtimes/extensions/builder/builder.aspect.ts" classname="/Users/guysaar/dev/bit-runtimes/extensions/builder/builder.aspect" />
</testsuite>
<testsuite package="org.eslint" time="0" tests="1" errors="0" name="/Users/guysaar/dev/bit-runtimes/extensions/builder/builder.graphql.ts">
<testcase time="0" name="/Users/guysaar/dev/bit-runtimes/extensions/builder/builder.graphql.ts" classname="/Users/guysaar/dev/bit-runtimes/extensions/builder/builder.graphql" />
</testsuite>
<testsuite package="org.eslint" time="0" tests="1" errors="0" name="/Users/guysaar/dev/bit-runtimes/extensions/builder/builder.main.runtime.ts">
<testcase time="0" name="/Users/guysaar/dev/bit-runtimes/extensions/builder/builder.main.runtime.ts" classname="/Users/guysaar/dev/bit-runtimes/extensions/builder/builder.main.runtime" />
</testsuite>
<testsuite package="org.eslint" time="0" tests="1" errors="0" name="/Users/guysaar/dev/bit-runtimes/extensions/builder/builder.service.ts">
<testcase time="0" name="/Users/guysaar/dev/bit-runtimes/extensions/builder/builder.service.ts" classname="/Users/guysaar/dev/bit-runtimes/extensions/builder/builder.service" />
</testsuite>
[...]
</testsuite>
<testsuite package="org.eslint" time="0" tests="1" errors="0" name="/Users/guysaar/dev/bit-runtimes/src/utils/map/to-object.ts">
<testcase time="0" name="/Users/guysaar/dev/bit-runtimes/src/utils/map/to-object.ts" classname="/Users/guysaar/dev/bit-runtimes/src/utils/map/to-object" />
</testsuite>
<testsuite package="org.eslint" time="0" tests="1" errors="0" name="/Users/guysaar/dev/bit-runtimes/src/utils/map-object.ts">
<testcase time="0" name="/Users/guysaar/dev/bit-runtimes/src/utils/map-object.ts" classname="/Users/guysaar/dev/bit-runtimes/src/utils/map-object" />
</testsuite>
<testsuite package="org.eslint" time="0" tests="1" errors="0" name="/Users/guysaar/dev/bit-runtimes/src/utils/merge-files.ts">
<testcase time="0" name="/Users/guysaar/dev/bit-runtimes/src/utils/merge-files.ts" classname="/Users/guysaar/dev/bit-runtimes/src/utils/merge-files" />
</testsuite>
<testsuite package="org.eslint" time="0" tests="1" errors="0" name="/Users/guysaar/dev/bit-runtimes/src/utils/number/is-number.ts">
<testcase time="0" name="/Users/guysaar/dev/bit-runtimes/src/utils/number/is-number.ts" classname="/Users/guysaar/dev/bit-runtimes/src/utils/number/is-number" />
</testsuite>
<testsuite package="org.eslint" time="0" tests="1" errors="0" name="/Users/guysaar/dev/bit-runtimes/src/utils/number/is-numeric.ts">
<testcase time="0" name="/Users/guysaar/dev/bit-runtimes/src/utils/number/is-numeric.ts" classname="/Users/guysaar/dev/bit-runtimes/src/utils/number/is-numeric" />
</testsuite>
<testsuite package="org.eslint" time="0" tests="1" errors="0" name="/Users/guysaar/dev/bit-runtimes/src/utils/object/empty.ts">
<testcase time="0" name="/Users/guysaar/dev/bit-runtimes/src/utils/object/empty.ts" classname="/Users/guysaar/dev/bit-runtimes/src/utils/object/empty" />
</testsuite>
<testsuite package="org.eslint" time="0" tests="1" errors="0" name="/Users/guysaar/dev/bit-runtimes/src/utils/object/filter.ts">
<testcase time="0" name="/Users/guysaar/dev/bit-runtimes/src/utils/object/filter.ts" classname="/Users/guysaar/dev/bit-runtimes/src/utils/object/filter" />
</testsuite>
<testsuite package="org.eslint" time="0" tests="1" errors="0" name="/Users/guysaar/dev/bit-runtimes/src/utils/object/foreach.ts">
<testcase time="0" name="/Users/guysaar/dev/bit-runtimes/src/utils/object/foreach.ts" classname="/Users/guysaar/dev/bit-runtimes/src/utils/object/foreach" />
</testsuite>
<testsuite package="org.eslint" time="0" tests="1" errors="0" name="/Users/guysaar/dev/bit-runtimes/src/utils/object/has-own-property.ts">
<testcase time="0" name="/Users/guysaar/dev/bit-runtimes/src/utils/object/has-own-property.ts" classname="/Users/guysaar/dev/bit-runtimes/src/utils/object/has-own-property" />
</testsuite>
<testsuite package="org.eslint" time="0" tests="1" errors="0" name="/Users/guysaar/dev/bit-runtimes/src/utils/object/sort.ts">
<testcase time="0" name="/Users/guysaar/dev/bit-runtimes/src/utils/object/sort.ts" classname="/Users/guysaar/dev/bit-runtimes/src/utils/object/sort" />
</testsuite>
<testsuite package="org.eslint" time="0" tests="1" errors="0" name="/Users/guysaar/dev/bit-runtimes/src/utils/object-clean.ts">
<testcase time="0" name="/Users/guysaar/dev/bit-runtimes/src/utils/object-clean.ts" classname="/Users/guysaar/dev/bit-runtimes/src/utils/object-clean" />
</testsuite>
<testsuite package="org.eslint" time="0" tests="1" errors="0" name="/Users/guysaar/dev/bit-runtimes/src/utils/object-to-stringified-tuple-array.ts">
<testcase time="0" name="/Users/guysaar/dev/bit-runtimes/src/utils/object-to-stringified-tuple-array.ts" classname="/Users/guysaar/dev/bit-runtimes/src/utils/object-to-stringified-tuple-array" />
</testsuite>
<testsuite package="org.eslint" time="0" tests="1" errors="0" name="/Users/guysaar/dev/bit-runtimes/src/utils/os-resolve-group-id.ts">
<testcase time="0" name="/Users/guysaar/dev/bit-runtimes/src/utils/os-resolve-group-id.ts" classname="/Users/guysaar/dev/bit-runtimes/src/utils/os-resolve-group-id" />
</testsuite>
<testsuite package="org.eslint" time="0" tests="1" errors="0" name="/Users/guysaar/dev/bit-runtimes/src/utils/os-resolve-home-path.ts">
<testcase time="0" name="/Users/guysaar/dev/bit-runtimes/src/utils/os-resolve-home-path.ts" classname="/Users/guysaar/dev/bit-runtimes/src/utils/os-resolve-home-path" />
</testsuite>
<testsuite package="org.eslint" time="0" tests="1" errors="0" name="/Users/guysaar/dev/bit-runtimes/src/utils/pack-command.ts">
<testcase time="0" name="/Users/guysaar/dev/bit-runtimes/src/utils/pack-command.ts" classname="/Users/guysaar/dev/bit-runtimes/src/utils/pack-command" />
</testsuite>
<testsuite package="org.eslint" time="0" tests="1" errors="0" name="/Users/guysaar/dev/bit-runtimes/src/utils/packages/index.ts">
<testcase time="0" name="/Users/guysaar/dev/bit-runtimes/src/utils/packages/index.ts" classname="/Users/guysaar/dev/bit-runtimes/src/utils/packages/index" />
</testsuite>
<testsuite package="org.eslint" time="0" tests="1" errors="0" name="/Users/guysaar/dev/bit-runtimes/src/utils/packages/resolve-pkg-data.ts">
<testcase time="0" name="/Users/guysaar/dev/bit-runtimes/src/utils/packages/resolve-pkg-data.ts" classname="/Users/guysaar/dev/bit-runtimes/src/utils/packages/resolve-pkg-data" />
</testsuite>
<testsuite package="org.eslint" time="0" tests="1" errors="0" name="/Users/guysaar/dev/bit-runtimes/src/utils/packages/resolve-pkg-name-by-path.ts">
<testcase time="0" name="/Users/guysaar/dev/bit-runtimes/src/utils/packages/resolve-pkg-name-by-path.ts" classname="/Users/guysaar/dev/bit-runtimes/src/utils/packages/resolve-pkg-name-by-path" />
</testsuite>
<testsuite package="org.eslint" time="0" tests="1" errors="0" name="/Users/guysaar/dev/bit-runtimes/src/utils/packages/resolve-pkg-path.ts">
<testcase time="0" name="/Users/guysaar/dev/bit-runtimes/src/utils/packages/resolve-pkg-path.ts" classname="/Users/guysaar/dev/bit-runtimes/src/utils/packages/resolve-pkg-path" />
</testsuite>
<testsuite package="org.eslint" time="0" tests="1" errors="0" name="/Users/guysaar/dev/bit-runtimes/src/utils/path-is-inside.ts">
<testcase time="0" name="/Users/guysaar/dev/bit-runtimes/src/utils/path-is-inside.ts" classname="/Users/guysaar/dev/bit-runtimes/src/utils/path-is-inside" />
</testsuite>
<testsuite package="org.eslint" time="0" tests="1" errors="0" name="/Users/guysaar/dev/bit-runtimes/src/utils/path.ts">
<testcase time="0" name="/Users/guysaar/dev/bit-runtimes/src/utils/path.ts" classname="/Users/guysaar/dev/bit-runtimes/src/utils/path" />
</testsuite>
<testsuite package="org.eslint" time="0" tests="1" errors="0" name="/Users/guysaar/dev/bit-runtimes/src/utils/prepend-bang.ts">
<testcase time="0" name="/Users/guysaar/dev/bit-runtimes/src/utils/prepend-bang.ts" classname="/Users/guysaar/dev/bit-runtimes/src/utils/prepend-bang" />
</testsuite>
<testsuite package="org.eslint" time="0" tests="1" errors="0" name="/Users/guysaar/dev/bit-runtimes/src/utils/pretty-json-chalk/index.ts">
<testcase time="0" name="/Users/guysaar/dev/bit-runtimes/src/utils/pretty-json-chalk/index.ts" classname="/Users/guysaar/dev/bit-runtimes/src/utils/pretty-json-chalk/index" />
</testsuite>
<testsuite package="org.eslint" time="0" tests="1" errors="0" name="/Users/guysaar/dev/bit-runtimes/src/utils/pretty-json-chalk/prettyjson.ts">
<testcase time="0" name="/Users/guysaar/dev/bit-runtimes/src/utils/pretty-json-chalk/prettyjson.ts" classname="/Users/guysaar/dev/bit-runtimes/src/utils/pretty-json-chalk/prettyjson" />
</testsuite>
<testsuite package="org.eslint" time="0" tests="1" errors="0" name="/Users/guysaar/dev/bit-runtimes/src/utils/pretty-json-chalk/utils.ts">
<testcase time="0" name="/Users/guysaar/dev/bit-runtimes/src/utils/pretty-json-chalk/utils.ts" classname="/Users/guysaar/dev/bit-runtimes/src/utils/pretty-json-chalk/utils" />
</testsuite>
<testsuite package="org.eslint" time="0" tests="1" errors="0" name="/Users/guysaar/dev/bit-runtimes/src/utils/promise-to-result-object.ts">
<testcase time="0" name="/Users/guysaar/dev/bit-runtimes/src/utils/promise-to-result-object.ts" classname="/Users/guysaar/dev/bit-runtimes/src/utils/promise-to-result-object" />
</testsuite>
<testsuite package="org.eslint" time="0" tests="1" errors="0" name="/Users/guysaar/dev/bit-runtimes/src/utils/queue.ts">
<testcase time="0" name="/Users/guysaar/dev/bit-runtimes/src/utils/queue.ts" classname="/Users/guysaar/dev/bit-runtimes/src/utils/queue" />
</testsuite>
<testsuite package="org.eslint" time="0" tests="1" errors="0" name="/Users/guysaar/dev/bit-runtimes/src/utils/remove-from-require-cache.ts">
<testcase time="0" name="/Users/guysaar/dev/bit-runtimes/src/utils/remove-from-require-cache.ts" classname="/Users/guysaar/dev/bit-runtimes/src/utils/remove-from-require-cache" />
</testsuite>
<testsuite package="org.eslint" time="0" tests="1" errors="0" name="/Users/guysaar/dev/bit-runtimes/src/utils/resolveLatestVersion.spec.ts">
<testcase time="0" name="/Users/guysaar/dev/bit-runtimes/src/utils/resolveLatestVersion.spec.ts" classname="/Users/guysaar/dev/bit-runtimes/src/utils/resolveLatestVersion.spec" />
</testsuite>
<testsuite package="org.eslint" time="0" tests="1" errors="0" name="/Users/guysaar/dev/bit-runtimes/src/utils/resolveLatestVersion.ts">
<testcase time="0" name="/Users/guysaar/dev/bit-runtimes/src/utils/resolveLatestVersion.ts" classname="/Users/guysaar/dev/bit-runtimes/src/utils/resolveLatestVersion" />
</testsuite>
<testsuite package="org.eslint" time="0" tests="1" errors="0" name="/Users/guysaar/dev/bit-runtimes/src/utils/semver-helper.spec.ts">
<testcase time="0" name="/Users/guysaar/dev/bit-runtimes/src/utils/semver-helper.spec.ts" classname="/Users/guysaar/dev/bit-runtimes/src/utils/semver-helper.spec" />
</testsuite>
<testsuite package="org.eslint" time="0" tests="1" errors="0" name="/Users/guysaar/dev/bit-runtimes/src/utils/semver-helper.ts">
<testcase time="0" name="/Users/guysaar/dev/bit-runtimes/src/utils/semver-helper.ts" classname="/Users/guysaar/dev/bit-runtimes/src/utils/semver-helper" />
</testsuite>
<testsuite package="org.eslint" time="0" tests="1" errors="0" name="/Users/guysaar/dev/bit-runtimes/src/utils/ssh/client-support-compressed-command.ts">
<testcase time="0" name="/Users/guysaar/dev/bit-runtimes/src/utils/ssh/client-support-compressed-command.ts" classname="/Users/guysaar/dev/bit-runtimes/src/utils/ssh/client-support-compressed-command" />
</testsuite>
<testsuite package="org.eslint" time="0" tests="1" errors="0" name="/Users/guysaar/dev/bit-runtimes/src/utils/ssh/identity-file.ts">
<testcase time="0" name="/Users/guysaar/dev/bit-runtimes/src/utils/ssh/identity-file.ts" classname="/Users/guysaar/dev/bit-runtimes/src/utils/ssh/identity-file" />
</testsuite>
<testsuite package="org.eslint" time="0" tests="1" errors="0" name="/Users/guysaar/dev/bit-runtimes/src/utils/ssh/parse-url.ts">
<testcase time="0" name="/Users/guysaar/dev/bit-runtimes/src/utils/ssh/parse-url.ts" classname="/Users/guysaar/dev/bit-runtimes/src/utils/ssh/parse-url" />
</testsuite>
<testsuite package="org.eslint" time="0" tests="1" errors="0" name="/Users/guysaar/dev/bit-runtimes/src/utils/string/camel-case.ts">
<testcase time="0" name="/Users/guysaar/dev/bit-runtimes/src/utils/string/camel-case.ts" classname="/Users/guysaar/dev/bit-runtimes/src/utils/string/camel-case" />
</testsuite>
<testsuite package="org.eslint" time="0" tests="1" errors="0" name="/Users/guysaar/dev/bit-runtimes/src/utils/string/clean-bang.ts">
<testcase time="0" name="/Users/guysaar/dev/bit-runtimes/src/utils/string/clean-bang.ts" classname="/Users/guysaar/dev/bit-runtimes/src/utils/string/clean-bang" />
</testsuite>
<testsuite package="org.eslint" time="0" tests="1" errors="0" name="/Users/guysaar/dev/bit-runtimes/src/utils/string/clean-char.ts">
<testcase time="0" name="/Users/guysaar/dev/bit-runtimes/src/utils/string/clean-char.ts" classname="/Users/guysaar/dev/bit-runtimes/src/utils/string/clean-char" />
</testsuite>
<testsuite package="org.eslint" time="0" tests="1" errors="0" name="/Users/guysaar/dev/bit-runtimes/src/utils/string/from-base64.ts">
<testcase time="0" name="/Users/guysaar/dev/bit-runtimes/src/utils/string/from-base64.ts" classname="/Users/guysaar/dev/bit-runtimes/src/utils/string/from-base64" />
</testsuite>
<testsuite package="org.eslint" time="0" tests="1" errors="0" name="/Users/guysaar/dev/bit-runtimes/src/utils/string/generate-random.ts">
<testcase time="0" name="/Users/guysaar/dev/bit-runtimes/src/utils/string/generate-random.ts" classname="/Users/guysaar/dev/bit-runtimes/src/utils/string/generate-random" />
</testsuite>
<testsuite package="org.eslint" time="0" tests="1" errors="0" name="/Users/guysaar/dev/bit-runtimes/src/utils/string/get-stringify-args.ts">
<testcase time="0" name="/Users/guysaar/dev/bit-runtimes/src/utils/string/get-stringify-args.ts" classname="/Users/guysaar/dev/bit-runtimes/src/utils/string/get-stringify-args" />
</testsuite>
<testsuite package="org.eslint" time="0" tests="1" errors="0" name="/Users/guysaar/dev/bit-runtimes/src/utils/string/has-wildcard.spec.ts">
<testcase time="0" name="/Users/guysaar/dev/bit-runtimes/src/utils/string/has-wildcard.spec.ts" classname="/Users/guysaar/dev/bit-runtimes/src/utils/string/has-wildcard.spec" />
</testsuite>
<testsuite package="org.eslint" time="0" tests="1" errors="0" name="/Users/guysaar/dev/bit-runtimes/src/utils/string/has-wildcard.ts">
<testcase time="0" name="/Users/guysaar/dev/bit-runtimes/src/utils/string/has-wildcard.ts" classname="/Users/guysaar/dev/bit-runtimes/src/utils/string/has-wildcard" />
</testsuite>
<testsuite package="org.eslint" time="0" tests="1" errors="0" name="/Users/guysaar/dev/bit-runtimes/src/utils/string/is-string.ts">
<testcase time="0" name="/Users/guysaar/dev/bit-runtimes/src/utils/string/is-string.ts" classname="/Users/guysaar/dev/bit-runtimes/src/utils/string/is-string" />
</testsuite>
<testsuite package="org.eslint" time="0" tests="1" errors="0" name="/Users/guysaar/dev/bit-runtimes/src/utils/string/remove-chalk-characters.ts">
<testcase time="0" name="/Users/guysaar/dev/bit-runtimes/src/utils/string/remove-chalk-characters.ts" classname="/Users/guysaar/dev/bit-runtimes/src/utils/string/remove-chalk-characters" />
</testsuite>
<testsuite package="org.eslint" time="0" tests="1" errors="0" name="/Users/guysaar/dev/bit-runtimes/src/utils/string/replace-package-name.spec.ts">
<testcase time="0" name="/Users/guysaar/dev/bit-runtimes/src/utils/string/replace-package-name.spec.ts" classname="/Users/guysaar/dev/bit-runtimes/src/utils/string/replace-package-name.spec" />
</testsuite>
<testsuite package="org.eslint" time="0" tests="1" errors="0" name="/Users/guysaar/dev/bit-runtimes/src/utils/string/replace-package-name.ts">
<testcase time="0" name="/Users/guysaar/dev/bit-runtimes/src/utils/string/replace-package-name.ts" classname="/Users/guysaar/dev/bit-runtimes/src/utils/string/replace-package-name" />
</testsuite>
<testsuite package="org.eslint" time="0" tests="1" errors="0" name="/Users/guysaar/dev/bit-runtimes/src/utils/string/strip-trailing-char.ts">
<testcase time="0" name="/Users/guysaar/dev/bit-runtimes/src/utils/string/strip-trailing-char.ts" classname="/Users/guysaar/dev/bit-runtimes/src/utils/string/strip-trailing-char" />
</testsuite>
<testsuite package="org.eslint" time="0" tests="1" errors="0" name="/Users/guysaar/dev/bit-runtimes/src/utils/string/to-base64-array-buffer.ts">
<testcase time="0" name="/Users/guysaar/dev/bit-runtimes/src/utils/string/to-base64-array-buffer.ts" classname="/Users/guysaar/dev/bit-runtimes/src/utils/string/to-base64-array-buffer" />
</testsuite>
<testsuite package="org.eslint" time="0" tests="1" errors="0" name="/Users/guysaar/dev/bit-runtimes/src/utils/string/to-base64.ts">
<testcase time="0" name="/Users/guysaar/dev/bit-runtimes/src/utils/string/to-base64.ts" classname="/Users/guysaar/dev/bit-runtimes/src/utils/string/to-base64" />
</testsuite>
<testsuite package="org.eslint" time="0" tests="1" errors="0" name="/Users/guysaar/dev/bit-runtimes/src/utils/to-boolean.ts">
<testcase time="0" name="/Users/guysaar/dev/bit-runtimes/src/utils/to-boolean.ts" classname="/Users/guysaar/dev/bit-runtimes/src/utils/to-boolean" />
</testsuite>
<testsuite package="org.eslint" time="0" tests="1" errors="0" name="/Users/guysaar/dev/bit-runtimes/src/utils/unpack-command.ts">
<testcase time="0" name="/Users/guysaar/dev/bit-runtimes/src/utils/unpack-command.ts" classname="/Users/guysaar/dev/bit-runtimes/src/utils/unpack-command" />
</testsuite>
<testsuite package="org.eslint" time="0" tests="1" errors="0" name="/Users/guysaar/dev/bit-runtimes/src/utils/validate-type.ts">
<testcase time="0" name="/Users/guysaar/dev/bit-runtimes/src/utils/validate-type.ts" classname="/Users/guysaar/dev/bit-runtimes/src/utils/validate-type" />
</testsuite>
<testsuite package="org.eslint" time="0" tests="1" errors="0" name="/Users/guysaar/dev/bit-runtimes/src/utils/zlib-deflate.ts">
<testcase time="0" name="/Users/guysaar/dev/bit-runtimes/src/utils/zlib-deflate.ts" classname="/Users/guysaar/dev/bit-runtimes/src/utils/zlib-deflate" />
</testsuite>
<testsuite package="org.eslint" time="0" tests="1" errors="0" name="/Users/guysaar/dev/bit-runtimes/src/utils/zlib-inflate.ts">
<testcase time="0" name="/Users/guysaar/dev/bit-runtimes/src/utils/zlib-inflate.ts" classname="/Users/guysaar/dev/bit-runtimes/src/utils/zlib-inflate" />
</testsuite>
<testsuite package="org.eslint" time="0" tests="1" errors="0" name="/Users/guysaar/dev/bit-runtimes/src/version/exceptions/index.ts">
<testcase time="0" name="/Users/guysaar/dev/bit-runtimes/src/version/exceptions/index.ts" classname="/Users/guysaar/dev/bit-runtimes/src/version/exceptions/index" />
</testsuite>
<testsuite package="org.eslint" time="0" tests="1" errors="0" name="/Users/guysaar/dev/bit-runtimes/src/version/exceptions/invalid-version-change.ts">
<testcase time="0" name="/Users/guysaar/dev/bit-runtimes/src/version/exceptions/invalid-version-change.ts" classname="/Users/guysaar/dev/bit-runtimes/src/version/exceptions/invalid-version-change" />
</testsuite>
<testsuite package="org.eslint" time="0" tests="1" errors="0" name="/Users/guysaar/dev/bit-runtimes/src/version/exceptions/invalid-version.ts">
<testcase time="0" name="/Users/guysaar/dev/bit-runtimes/src/version/exceptions/invalid-version.ts" classname="/Users/guysaar/dev/bit-runtimes/src/version/exceptions/invalid-version" />
</testsuite>
<testsuite package="org.eslint" time="0" tests="1" errors="0" name="/Users/guysaar/dev/bit-runtimes/src/version/index.ts">
<testcase time="0" name="/Users/guysaar/dev/bit-runtimes/src/version/index.ts" classname="/Users/guysaar/dev/bit-runtimes/src/version/index" />
</testsuite>
<testsuite package="org.eslint" time="0" tests="1" errors="0" name="/Users/guysaar/dev/bit-runtimes/src/version/version-parser.spec.ts">
<testcase time="0" name="/Users/guysaar/dev/bit-runtimes/src/version/version-parser.spec.ts" classname="/Users/guysaar/dev/bit-runtimes/src/version/version-parser.spec" />
</testsuite>
<testsuite package="org.eslint" time="0" tests="1" errors="0" name="/Users/guysaar/dev/bit-runtimes/src/version/version-parser.ts">
<testcase time="0" name="/Users/guysaar/dev/bit-runtimes/src/version/version-parser.ts" classname="/Users/guysaar/dev/bit-runtimes/src/version/version-parser" />
</testsuite>
<testsuite package="org.eslint" time="0" tests="1" errors="0" name="/Users/guysaar/dev/bit-runtimes/src/version/version.spec.ts">
<testcase time="0" name="/Users/guysaar/dev/bit-runtimes/src/version/version.spec.ts" classname="/Users/guysaar/dev/bit-runtimes/src/version/version.spec" />
</testsuite>
<testsuite package="org.eslint" time="0" tests="1" errors="0" name="/Users/guysaar/dev/bit-runtimes/src/version/version.ts">
<testcase time="0" name="/Users/guysaar/dev/bit-runtimes/src/version/version.ts" classname="/Users/guysaar/dev/bit-runtimes/src/version/version" />
</testsuite>
</testsuites>
